#
# There is insufficient memory for the Java Runtime Environment to continue.
# Native memory allocation (malloc) failed to allocate 1382256 bytes. Error detail: Chunk::new
# Possible reasons:
#   The system is out of physical RAM or swap space
#   This process is running with CompressedOops enabled, and the Java Heap may be blocking the growth of the native heap
# Possible solutions:
#   Reduce memory load on the system
#   Increase physical memory or swap space
#   Check if swap backing store is full
#   Decrease Java heap size (-Xmx/-Xms)
#   Decrease number of Java threads
#   Decrease Java thread stack sizes (-Xss)
#   Set larger code cache with -XX:ReservedCodeCacheSize=
#   JVM is running with Unscaled Compressed Oops mode in which the Java heap is
#     placed in the first 4GB address space. The Java Heap base address is the
#     maximum limit for the native heap growth. Please use -XX:HeapBaseMinAddress
#     to set the Java Heap base and to place the Java Heap above 4GB virtual address.
# This output file may be truncated or incomplete.
#
#  Out of Memory Error (arena.cpp:149), pid=8196, tid=18796
#
# JRE version: Java(TM) SE Runtime Environment (23.0+37) (build 23+37-2369)
# Java VM: Java HotSpot(TM) 64-Bit Server VM (23+37-2369, mixed mode, sharing, tiered, compressed oops, compressed class ptrs, g1 gc, windows-amd64)
# No core dump will be written. Minidumps are not enabled by default on client versions of Windows
#

---------------  S U M M A R Y ------------

Command Line: --add-opens=java.base/java.lang=ALL-UNNAMED --add-opens=java.base/java.lang.invoke=ALL-UNNAMED --add-opens=java.base/java.util=ALL-UNNAMED --add-opens=java.prefs/java.util.prefs=ALL-UNNAMED --add-exports=jdk.compiler/com.sun.tools.javac.api=ALL-UNNAMED --add-exports=jdk.compiler/com.sun.tools.javac.util=ALL-UNNAMED --add-opens=java.base/java.util=ALL-UNNAMED --add-opens=java.prefs/java.util.prefs=ALL-UNNAMED --add-opens=java.base/java.nio.charset=ALL-UNNAMED --add-opens=java.base/java.net=ALL-UNNAMED --add-opens=java.base/java.util.concurrent.atomic=ALL-UNNAMED --add-opens=java.xml/javax.xml.namespace=ALL-UNNAMED -XX:MaxMetaspaceSize=512m -Xmx2048m -Dfile.encoding=UTF-8 -Duser.country=BR -Duser.language=pt -Duser.variant -javaagent:C:\Users\rogin\.gradle\wrapper\dists\gradle-8.13-bin\5xuhj0ry160q40clulazy9h7d\gradle-8.13\lib\agents\gradle-instrumentation-agent-8.13.jar org.gradle.launcher.daemon.bootstrap.GradleDaemon 8.13

Host: Intel(R) Core(TM) i7-7500U CPU @ 2.70GHz, 4 cores, 7G,  Windows 11 , 64 bit Build 22621 (10.0.22621.5262)
Time: Mon Jun  2 16:24:03 2025 Hora oficial do Brasil elapsed time: 604.809529 seconds (0d 0h 10m 4s)

---------------  T H R E A D  ---------------

Current thread (0x000001576df0ca70):  JavaThread "C2 CompilerThread0" daemon [_thread_in_native, id=18796, stack(0x000000432d500000,0x000000432d600000) (1024K)]


Current CompileTask:
C2:604809 11717       4       org.gradle.internal.reflect.ClassInspector::inspectClass (179 bytes)

Stack: [0x000000432d500000,0x000000432d600000]
Native frames: (J=compiled Java code, j=interpreted, Vv=VM code, C=native code)
V  [jvm.dll+0x6e08a9]  (no source info available)
V  [jvm.dll+0x87da63]  (no source info available)
V  [jvm.dll+0x87feee]  (no source info available)
V  [jvm.dll+0x8805c3]  (no source info available)
V  [jvm.dll+0x27aee6]  (no source info available)
V  [jvm.dll+0xbc06f]  (no source info available)
V  [jvm.dll+0xbc2cb]  (no source info available)
V  [jvm.dll+0x3b3a62]  (no source info available)
V  [jvm.dll+0x38a42b]  (no source info available)
V  [jvm.dll+0x38989a]  (no source info available)
V  [jvm.dll+0x244aa1]  (no source info available)
V  [jvm.dll+0x243dff]  (no source info available)
V  [jvm.dll+0x1c33a0]  (no source info available)
V  [jvm.dll+0x253cf1]  (no source info available)
V  [jvm.dll+0x251faa]  (no source info available)
V  [jvm.dll+0x3ee036]  (no source info available)
V  [jvm.dll+0x824f1b]  (no source info available)
V  [jvm.dll+0x6df055]  (no source info available)
C  [ucrtbase.dll+0x29333]  (no source info available)
C  [KERNEL32.DLL+0x1259d]  (no source info available)
C  [ntdll.dll+0x5af58]  (no source info available)

Lock stack of current Java thread (top to bottom):


---------------  P R O C E S S  ---------------

Threads class SMR info:
_java_thread_list=0x0000015721b95b80, length=72, elements={
0x00000157519b6570, 0x000001576df03350, 0x000001576df04f50, 0x000001576df06ca0,
0x000001576df0a820, 0x000001576df0b280, 0x000001576df0bce0, 0x000001576df0ca70,
0x000001576df6caf0, 0x000001571f0b0ec0, 0x000001571f24b1f0, 0x000001571fab1f70,
0x0000015720566430, 0x0000015720bc5ed0, 0x000001571fce5390, 0x000001571fce5a00,
0x000001571fce63c0, 0x000001571fce7630, 0x0000015720b6bf80, 0x0000015720b6c610,
0x0000015720b6d9c0, 0x0000015720b6cca0, 0x0000015720b6d330, 0x0000015720b6e050,
0x0000015720b6abd0, 0x0000015720b6b8f0, 0x000001572339aba0, 0x000001572339b8c0,
0x000001572339c5e0, 0x000001572339d300, 0x000001572339f3d0, 0x000001572339ed40,
0x000001572339b230, 0x0000015723398ad0, 0x00000157233997f0, 0x000001572159b4f0,
0x000001572159a7d0, 0x000001572159d5c0, 0x000001572159a140, 0x00000157215a03b0,
0x00000157215a0a40, 0x000001572159cf30, 0x000001572159c210, 0x000001572159dc50,
0x000001572159e970, 0x0000015721599ab0, 0x00000157215a10d0, 0x000001572339e6b0,
0x000001572339a510, 0x00000157233a00f0, 0x0000015723399160, 0x0000015721b4c430,
0x0000015721b4b080, 0x0000015721b4de70, 0x0000015721b526a0, 0x0000015721b505d0,
0x0000015721b4ff40, 0x000001572339cc70, 0x0000015722b047b0, 0x0000015722b02d70,
0x0000015722b06880, 0x0000015722b075a0, 0x0000015722b03a90, 0x0000015722b03400,
0x0000015722b05b60, 0x0000015722b06f10, 0x0000015722b054d0, 0x0000015722b08950,
0x0000015722b019c0, 0x0000015722b08fe0, 0x0000015722b02050, 0x0000015721b4f8b0
}

Java Threads: ( => current thread )
  0x00000157519b6570 JavaThread "main"                              [_thread_blocked, id=19892, stack(0x000000432c500000,0x000000432c600000) (1024K)]
  0x000001576df03350 JavaThread "Reference Handler"          daemon [_thread_blocked, id=4260, stack(0x000000432cf00000,0x000000432d000000) (1024K)]
  0x000001576df04f50 JavaThread "Finalizer"                  daemon [_thread_blocked, id=19904, stack(0x000000432d000000,0x000000432d100000) (1024K)]
  0x000001576df06ca0 JavaThread "Signal Dispatcher"          daemon [_thread_blocked, id=6060, stack(0x000000432d100000,0x000000432d200000) (1024K)]
  0x000001576df0a820 JavaThread "Attach Listener"            daemon [_thread_blocked, id=9272, stack(0x000000432d200000,0x000000432d300000) (1024K)]
  0x000001576df0b280 JavaThread "Service Thread"             daemon [_thread_blocked, id=13080, stack(0x000000432d300000,0x000000432d400000) (1024K)]
  0x000001576df0bce0 JavaThread "Monitor Deflation Thread"   daemon [_thread_blocked, id=20372, stack(0x000000432d400000,0x000000432d500000) (1024K)]
=>0x000001576df0ca70 JavaThread "C2 CompilerThread0"         daemon [_thread_in_native, id=18796, stack(0x000000432d500000,0x000000432d600000) (1024K)]
  0x000001576df6caf0 JavaThread "C1 CompilerThread0"         daemon [_thread_blocked, id=16852, stack(0x000000432d600000,0x000000432d700000) (1024K)]
  0x000001571f0b0ec0 JavaThread "Common-Cleaner"             daemon [_thread_blocked, id=5736, stack(0x000000432d700000,0x000000432d800000) (1024K)]
  0x000001571f24b1f0 JavaThread "Notification Thread"        daemon [_thread_blocked, id=12096, stack(0x000000432d800000,0x000000432d900000) (1024K)]
  0x000001571fab1f70 JavaThread "Daemon health stats"               [_thread_blocked, id=2852, stack(0x000000432dc00000,0x000000432dd00000) (1024K)]
  0x0000015720566430 JavaThread "Incoming local TCP Connector on port 61020"        [_thread_in_native, id=15284, stack(0x000000432c400000,0x000000432c500000) (1024K)]
  0x0000015720bc5ed0 JavaThread "Daemon periodic checks"            [_thread_blocked, id=19420, stack(0x000000432c600000,0x000000432c700000) (1024K)]
  0x000001571fce5390 JavaThread "Daemon"                            [_thread_blocked, id=12216, stack(0x000000432de00000,0x000000432df00000) (1024K)]
  0x000001571fce5a00 JavaThread "Handler for socket connection from /127.0.0.1:61020 to /127.0.0.1:61042"        [_thread_in_native, id=19988, stack(0x000000432df00000,0x000000432e000000) (1024K)]
  0x000001571fce63c0 JavaThread "Cancel handler"                    [_thread_blocked, id=11644, stack(0x000000432e000000,0x000000432e100000) (1024K)]
  0x000001571fce7630 JavaThread "Daemon worker"                     [_thread_in_vm, id=15452, stack(0x000000432e100000,0x000000432e200000) (1024K)]
  0x0000015720b6bf80 JavaThread "Asynchronous log dispatcher for DefaultDaemonConnection: socket connection from /127.0.0.1:61020 to /127.0.0.1:61042"        [_thread_blocked, id=20304, stack(0x000000432e200000,0x000000432e300000) (1024K)]
  0x0000015720b6c610 JavaThread "Stdin handler"                     [_thread_blocked, id=16028, stack(0x000000432e300000,0x000000432e400000) (1024K)]
  0x0000015720b6d9c0 JavaThread "Daemon client event forwarder"        [_thread_blocked, id=2324, stack(0x000000432e400000,0x000000432e500000) (1024K)]
  0x0000015720b6cca0 JavaThread "Cache worker for journal cache (C:\Users\rogin\.gradle\caches\journal-1)"        [_thread_blocked, id=15836, stack(0x000000432e500000,0x000000432e600000) (1024K)]
  0x0000015720b6d330 JavaThread "File lock request listener"        [_thread_in_native, id=16084, stack(0x000000432e600000,0x000000432e700000) (1024K)]
  0x0000015720b6e050 JavaThread "File lock release action executor"        [_thread_blocked, id=15088, stack(0x000000432e700000,0x000000432e800000) (1024K)]
  0x0000015720b6abd0 JavaThread "Cache worker for file hash cache (C:\Users\rogin\.gradle\caches\8.13\fileHashes)"        [_thread_blocked, id=7176, stack(0x000000432e800000,0x000000432e900000) (1024K)]
  0x0000015720b6b8f0 JavaThread "Cache worker for file hash cache (D:\aulas\testes\app-ava\android\.gradle\8.13\fileHashes)"        [_thread_blocked, id=19612, stack(0x000000432e900000,0x000000432ea00000) (1024K)]
  0x000001572339aba0 JavaThread "Cache worker for Build Output Cleanup Cache (D:\aulas\testes\app-ava\android\.gradle\buildOutputCleanup)"        [_thread_blocked, id=20472, stack(0x000000432ea00000,0x000000432eb00000) (1024K)]
  0x000001572339b8c0 JavaThread "File watcher server"        daemon [_thread_in_native, id=18208, stack(0x000000432eb00000,0x000000432ec00000) (1024K)]
  0x000001572339c5e0 JavaThread "File watcher consumer"      daemon [_thread_blocked, id=4084, stack(0x000000432ec00000,0x000000432ed00000) (1024K)]
  0x000001572339d300 JavaThread "jar transforms"                    [_thread_blocked, id=19908, stack(0x000000432ce00000,0x000000432cf00000) (1024K)]
  0x000001572339f3d0 JavaThread "jar transforms Thread 2"           [_thread_blocked, id=240, stack(0x000000432dd00000,0x000000432de00000) (1024K)]
  0x000001572339ed40 JavaThread "Cache worker for checksums cache (D:\aulas\testes\app-ava\android\.gradle\8.13\checksums)"        [_thread_blocked, id=480, stack(0x000000432ed00000,0x000000432ee00000) (1024K)]
  0x000001572339b230 JavaThread "Cache worker for file content cache (C:\Users\rogin\.gradle\caches\8.13\fileContent)"        [_thread_blocked, id=8148, stack(0x000000432ee00000,0x000000432ef00000) (1024K)]
  0x0000015723398ad0 JavaThread "jar transforms Thread 3"           [_thread_blocked, id=16696, stack(0x000000432ef00000,0x000000432f000000) (1024K)]
  0x00000157233997f0 JavaThread "Cache worker for cache directory md-supplier (C:\Users\rogin\.gradle\caches\8.13\md-supplier)"        [_thread_blocked, id=17420, stack(0x000000432f300000,0x000000432f400000) (1024K)]
  0x000001572159b4f0 JavaThread "Cache worker for cache directory md-rule (C:\Users\rogin\.gradle\caches\8.13\md-rule)"        [_thread_blocked, id=11748, stack(0x000000432f400000,0x000000432f500000) (1024K)]
  0x000001572159a7d0 JavaThread "Cache worker for Build Output Cleanup Cache (D:\aulas\testes\app-ava\node_modules\@react-native\gradle-plugin\.gradle\buildOutputCleanup)"        [_thread_blocked, id=11788, stack(0x000000432f500000,0x000000432f600000) (1024K)]
  0x000001572159d5c0 JavaThread "Unconstrained build operations"        [_thread_blocked, id=19708, stack(0x000000432f600000,0x000000432f700000) (1024K)]
  0x000001572159a140 JavaThread "Unconstrained build operations Thread 2"        [_thread_blocked, id=19636, stack(0x000000432f700000,0x000000432f800000) (1024K)]
  0x00000157215a03b0 JavaThread "Unconstrained build operations Thread 3"        [_thread_blocked, id=3680, stack(0x000000432f800000,0x000000432f900000) (1024K)]
  0x00000157215a0a40 JavaThread "Unconstrained build operations Thread 4"        [_thread_blocked, id=6308, stack(0x000000432f900000,0x000000432fa00000) (1024K)]
  0x000001572159cf30 JavaThread "Unconstrained build operations Thread 5"        [_thread_blocked, id=18492, stack(0x000000432f000000,0x000000432f100000) (1024K)]
  0x000001572159c210 JavaThread "Unconstrained build operations Thread 6"        [_thread_blocked, id=20312, stack(0x000000432f100000,0x000000432f200000) (1024K)]
  0x000001572159dc50 JavaThread "Cache worker for Build Output Cleanup Cache (D:\aulas\testes\app-ava\node_modules\expo-modules-autolinking\android\expo-gradle-plugin\.gradle\buildOutputCleanup)"        [_thread_blocked, id=8280, stack(0x000000432fa00000,0x000000432fb00000) (1024K)]
  0x000001572159e970 JavaThread "Unconstrained build operations Thread 7"        [_thread_blocked, id=6132, stack(0x000000432fb00000,0x000000432fc00000) (1024K)]
  0x0000015721599ab0 JavaThread "Unconstrained build operations Thread 8"        [_thread_blocked, id=2460, stack(0x000000432fc00000,0x000000432fd00000) (1024K)]
  0x00000157215a10d0 JavaThread "Unconstrained build operations Thread 9"        [_thread_blocked, id=11164, stack(0x000000432fd00000,0x000000432fe00000) (1024K)]
  0x000001572339e6b0 JavaThread "Unconstrained build operations Thread 10"        [_thread_blocked, id=13976, stack(0x000000432fe00000,0x000000432ff00000) (1024K)]
  0x000001572339a510 JavaThread "Unconstrained build operations Thread 11"        [_thread_blocked, id=15484, stack(0x000000432ff00000,0x0000004330000000) (1024K)]
  0x00000157233a00f0 JavaThread "Unconstrained build operations Thread 12"        [_thread_blocked, id=7376, stack(0x0000004330000000,0x0000004330100000) (1024K)]
  0x0000015723399160 JavaThread "Unconstrained build operations Thread 13"        [_thread_blocked, id=7548, stack(0x0000004330100000,0x0000004330200000) (1024K)]
  0x0000015721b4c430 JavaThread "Unconstrained build operations Thread 14"        [_thread_blocked, id=6912, stack(0x0000004330200000,0x0000004330300000) (1024K)]
  0x0000015721b4b080 JavaThread "Unconstrained build operations Thread 15"        [_thread_blocked, id=17856, stack(0x0000004330300000,0x0000004330400000) (1024K)]
  0x0000015721b4de70 JavaThread "build event listener"              [_thread_blocked, id=20956, stack(0x0000004330400000,0x0000004330500000) (1024K)]
  0x0000015721b526a0 JavaThread "Memory manager"                    [_thread_blocked, id=21100, stack(0x0000004330500000,0x0000004330600000) (1024K)]
  0x0000015721b505d0 JavaThread "Unconstrained build operations Thread 16"        [_thread_blocked, id=21300, stack(0x000000432f200000,0x000000432f300000) (1024K)]
  0x0000015721b4ff40 JavaThread "Unconstrained build operations Thread 17"        [_thread_blocked, id=21472, stack(0x0000004330600000,0x0000004330700000) (1024K)]
  0x000001572339cc70 JavaThread "Unconstrained build operations Thread 18"        [_thread_blocked, id=21476, stack(0x0000004330700000,0x0000004330800000) (1024K)]
  0x0000015722b047b0 JavaThread "Unconstrained build operations Thread 19"        [_thread_blocked, id=5696, stack(0x0000004330800000,0x0000004330900000) (1024K)]
  0x0000015722b02d70 JavaThread "Unconstrained build operations Thread 20"        [_thread_blocked, id=13892, stack(0x0000004330900000,0x0000004330a00000) (1024K)]
  0x0000015722b06880 JavaThread "Unconstrained build operations Thread 21"        [_thread_blocked, id=5836, stack(0x0000004330a00000,0x0000004330b00000) (1024K)]
  0x0000015722b075a0 JavaThread "Unconstrained build operations Thread 22"        [_thread_blocked, id=12204, stack(0x0000004330b00000,0x0000004330c00000) (1024K)]
  0x0000015722b03a90 JavaThread "Unconstrained build operations Thread 23"        [_thread_blocked, id=20888, stack(0x0000004330c00000,0x0000004330d00000) (1024K)]
  0x0000015722b03400 JavaThread "Unconstrained build operations Thread 24"        [_thread_blocked, id=16788, stack(0x0000004330d00000,0x0000004330e00000) (1024K)]
  0x0000015722b05b60 JavaThread "build event listener"              [_thread_blocked, id=19764, stack(0x0000004330e00000,0x0000004330f00000) (1024K)]
  0x0000015722b06f10 JavaThread "Unconstrained build operations Thread 25"        [_thread_blocked, id=20584, stack(0x0000004331100000,0x0000004331200000) (1024K)]
  0x0000015722b054d0 JavaThread "Unconstrained build operations Thread 26"        [_thread_blocked, id=20600, stack(0x0000004331200000,0x0000004331300000) (1024K)]
  0x0000015722b08950 JavaThread "Unconstrained build operations Thread 27"        [_thread_blocked, id=10216, stack(0x0000004331300000,0x0000004331400000) (1024K)]
  0x0000015722b019c0 JavaThread "Unconstrained build operations Thread 28"        [_thread_blocked, id=20544, stack(0x0000004331400000,0x0000004331500000) (1024K)]
  0x0000015722b08fe0 JavaThread "Unconstrained build operations Thread 29"        [_thread_blocked, id=17884, stack(0x0000004331500000,0x0000004331600000) (1024K)]
  0x0000015722b02050 JavaThread "Unconstrained build operations Thread 30"        [_thread_blocked, id=20496, stack(0x0000004331600000,0x0000004331700000) (1024K)]
  0x0000015721b4f8b0 JavaThread "Unconstrained build operations Thread 31"        [_thread_blocked, id=21436, stack(0x0000004331700000,0x0000004331800000) (1024K)]
Total: 72

Other Threads:
  0x000001576dee8c40 VMThread "VM Thread"                           [id=17716, stack(0x000000432cd00000,0x000000432ce00000) (1024K)]
  0x000001576ded9eb0 WatcherThread "VM Periodic Task Thread"        [id=18464, stack(0x000000432cc00000,0x000000432cd00000) (1024K)]
  0x0000015751a0eac0 WorkerThread "GC Thread#0"                     [id=14348, stack(0x000000432c700000,0x000000432c800000) (1024K)]
  0x000001571f2e9b80 WorkerThread "GC Thread#1"                     [id=2428, stack(0x000000432d900000,0x000000432da00000) (1024K)]
  0x000001571f2e9f30 WorkerThread "GC Thread#2"                     [id=20208, stack(0x000000432da00000,0x000000432db00000) (1024K)]
  0x000001571f1898f0 WorkerThread "GC Thread#3"                     [id=15552, stack(0x000000432db00000,0x000000432dc00000) (1024K)]
  0x0000015751a24b20 ConcurrentGCThread "G1 Main Marker"            [id=12428, stack(0x000000432c800000,0x000000432c900000) (1024K)]
  0x0000015751a25ff0 WorkerThread "G1 Conc#0"                       [id=11912, stack(0x000000432c900000,0x000000432ca00000) (1024K)]
  0x000001576ddb0150 ConcurrentGCThread "G1 Refine#0"               [id=17744, stack(0x000000432ca00000,0x000000432cb00000) (1024K)]
  0x000001576ddb0e80 ConcurrentGCThread "G1 Service"                [id=5952, stack(0x000000432cb00000,0x000000432cc00000) (1024K)]
Total: 10

Threads with active compile tasks:
C2 CompilerThread0  605044 11717       4       org.gradle.internal.reflect.ClassInspector::inspectClass (179 bytes)
Total: 1

VM state: not at safepoint (normal execution)

VM Mutex/Monitor currently owned by a thread: None

Heap address: 0x0000000080000000, size: 2048 MB, Compressed Oops mode: 32-bit

CDS archive(s) mapped at: [0x0000015700000000-0x0000015700d70000-0x0000015700d70000), size 14090240, SharedBaseAddress: 0x0000015700000000, ArchiveRelocationMode: 1.
Compressed class space mapped at: 0x0000015701000000-0x000001571b000000, reserved size: 436207616
Narrow klass base: 0x0000015700000000, Narrow klass shift: 0, Narrow klass range: 0x1b000000

GC Precious Log:
 CardTable entry size: 512
 Card Set container configuration: InlinePtr #cards 5 size 8 Array Of Cards #cards 10 size 36 Howl #buckets 4 coarsen threshold 1843 Howl Bitmap #cards 512 size 80 coarsen threshold 460 Card regions per heap region 1 cards per card region 2048
 CPUs: 4 total, 4 available
 Memory: 8060M
 Large Page Support: Disabled
 NUMA Support: Disabled
 Compressed Oops: Enabled (32-bit)
 Heap Region Size: 1M
 Heap Min Capacity: 8M
 Heap Initial Capacity: 126M
 Heap Max Capacity: 2G
 Pre-touch: Disabled
 Parallel Workers: 4
 Concurrent Workers: 1
 Concurrent Refinement Workers: 4
 Periodic GC: Disabled

Heap:
 garbage-first heap   total reserved 2097152K, committed 150528K, used 120983K [0x0000000080000000, 0x0000000100000000)
  region size 1024K, 34 young (34816K), 3 survivors (3072K)
 Metaspace       used 78195K, committed 80512K, reserved 557056K
  class space    used 11328K, committed 12416K, reserved 425984K

Heap Regions: E=young(eden), S=young(survivor), O=old, HS=humongous(starts), HC=humongous(continues), CS=collection set, F=free, TAMS=top-at-mark-start, PB=parsable bottom
|   0|0x0000000080000000, 0x0000000080100000, 0x0000000080100000|100%|HS|  |TAMS 0x0000000080000000| PB 0x0000000080000000| Complete |  0
|   1|0x0000000080100000, 0x0000000080200000, 0x0000000080200000|100%|HC|  |TAMS 0x0000000080100000| PB 0x0000000080100000| Complete |  0
|   2|0x0000000080200000, 0x0000000080300000, 0x0000000080300000|100%|HC|  |TAMS 0x0000000080200000| PB 0x0000000080200000| Complete |  0
|   3|0x0000000080300000, 0x0000000080400000, 0x0000000080400000|100%| O|  |TAMS 0x0000000080300000| PB 0x0000000080300000| Untracked |  0
|   4|0x0000000080400000, 0x0000000080500000, 0x0000000080500000|100%| O|  |TAMS 0x0000000080400000| PB 0x0000000080400000| Untracked |  0
|   5|0x0000000080500000, 0x0000000080600000, 0x0000000080600000|100%| O|  |TAMS 0x0000000080500000| PB 0x0000000080500000| Untracked |  0
|   6|0x0000000080600000, 0x0000000080700000, 0x0000000080700000|100%| O|  |TAMS 0x0000000080600000| PB 0x0000000080600000| Untracked |  0
|   7|0x0000000080700000, 0x0000000080800000, 0x0000000080800000|100%| O|  |TAMS 0x0000000080700000| PB 0x0000000080700000| Untracked |  0
|   8|0x0000000080800000, 0x0000000080900000, 0x0000000080900000|100%| O|  |TAMS 0x0000000080800000| PB 0x0000000080800000| Untracked |  0
|   9|0x0000000080900000, 0x0000000080a00000, 0x0000000080a00000|100%| O|  |TAMS 0x0000000080900000| PB 0x0000000080900000| Untracked |  0
|  10|0x0000000080a00000, 0x0000000080b00000, 0x0000000080b00000|100%|HS|  |TAMS 0x0000000080a00000| PB 0x0000000080a00000| Complete |  0
|  11|0x0000000080b00000, 0x0000000080c00000, 0x0000000080c00000|100%| O|  |TAMS 0x0000000080b00000| PB 0x0000000080b00000| Untracked |  0
|  12|0x0000000080c00000, 0x0000000080d00000, 0x0000000080d00000|100%| O|  |TAMS 0x0000000080c00000| PB 0x0000000080c00000| Untracked |  0
|  13|0x0000000080d00000, 0x0000000080e00000, 0x0000000080e00000|100%| O|  |TAMS 0x0000000080d00000| PB 0x0000000080d00000| Untracked |  0
|  14|0x0000000080e00000, 0x0000000080f00000, 0x0000000080f00000|100%| O|  |TAMS 0x0000000080e00000| PB 0x0000000080e00000| Untracked |  0
|  15|0x0000000080f00000, 0x0000000081000000, 0x0000000081000000|100%| O|  |TAMS 0x0000000080f00000| PB 0x0000000080f00000| Untracked |  0
|  16|0x0000000081000000, 0x0000000081100000, 0x0000000081100000|100%| O|  |TAMS 0x0000000081000000| PB 0x0000000081000000| Untracked |  0
|  17|0x0000000081100000, 0x0000000081200000, 0x0000000081200000|100%| O|  |TAMS 0x0000000081100000| PB 0x0000000081100000| Untracked |  0
|  18|0x0000000081200000, 0x0000000081300000, 0x0000000081300000|100%| O|  |TAMS 0x0000000081200000| PB 0x0000000081200000| Untracked |  0
|  19|0x0000000081300000, 0x0000000081400000, 0x0000000081400000|100%| O|  |TAMS 0x0000000081300000| PB 0x0000000081300000| Untracked |  0
|  20|0x0000000081400000, 0x0000000081500000, 0x0000000081500000|100%| O|  |TAMS 0x0000000081400000| PB 0x0000000081400000| Untracked |  0
|  21|0x0000000081500000, 0x0000000081600000, 0x0000000081600000|100%| O|  |TAMS 0x0000000081500000| PB 0x0000000081500000| Untracked |  0
|  22|0x0000000081600000, 0x0000000081700000, 0x0000000081700000|100%| O|  |TAMS 0x0000000081600000| PB 0x0000000081600000| Untracked |  0
|  23|0x0000000081700000, 0x0000000081800000, 0x0000000081800000|100%| O|  |TAMS 0x0000000081700000| PB 0x0000000081700000| Untracked |  0
|  24|0x0000000081800000, 0x0000000081900000, 0x0000000081900000|100%| O|  |TAMS 0x0000000081800000| PB 0x0000000081800000| Untracked |  0
|  25|0x0000000081900000, 0x0000000081a00000, 0x0000000081a00000|100%| O|  |TAMS 0x0000000081900000| PB 0x0000000081900000| Untracked |  0
|  26|0x0000000081a00000, 0x0000000081b00000, 0x0000000081b00000|100%| O|  |TAMS 0x0000000081a00000| PB 0x0000000081a00000| Untracked |  0
|  27|0x0000000081b00000, 0x0000000081c00000, 0x0000000081c00000|100%| O|  |TAMS 0x0000000081b00000| PB 0x0000000081b00000| Untracked |  0
|  28|0x0000000081c00000, 0x0000000081d00000, 0x0000000081d00000|100%| O|  |TAMS 0x0000000081c00000| PB 0x0000000081c00000| Untracked |  0
|  29|0x0000000081d00000, 0x0000000081e00000, 0x0000000081e00000|100%| O|  |TAMS 0x0000000081d00000| PB 0x0000000081d00000| Untracked |  0
|  30|0x0000000081e00000, 0x0000000081f00000, 0x0000000081f00000|100%| O|  |TAMS 0x0000000081e00000| PB 0x0000000081e00000| Untracked |  0
|  31|0x0000000081f00000, 0x0000000082000000, 0x0000000082000000|100%| O|  |TAMS 0x0000000081f00000| PB 0x0000000081f00000| Untracked |  0
|  32|0x0000000082000000, 0x0000000082100000, 0x0000000082100000|100%| O|  |TAMS 0x0000000082000000| PB 0x0000000082000000| Untracked |  0
|  33|0x0000000082100000, 0x0000000082200000, 0x0000000082200000|100%| O|  |TAMS 0x0000000082100000| PB 0x0000000082100000| Untracked |  0
|  34|0x0000000082200000, 0x0000000082300000, 0x0000000082300000|100%| O|  |TAMS 0x0000000082200000| PB 0x0000000082200000| Untracked |  0
|  35|0x0000000082300000, 0x0000000082400000, 0x0000000082400000|100%| O|  |TAMS 0x0000000082300000| PB 0x0000000082300000| Untracked |  0
|  36|0x0000000082400000, 0x0000000082500000, 0x0000000082500000|100%| O|  |TAMS 0x0000000082400000| PB 0x0000000082400000| Untracked |  0
|  37|0x0000000082500000, 0x0000000082600000, 0x0000000082600000|100%| O|  |TAMS 0x0000000082500000| PB 0x0000000082500000| Untracked |  0
|  38|0x0000000082600000, 0x0000000082700000, 0x0000000082700000|100%| O|  |TAMS 0x0000000082600000| PB 0x0000000082600000| Untracked |  0
|  39|0x0000000082700000, 0x0000000082800000, 0x0000000082800000|100%| O|  |TAMS 0x0000000082700000| PB 0x0000000082700000| Untracked |  0
|  40|0x0000000082800000, 0x0000000082900000, 0x0000000082900000|100%| O|  |TAMS 0x0000000082800000| PB 0x0000000082800000| Untracked |  0
|  41|0x0000000082900000, 0x0000000082a00000, 0x0000000082a00000|100%| O|  |TAMS 0x0000000082900000| PB 0x0000000082900000| Untracked |  0
|  42|0x0000000082a00000, 0x0000000082b00000, 0x0000000082b00000|100%| O|  |TAMS 0x0000000082a00000| PB 0x0000000082a00000| Untracked |  0
|  43|0x0000000082b00000, 0x0000000082c00000, 0x0000000082c00000|100%| O|  |TAMS 0x0000000082b00000| PB 0x0000000082b00000| Untracked |  0
|  44|0x0000000082c00000, 0x0000000082d00000, 0x0000000082d00000|100%| O|  |TAMS 0x0000000082c00000| PB 0x0000000082c00000| Untracked |  0
|  45|0x0000000082d00000, 0x0000000082e00000, 0x0000000082e00000|100%| O|  |TAMS 0x0000000082d00000| PB 0x0000000082d00000| Untracked |  0
|  46|0x0000000082e00000, 0x0000000082f00000, 0x0000000082f00000|100%|HS|  |TAMS 0x0000000082e00000| PB 0x0000000082e00000| Complete |  0
|  47|0x0000000082f00000, 0x0000000083000000, 0x0000000083000000|100%|HC|  |TAMS 0x0000000082f00000| PB 0x0000000082f00000| Complete |  0
|  48|0x0000000083000000, 0x0000000083100000, 0x0000000083100000|100%|HS|  |TAMS 0x0000000083000000| PB 0x0000000083000000| Complete |  0
|  49|0x0000000083100000, 0x0000000083200000, 0x0000000083200000|100%|HC|  |TAMS 0x0000000083100000| PB 0x0000000083100000| Complete |  0
|  50|0x0000000083200000, 0x0000000083300000, 0x0000000083300000|100%|HC|  |TAMS 0x0000000083200000| PB 0x0000000083200000| Complete |  0
|  51|0x0000000083300000, 0x0000000083400000, 0x0000000083400000|100%|HS|  |TAMS 0x0000000083300000| PB 0x0000000083300000| Complete |  0
|  52|0x0000000083400000, 0x0000000083500000, 0x0000000083500000|100%|HC|  |TAMS 0x0000000083400000| PB 0x0000000083400000| Complete |  0
|  53|0x0000000083500000, 0x0000000083600000, 0x0000000083600000|100%| O|  |TAMS 0x0000000083500000| PB 0x0000000083500000| Untracked |  0
|  54|0x0000000083600000, 0x0000000083696d00, 0x0000000083700000| 58%| O|  |TAMS 0x0000000083600000| PB 0x0000000083600000| Untracked |  0
|  55|0x0000000083700000, 0x0000000083800000, 0x0000000083800000|100%| O|  |TAMS 0x0000000083700000| PB 0x0000000083700000| Untracked |  0
|  56|0x0000000083800000, 0x0000000083900000, 0x0000000083900000|100%| O|  |TAMS 0x0000000083800000| PB 0x0000000083800000| Untracked |  0
|  57|0x0000000083900000, 0x0000000083a00000, 0x0000000083a00000|100%|HS|  |TAMS 0x0000000083900000| PB 0x0000000083900000| Complete |  0
|  58|0x0000000083a00000, 0x0000000083b00000, 0x0000000083b00000|100%|HC|  |TAMS 0x0000000083a00000| PB 0x0000000083a00000| Complete |  0
|  59|0x0000000083b00000, 0x0000000083c00000, 0x0000000083c00000|100%|HC|  |TAMS 0x0000000083b00000| PB 0x0000000083b00000| Complete |  0
|  60|0x0000000083c00000, 0x0000000083d00000, 0x0000000083d00000|100%| O|  |TAMS 0x0000000083c00000| PB 0x0000000083c00000| Untracked |  0
|  61|0x0000000083d00000, 0x0000000083e00000, 0x0000000083e00000|100%| O|  |TAMS 0x0000000083d00000| PB 0x0000000083d00000| Untracked |  0
|  62|0x0000000083e00000, 0x0000000083f00000, 0x0000000083f00000|100%| O|  |TAMS 0x0000000083e00000| PB 0x0000000083e00000| Untracked |  0
|  63|0x0000000083f00000, 0x0000000084000000, 0x0000000084000000|100%| O|  |TAMS 0x0000000083f00000| PB 0x0000000083f00000| Untracked |  0
|  64|0x0000000084000000, 0x0000000084100000, 0x0000000084100000|100%| O|  |TAMS 0x0000000084000000| PB 0x0000000084000000| Untracked |  0
|  65|0x0000000084100000, 0x0000000084100000, 0x0000000084200000|  0%| F|  |TAMS 0x0000000084100000| PB 0x0000000084100000| Untracked |  0
|  66|0x0000000084200000, 0x0000000084300000, 0x0000000084300000|100%| O|  |TAMS 0x0000000084200000| PB 0x0000000084200000| Untracked |  0
|  67|0x0000000084300000, 0x0000000084400000, 0x0000000084400000|100%| O|Cm|TAMS 0x0000000084300000| PB 0x0000000084300000| Complete |  0
|  68|0x0000000084400000, 0x0000000084500000, 0x0000000084500000|100%| O|Cm|TAMS 0x0000000084400000| PB 0x0000000084400000| Complete |  0
|  69|0x0000000084500000, 0x0000000084600000, 0x0000000084600000|100%| O|  |TAMS 0x0000000084500000| PB 0x0000000084500000| Untracked |  0
|  70|0x0000000084600000, 0x0000000084700000, 0x0000000084700000|100%|HS|  |TAMS 0x0000000084600000| PB 0x0000000084600000| Complete |  0
|  71|0x0000000084700000, 0x0000000084800000, 0x0000000084800000|100%|HC|  |TAMS 0x0000000084700000| PB 0x0000000084700000| Complete |  0
|  72|0x0000000084800000, 0x0000000084900000, 0x0000000084900000|100%|HS|  |TAMS 0x0000000084800000| PB 0x0000000084800000| Complete |  0
|  73|0x0000000084900000, 0x0000000084a00000, 0x0000000084a00000|100%|HC|  |TAMS 0x0000000084900000| PB 0x0000000084900000| Complete |  0
|  74|0x0000000084a00000, 0x0000000084b00000, 0x0000000084b00000|100%|HS|  |TAMS 0x0000000084a00000| PB 0x0000000084a00000| Complete |  0
|  75|0x0000000084b00000, 0x0000000084c00000, 0x0000000084c00000|100%|HC|  |TAMS 0x0000000084b00000| PB 0x0000000084b00000| Complete |  0
|  76|0x0000000084c00000, 0x0000000084d00000, 0x0000000084d00000|100%|HC|  |TAMS 0x0000000084c00000| PB 0x0000000084c00000| Complete |  0
|  77|0x0000000084d00000, 0x0000000084e00000, 0x0000000084e00000|100%|HC|  |TAMS 0x0000000084d00000| PB 0x0000000084d00000| Complete |  0
|  78|0x0000000084e00000, 0x0000000084f00000, 0x0000000084f00000|100%|HS|  |TAMS 0x0000000084e00000| PB 0x0000000084e00000| Complete |  0
|  79|0x0000000084f00000, 0x0000000085000000, 0x0000000085000000|100%|HC|  |TAMS 0x0000000084f00000| PB 0x0000000084f00000| Complete |  0
|  80|0x0000000085000000, 0x0000000085100000, 0x0000000085100000|100%|HC|  |TAMS 0x0000000085000000| PB 0x0000000085000000| Complete |  0
|  81|0x0000000085100000, 0x0000000085200000, 0x0000000085200000|100%|HC|  |TAMS 0x0000000085100000| PB 0x0000000085100000| Complete |  0
|  82|0x0000000085200000, 0x0000000085300000, 0x0000000085300000|100%| O|  |TAMS 0x0000000085200000| PB 0x0000000085200000| Untracked |  0
|  83|0x0000000085300000, 0x0000000085400000, 0x0000000085400000|100%| O|  |TAMS 0x0000000085300000| PB 0x0000000085300000| Untracked |  0
|  84|0x0000000085400000, 0x0000000085500000, 0x0000000085500000|100%| O|  |TAMS 0x0000000085400000| PB 0x0000000085400000| Untracked |  0
|  85|0x0000000085500000, 0x0000000085600000, 0x0000000085600000|100%| O|  |TAMS 0x0000000085500000| PB 0x0000000085500000| Untracked |  0
|  86|0x0000000085600000, 0x0000000085700000, 0x0000000085700000|100%| O|  |TAMS 0x0000000085600000| PB 0x0000000085600000| Untracked |  0
|  87|0x0000000085700000, 0x0000000085700000, 0x0000000085800000|  0%| F|  |TAMS 0x0000000085700000| PB 0x0000000085700000| Untracked |  0
|  88|0x0000000085800000, 0x0000000085800000, 0x0000000085900000|  0%| F|  |TAMS 0x0000000085800000| PB 0x0000000085800000| Untracked |  0
|  89|0x0000000085900000, 0x0000000085900000, 0x0000000085a00000|  0%| F|  |TAMS 0x0000000085900000| PB 0x0000000085900000| Untracked |  0
|  90|0x0000000085a00000, 0x0000000085a00000, 0x0000000085b00000|  0%| F|  |TAMS 0x0000000085a00000| PB 0x0000000085a00000| Untracked |  0
|  91|0x0000000085b00000, 0x0000000085b00000, 0x0000000085c00000|  0%| F|  |TAMS 0x0000000085b00000| PB 0x0000000085b00000| Untracked |  0
|  92|0x0000000085c00000, 0x0000000085c00000, 0x0000000085d00000|  0%| F|  |TAMS 0x0000000085c00000| PB 0x0000000085c00000| Untracked |  0
|  93|0x0000000085d00000, 0x0000000085d00000, 0x0000000085e00000|  0%| F|  |TAMS 0x0000000085d00000| PB 0x0000000085d00000| Untracked |  0
|  94|0x0000000085e00000, 0x0000000085e00000, 0x0000000085f00000|  0%| F|  |TAMS 0x0000000085e00000| PB 0x0000000085e00000| Untracked |  0
|  95|0x0000000085f00000, 0x0000000085f00000, 0x0000000086000000|  0%| F|  |TAMS 0x0000000085f00000| PB 0x0000000085f00000| Untracked |  0
|  96|0x0000000086000000, 0x0000000086000000, 0x0000000086100000|  0%| F|  |TAMS 0x0000000086000000| PB 0x0000000086000000| Untracked |  0
|  97|0x0000000086100000, 0x0000000086100000, 0x0000000086200000|  0%| F|  |TAMS 0x0000000086100000| PB 0x0000000086100000| Untracked |  0
|  98|0x0000000086200000, 0x0000000086200000, 0x0000000086300000|  0%| F|  |TAMS 0x0000000086200000| PB 0x0000000086200000| Untracked |  0
|  99|0x0000000086300000, 0x0000000086300000, 0x0000000086400000|  0%| F|  |TAMS 0x0000000086300000| PB 0x0000000086300000| Untracked |  0
| 100|0x0000000086400000, 0x0000000086400000, 0x0000000086500000|  0%| F|  |TAMS 0x0000000086400000| PB 0x0000000086400000| Untracked |  0
| 101|0x0000000086500000, 0x0000000086500000, 0x0000000086600000|  0%| F|  |TAMS 0x0000000086500000| PB 0x0000000086500000| Untracked |  0
| 102|0x0000000086600000, 0x0000000086600000, 0x0000000086700000|  0%| F|  |TAMS 0x0000000086600000| PB 0x0000000086600000| Untracked |  0
| 103|0x0000000086700000, 0x0000000086700000, 0x0000000086800000|  0%| F|  |TAMS 0x0000000086700000| PB 0x0000000086700000| Untracked |  0
| 104|0x0000000086800000, 0x0000000086800000, 0x0000000086900000|  0%| F|  |TAMS 0x0000000086800000| PB 0x0000000086800000| Untracked |  0
| 105|0x0000000086900000, 0x0000000086900000, 0x0000000086a00000|  0%| F|  |TAMS 0x0000000086900000| PB 0x0000000086900000| Untracked |  0
| 106|0x0000000086a00000, 0x0000000086a00000, 0x0000000086b00000|  0%| F|  |TAMS 0x0000000086a00000| PB 0x0000000086a00000| Untracked |  0
| 107|0x0000000086b00000, 0x0000000086b00000, 0x0000000086c00000|  0%| F|  |TAMS 0x0000000086b00000| PB 0x0000000086b00000| Untracked |  0
| 108|0x0000000086c00000, 0x0000000086c00000, 0x0000000086d00000|  0%| F|  |TAMS 0x0000000086c00000| PB 0x0000000086c00000| Untracked |  0
| 109|0x0000000086d00000, 0x0000000086d00000, 0x0000000086e00000|  0%| F|  |TAMS 0x0000000086d00000| PB 0x0000000086d00000| Untracked |  0
| 110|0x0000000086e00000, 0x0000000086e00000, 0x0000000086f00000|  0%| F|  |TAMS 0x0000000086e00000| PB 0x0000000086e00000| Untracked |  0
| 111|0x0000000086f00000, 0x0000000086f00000, 0x0000000087000000|  0%| F|  |TAMS 0x0000000086f00000| PB 0x0000000086f00000| Untracked |  0
| 112|0x0000000087000000, 0x0000000087000000, 0x0000000087100000|  0%| F|  |TAMS 0x0000000087000000| PB 0x0000000087000000| Untracked |  0
| 113|0x0000000087100000, 0x00000000871d65d8, 0x0000000087200000| 83%| E|  |TAMS 0x0000000087100000| PB 0x0000000087100000| Complete |  0
| 114|0x0000000087200000, 0x0000000087300000, 0x0000000087300000|100%| E|CS|TAMS 0x0000000087200000| PB 0x0000000087200000| Complete |  0
| 115|0x0000000087300000, 0x0000000087400000, 0x0000000087400000|100%| E|CS|TAMS 0x0000000087300000| PB 0x0000000087300000| Complete |  0
| 116|0x0000000087400000, 0x0000000087500000, 0x0000000087500000|100%| E|CS|TAMS 0x0000000087400000| PB 0x0000000087400000| Complete |  0
| 117|0x0000000087500000, 0x0000000087600000, 0x0000000087600000|100%| E|CS|TAMS 0x0000000087500000| PB 0x0000000087500000| Complete |  0
| 118|0x0000000087600000, 0x000000008768ef80, 0x0000000087700000| 55%| S|CS|TAMS 0x0000000087600000| PB 0x0000000087600000| Complete |  0
| 119|0x0000000087700000, 0x0000000087800000, 0x0000000087800000|100%| S|CS|TAMS 0x0000000087700000| PB 0x0000000087700000| Complete |  0
| 120|0x0000000087800000, 0x0000000087900000, 0x0000000087900000|100%| S|CS|TAMS 0x0000000087800000| PB 0x0000000087800000| Complete |  0
| 121|0x0000000087900000, 0x0000000087a00000, 0x0000000087a00000|100%| E|CS|TAMS 0x0000000087900000| PB 0x0000000087900000| Complete |  0
| 122|0x0000000087a00000, 0x0000000087b00000, 0x0000000087b00000|100%| E|CS|TAMS 0x0000000087a00000| PB 0x0000000087a00000| Complete |  0
| 123|0x0000000087b00000, 0x0000000087c00000, 0x0000000087c00000|100%| E|CS|TAMS 0x0000000087b00000| PB 0x0000000087b00000| Complete |  0
| 124|0x0000000087c00000, 0x0000000087d00000, 0x0000000087d00000|100%| E|CS|TAMS 0x0000000087c00000| PB 0x0000000087c00000| Complete |  0
| 125|0x0000000087d00000, 0x0000000087e00000, 0x0000000087e00000|100%| E|CS|TAMS 0x0000000087d00000| PB 0x0000000087d00000| Complete |  0
| 126|0x0000000087e00000, 0x0000000087f00000, 0x0000000087f00000|100%| E|CS|TAMS 0x0000000087e00000| PB 0x0000000087e00000| Complete |  0
| 127|0x0000000087f00000, 0x0000000088000000, 0x0000000088000000|100%| E|CS|TAMS 0x0000000087f00000| PB 0x0000000087f00000| Complete |  0
| 128|0x0000000088000000, 0x0000000088100000, 0x0000000088100000|100%| E|CS|TAMS 0x0000000088000000| PB 0x0000000088000000| Complete |  0
| 129|0x0000000088100000, 0x0000000088200000, 0x0000000088200000|100%| E|CS|TAMS 0x0000000088100000| PB 0x0000000088100000| Complete |  0
| 130|0x0000000088200000, 0x0000000088300000, 0x0000000088300000|100%| E|CS|TAMS 0x0000000088200000| PB 0x0000000088200000| Complete |  0
| 131|0x0000000088300000, 0x0000000088400000, 0x0000000088400000|100%| E|CS|TAMS 0x0000000088300000| PB 0x0000000088300000| Complete |  0
| 132|0x0000000088400000, 0x0000000088500000, 0x0000000088500000|100%| E|CS|TAMS 0x0000000088400000| PB 0x0000000088400000| Complete |  0
| 133|0x0000000088500000, 0x0000000088600000, 0x0000000088600000|100%| E|CS|TAMS 0x0000000088500000| PB 0x0000000088500000| Complete |  0
| 134|0x0000000088600000, 0x0000000088700000, 0x0000000088700000|100%| E|CS|TAMS 0x0000000088600000| PB 0x0000000088600000| Complete |  0
| 135|0x0000000088700000, 0x0000000088800000, 0x0000000088800000|100%| E|CS|TAMS 0x0000000088700000| PB 0x0000000088700000| Complete |  0
| 136|0x0000000088800000, 0x0000000088900000, 0x0000000088900000|100%| E|CS|TAMS 0x0000000088800000| PB 0x0000000088800000| Complete |  0
| 137|0x0000000088900000, 0x0000000088a00000, 0x0000000088a00000|100%| E|CS|TAMS 0x0000000088900000| PB 0x0000000088900000| Complete |  0
| 138|0x0000000088a00000, 0x0000000088b00000, 0x0000000088b00000|100%| E|CS|TAMS 0x0000000088a00000| PB 0x0000000088a00000| Complete |  0
| 139|0x0000000088b00000, 0x0000000088c00000, 0x0000000088c00000|100%| E|CS|TAMS 0x0000000088b00000| PB 0x0000000088b00000| Complete |  0
| 140|0x0000000088c00000, 0x0000000088d00000, 0x0000000088d00000|100%| E|CS|TAMS 0x0000000088c00000| PB 0x0000000088c00000| Complete |  0
| 141|0x0000000088d00000, 0x0000000088e00000, 0x0000000088e00000|100%| E|CS|TAMS 0x0000000088d00000| PB 0x0000000088d00000| Complete |  0
| 142|0x0000000088e00000, 0x0000000088f00000, 0x0000000088f00000|100%| E|CS|TAMS 0x0000000088e00000| PB 0x0000000088e00000| Complete |  0
| 143|0x0000000088f00000, 0x0000000089000000, 0x0000000089000000|100%| E|CS|TAMS 0x0000000088f00000| PB 0x0000000088f00000| Complete |  0
| 144|0x0000000089000000, 0x0000000089100000, 0x0000000089100000|100%| E|CS|TAMS 0x0000000089000000| PB 0x0000000089000000| Complete |  0
| 145|0x0000000089100000, 0x0000000089200000, 0x0000000089200000|100%| E|CS|TAMS 0x0000000089100000| PB 0x0000000089100000| Complete |  0
| 146|0x0000000089200000, 0x0000000089300000, 0x0000000089300000|100%| E|CS|TAMS 0x0000000089200000| PB 0x0000000089200000| Complete |  0

Card table byte_map: [0x00000157694e0000,0x00000157698e0000] _byte_map_base: 0x00000157690e0000

Marking Bits: (CMBitMap*) 0x0000015751a0f1d0
 Bits: [0x00000157698e0000, 0x000001576b8e0000)

Polling page: 0x0000015751170000

Metaspace:

Usage:
  Non-class:     65.30 MB used.
      Class:     11.06 MB used.
       Both:     76.36 MB used.

Virtual space:
  Non-class space:      128.00 MB reserved,      66.50 MB ( 52%) committed,  2 nodes.
      Class space:      416.00 MB reserved,      12.12 MB (  3%) committed,  1 nodes.
             Both:      544.00 MB reserved,      78.62 MB ( 14%) committed. 

Chunk freelists:
   Non-Class:  12.98 MB
       Class:  3.89 MB
        Both:  16.88 MB

MaxMetaspaceSize: 512.00 MB
CompressedClassSpaceSize: 416.00 MB
Initial GC threshold: 21.00 MB
Current GC threshold: 129.31 MB
CDS: on
 - commit_granule_bytes: 65536.
 - commit_granule_words: 8192.
 - virtual_space_node_default_size: 8388608.
 - enlarge_chunks_in_place: 1.
 - use_allocation_guard: 0.


Internal statistics:

num_allocs_failed_limit: 9.
num_arena_births: 3866.
num_arena_deaths: 0.
num_vsnodes_births: 3.
num_vsnodes_deaths: 0.
num_space_committed: 1258.
num_space_uncommitted: 0.
num_chunks_returned_to_freelist: 9.
num_chunks_taken_from_freelist: 7355.
num_chunk_merges: 9.
num_chunk_splits: 4831.
num_chunks_enlarged: 3077.
num_inconsistent_stats: 0.

CodeHeap 'non-profiled nmethods': size=120064Kb used=4866Kb max_used=4866Kb free=115197Kb
 bounds [0x0000015761ba0000, 0x0000015762070000, 0x00000157690e0000]
CodeHeap 'profiled nmethods': size=120000Kb used=14656Kb max_used=14656Kb free=105343Kb
 bounds [0x000001575a0e0000, 0x000001575af40000, 0x0000015761610000]
CodeHeap 'non-nmethods': size=5696Kb used=2826Kb max_used=2891Kb free=2869Kb
 bounds [0x0000015761610000, 0x00000157618f0000, 0x0000015761ba0000]
CodeCache: size=245760Kb, used=22348Kb, max_used=22413Kb, free=223409Kb
 total_blobs=10922, nmethods=9956, adapters=871, full_count=0
Compilation: enabled, stopped_count=0, restarted_count=0

Compilation events (20 events):
Event: 604.397 Thread 0x000001576df6caf0 11709       3       org.gradle.api.internal.collections.SortedSetElementSource::iteratorNoFlush (8 bytes)
Event: 604.397 Thread 0x000001576df6caf0 nmethod 11709 0x000001575af2c908 code [0x000001575af2ca40, 0x000001575af2cd58]
Event: 604.398 Thread 0x000001576df6caf0 11710       3       java.lang.invoke.Invokers$Holder::linkToTargetMethod (17 bytes)
Event: 604.399 Thread 0x000001576df6caf0 nmethod 11710 0x000001575af2cd88 code [0x000001575af2cec0, 0x000001575af2d308]
Event: 604.399 Thread 0x000001576df6caf0 11711       1       org.gradle.internal.component.local.model.LocalComponentGraphResolveMetadata::getId (5 bytes)
Event: 604.400 Thread 0x000001576df6caf0 nmethod 11711 0x000001576205ea88 code [0x000001576205eba0, 0x000001576205ec68]
Event: 604.401 Thread 0x000001576df0ca70 nmethod 11707 0x000001576205ed88 code [0x000001576205eea0, 0x000001576205f0b0]
Event: 604.401 Thread 0x000001576df0ca70 11708       4       java.util.LinkedHashMap::sequencedKeySet (31 bytes)
Event: 604.404 Thread 0x000001576df0ca70 nmethod 11708 0x000001576205f108 code [0x000001576205f220, 0x000001576205f430]
Event: 604.433 Thread 0x000001576df6caf0 11712       3       com.google.common.collect.IndexedImmutableSet::iterator (8 bytes)
Event: 604.434 Thread 0x000001576df6caf0 nmethod 11712 0x000001575af2d388 code [0x000001575af2d500, 0x000001575af2dc10]
Event: 604.434 Thread 0x000001576df6caf0 11713       3       org.gradle.api.attributes.Attribute::of (10 bytes)
Event: 604.434 Thread 0x000001576df6caf0 nmethod 11713 0x000001575af2dc88 code [0x000001575af2dde0, 0x000001575af2e1c8]
Event: 604.446 Thread 0x000001576df0ca70 11714       4       java.lang.invoke.TypeConvertingMethodAdapter::descriptorToName (36 bytes)
Event: 604.449 Thread 0x000001576df6caf0 11715       3       org.gradle.api.internal.artifacts.ivyservice.resolveengine.graph.builder.ComponentState::resolve (128 bytes)
Event: 604.452 Thread 0x000001576df6caf0 nmethod 11715 0x000001575af2e208 code [0x000001575af2e560, 0x000001575af2fff8]
Event: 604.456 Thread 0x000001576df0ca70 nmethod 11714 0x000001576205f488 code [0x000001576205f5e0, 0x000001576205fc80]
Event: 604.569 Thread 0x000001576df0ca70 11716       4       java.beans.Introspector::decapitalize (68 bytes)
Event: 604.579 Thread 0x000001576df0ca70 nmethod 11716 0x000001576205fd88 code [0x000001576205ff00, 0x00000157620606f0]
Event: 604.580 Thread 0x000001576df0ca70 11717       4       org.gradle.internal.reflect.ClassInspector::inspectClass (179 bytes)

GC Heap History (20 events):
Event: 453.636 GC heap before
{Heap before GC invocations=33 (full 0):
 garbage-first heap   total reserved 2097152K, committed 104448K, used 89603K [0x0000000080000000, 0x0000000100000000)
  region size 1024K, 29 young (29696K), 2 survivors (2048K)
 Metaspace       used 69630K, committed 71744K, reserved 491520K
  class space    used 10183K, committed 11200K, reserved 425984K
}
Event: 453.643 GC heap after
{Heap after GC invocations=34 (full 0):
 garbage-first heap   total reserved 2097152K, committed 104448K, used 63154K [0x0000000080000000, 0x0000000100000000)
  region size 1024K, 4 young (4096K), 4 survivors (4096K)
 Metaspace       used 69630K, committed 71744K, reserved 491520K
  class space    used 10183K, committed 11200K, reserved 425984K
}
Event: 471.995 GC heap before
{Heap before GC invocations=34 (full 0):
 garbage-first heap   total reserved 2097152K, committed 104448K, used 91826K [0x0000000080000000, 0x0000000100000000)
  region size 1024K, 33 young (33792K), 4 survivors (4096K)
 Metaspace       used 70552K, committed 72640K, reserved 491520K
  class space    used 10323K, committed 11328K, reserved 425984K
}
Event: 472.011 GC heap after
{Heap after GC invocations=35 (full 0):
 garbage-first heap   total reserved 2097152K, committed 104448K, used 63915K [0x0000000080000000, 0x0000000100000000)
  region size 1024K, 4 young (4096K), 4 survivors (4096K)
 Metaspace       used 70552K, committed 72640K, reserved 491520K
  class space    used 10323K, committed 11328K, reserved 425984K
}
Event: 497.611 GC heap before
{Heap before GC invocations=35 (full 0):
 garbage-first heap   total reserved 2097152K, committed 104448K, used 93611K [0x0000000080000000, 0x0000000100000000)
  region size 1024K, 33 young (33792K), 4 survivors (4096K)
 Metaspace       used 71211K, committed 73408K, reserved 491520K
  class space    used 10395K, committed 11456K, reserved 425984K
}
Event: 497.631 GC heap after
{Heap after GC invocations=36 (full 0):
 garbage-first heap   total reserved 2097152K, committed 104448K, used 67084K [0x0000000080000000, 0x0000000100000000)
  region size 1024K, 5 young (5120K), 5 survivors (5120K)
 Metaspace       used 71211K, committed 73408K, reserved 491520K
  class space    used 10395K, committed 11456K, reserved 425984K
}
Event: 502.491 GC heap before
{Heap before GC invocations=37 (full 0):
 garbage-first heap   total reserved 2097152K, committed 112640K, used 91660K [0x0000000080000000, 0x0000000100000000)
  region size 1024K, 30 young (30720K), 5 survivors (5120K)
 Metaspace       used 71685K, committed 73920K, reserved 491520K
  class space    used 10436K, committed 11520K, reserved 425984K
}
Event: 502.505 GC heap after
{Heap after GC invocations=38 (full 0):
 garbage-first heap   total reserved 2097152K, committed 112640K, used 67865K [0x0000000080000000, 0x0000000100000000)
  region size 1024K, 2 young (2048K), 2 survivors (2048K)
 Metaspace       used 71685K, committed 73920K, reserved 491520K
  class space    used 10436K, committed 11520K, reserved 425984K
}
Event: 518.919 GC heap before
{Heap before GC invocations=38 (full 0):
 garbage-first heap   total reserved 2097152K, committed 112640K, used 99609K [0x0000000080000000, 0x0000000100000000)
  region size 1024K, 34 young (34816K), 2 survivors (2048K)
 Metaspace       used 71857K, committed 74112K, reserved 491520K
  class space    used 10436K, committed 11520K, reserved 425984K
}
Event: 518.929 GC heap after
{Heap after GC invocations=39 (full 0):
 garbage-first heap   total reserved 2097152K, committed 112640K, used 71042K [0x0000000080000000, 0x0000000100000000)
  region size 1024K, 5 young (5120K), 5 survivors (5120K)
 Metaspace       used 71857K, committed 74112K, reserved 491520K
  class space    used 10436K, committed 11520K, reserved 425984K
}
Event: 519.043 GC heap before
{Heap before GC invocations=39 (full 0):
 garbage-first heap   total reserved 2097152K, committed 112640K, used 73090K [0x0000000080000000, 0x0000000100000000)
  region size 1024K, 8 young (8192K), 5 survivors (5120K)
 Metaspace       used 71885K, committed 74176K, reserved 491520K
  class space    used 10437K, committed 11520K, reserved 425984K
}
Event: 519.054 GC heap after
{Heap after GC invocations=40 (full 0):
 garbage-first heap   total reserved 2097152K, committed 112640K, used 72251K [0x0000000080000000, 0x0000000100000000)
  region size 1024K, 1 young (1024K), 1 survivors (1024K)
 Metaspace       used 71885K, committed 74176K, reserved 491520K
  class space    used 10437K, committed 11520K, reserved 425984K
}
Event: 521.646 GC heap before
{Heap before GC invocations=41 (full 0):
 garbage-first heap   total reserved 2097152K, committed 128000K, used 113211K [0x0000000080000000, 0x0000000100000000)
  region size 1024K, 30 young (30720K), 1 survivors (1024K)
 Metaspace       used 73968K, committed 76224K, reserved 491520K
  class space    used 10748K, committed 11840K, reserved 425984K
}
Event: 521.652 GC heap after
{Heap after GC invocations=42 (full 0):
 garbage-first heap   total reserved 2097152K, committed 128000K, used 87810K [0x0000000080000000, 0x0000000100000000)
  region size 1024K, 4 young (4096K), 4 survivors (4096K)
 Metaspace       used 73968K, committed 76224K, reserved 491520K
  class space    used 10748K, committed 11840K, reserved 425984K
}
Event: 540.266 GC heap before
{Heap before GC invocations=42 (full 0):
 garbage-first heap   total reserved 2097152K, committed 128000K, used 116482K [0x0000000080000000, 0x0000000100000000)
  region size 1024K, 32 young (32768K), 4 survivors (4096K)
 Metaspace       used 75837K, committed 78080K, reserved 557056K
  class space    used 10993K, committed 12096K, reserved 425984K
}
Event: 540.276 GC heap after
{Heap after GC invocations=43 (full 0):
 garbage-first heap   total reserved 2097152K, committed 128000K, used 87828K [0x0000000080000000, 0x0000000100000000)
  region size 1024K, 2 young (2048K), 2 survivors (2048K)
 Metaspace       used 75837K, committed 78080K, reserved 557056K
  class space    used 10993K, committed 12096K, reserved 425984K
}
Event: 549.403 GC heap before
{Heap before GC invocations=43 (full 0):
 garbage-first heap   total reserved 2097152K, committed 128000K, used 116500K [0x0000000080000000, 0x0000000100000000)
  region size 1024K, 31 young (31744K), 2 survivors (2048K)
 Metaspace       used 77107K, committed 79424K, reserved 557056K
  class space    used 11177K, committed 12288K, reserved 425984K
}
Event: 549.413 GC heap after
{Heap after GC invocations=44 (full 0):
 garbage-first heap   total reserved 2097152K, committed 128000K, used 89032K [0x0000000080000000, 0x0000000100000000)
  region size 1024K, 3 young (3072K), 3 survivors (3072K)
 Metaspace       used 77107K, committed 79424K, reserved 557056K
  class space    used 11177K, committed 12288K, reserved 425984K
}
Event: 578.829 GC heap before
{Heap before GC invocations=45 (full 0):
 garbage-first heap   total reserved 2097152K, committed 150528K, used 115656K [0x0000000080000000, 0x0000000100000000)
  region size 1024K, 29 young (29696K), 3 survivors (3072K)
 Metaspace       used 77731K, committed 80064K, reserved 557056K
  class space    used 11265K, committed 12352K, reserved 425984K
}
Event: 578.839 GC heap after
{Heap after GC invocations=46 (full 0):
 garbage-first heap   total reserved 2097152K, committed 150528K, used 90263K [0x0000000080000000, 0x0000000100000000)
  region size 1024K, 3 young (3072K), 3 survivors (3072K)
 Metaspace       used 77731K, committed 80064K, reserved 557056K
  class space    used 11265K, committed 12352K, reserved 425984K
}

Dll operation events (15 events):
Event: 3.884 Loaded shared library C:\Program Files\Java\jdk-23\bin\java.dll
Event: 4.439 Loaded shared library C:\Program Files\Java\jdk-23\bin\jsvml.dll
Event: 6.483 Loaded shared library C:\Program Files\Java\jdk-23\bin\zip.dll
Event: 6.498 Loaded shared library C:\Program Files\Java\jdk-23\bin\instrument.dll
Event: 6.506 Loaded shared library C:\Program Files\Java\jdk-23\bin\net.dll
Event: 6.510 Loaded shared library C:\Program Files\Java\jdk-23\bin\nio.dll
Event: 6.517 Loaded shared library C:\Program Files\Java\jdk-23\bin\zip.dll
Event: 14.826 Loaded shared library C:\Program Files\Java\jdk-23\bin\jimage.dll
Event: 19.016 Loaded shared library C:\Program Files\Java\jdk-23\bin\verify.dll
Event: 21.239 Loaded shared library C:\Users\rogin\.gradle\native\1def1411415f61bf3af743bc5b6707747c0891f09f0c88961ee8f79bc544acac\windows-amd64\native-platform.dll
Event: 21.468 Loaded shared library C:\Users\rogin\.gradle\native\0.2.7\x86_64-windows-gnu\gradle-fileevents.dll
Event: 54.010 Loaded shared library C:\Program Files\Java\jdk-23\bin\management.dll
Event: 54.020 Loaded shared library C:\Program Files\Java\jdk-23\bin\management_ext.dll
Event: 58.563 Loaded shared library C:\Program Files\Java\jdk-23\bin\extnet.dll
Event: 68.520 Loaded shared library C:\Program Files\Java\jdk-23\bin\sunmscapi.dll

Deoptimization events (20 events):
Event: 604.293 Thread 0x000001571fce7630 Uncommon trap: trap_request=0xffffffde fr.pc=0x0000015761f59038 relative=0x0000000000000a18
Event: 604.293 Thread 0x000001571fce7630 Uncommon trap: reason=class_check action=maybe_recompile pc=0x0000015761f59038 method=com.google.common.collect.Sets$1$1.computeNext()Ljava/lang/Object; @ 16 c2
Event: 604.293 Thread 0x000001571fce7630 DEOPT PACKING pc=0x0000015761f59038 sp=0x000000432e1f87e0
Event: 604.293 Thread 0x000001571fce7630 DEOPT UNPACKING pc=0x0000015761664402 sp=0x000000432e1f86f0 mode 2
Event: 604.293 Thread 0x000001571fce7630 Uncommon trap: trap_request=0xffffffde fr.pc=0x0000015761f59038 relative=0x0000000000000a18
Event: 604.293 Thread 0x000001571fce7630 Uncommon trap: reason=class_check action=maybe_recompile pc=0x0000015761f59038 method=com.google.common.collect.Sets$1$1.computeNext()Ljava/lang/Object; @ 16 c2
Event: 604.293 Thread 0x000001571fce7630 DEOPT PACKING pc=0x0000015761f59038 sp=0x000000432e1f87e0
Event: 604.293 Thread 0x000001571fce7630 DEOPT UNPACKING pc=0x0000015761664402 sp=0x000000432e1f86f0 mode 2
Event: 604.299 Thread 0x000001571fce7630 Uncommon trap: trap_request=0xffffffc6 fr.pc=0x000001576200f36c relative=0x000000000000048c
Event: 604.299 Thread 0x000001571fce7630 Uncommon trap: reason=bimorphic_or_optimized_type_check action=maybe_recompile pc=0x000001576200f36c method=com.google.common.collect.NaturalOrdering.compare(Ljava/lang/Comparable;Ljava/lang/Comparable;)I @ 12 c2
Event: 604.299 Thread 0x000001571fce7630 DEOPT PACKING pc=0x000001576200f36c sp=0x000000432e1f81b0
Event: 604.299 Thread 0x000001571fce7630 DEOPT UNPACKING pc=0x0000015761664402 sp=0x000000432e1f80d8 mode 2
Event: 604.370 Thread 0x000001571fce7630 Uncommon trap: trap_request=0xffffffc6 fr.pc=0x000001576200f36c relative=0x000000000000048c
Event: 604.370 Thread 0x000001571fce7630 Uncommon trap: reason=bimorphic_or_optimized_type_check action=maybe_recompile pc=0x000001576200f36c method=com.google.common.collect.NaturalOrdering.compare(Ljava/lang/Comparable;Ljava/lang/Comparable;)I @ 12 c2
Event: 604.370 Thread 0x000001571fce7630 DEOPT PACKING pc=0x000001576200f36c sp=0x000000432e1f81b0
Event: 604.370 Thread 0x000001571fce7630 DEOPT UNPACKING pc=0x0000015761664402 sp=0x000000432e1f80d8 mode 2
Event: 604.376 Thread 0x000001571fce7630 Uncommon trap: trap_request=0xffffff45 fr.pc=0x0000015761fb5a64 relative=0x0000000000001564
Event: 604.376 Thread 0x000001571fce7630 Uncommon trap: reason=unstable_if action=reinterpret pc=0x0000015761fb5a64 method=java.util.concurrent.ConcurrentHashMap.computeIfAbsent(Ljava/lang/Object;Ljava/util/function/Function;)Ljava/lang/Object; @ 364 c2
Event: 604.376 Thread 0x000001571fce7630 DEOPT PACKING pc=0x0000015761fb5a64 sp=0x000000432e1f71a0
Event: 604.376 Thread 0x000001571fce7630 DEOPT UNPACKING pc=0x0000015761664402 sp=0x000000432e1f7140 mode 2

Classes loaded (20 events):
Event: 547.496 Loading class java/net/InetAddress$Addresses done
Event: 547.496 Loading class java/net/InetAddress$NameServiceAddresses done
Event: 547.496 Loading class java/net/spi/InetAddressResolverProvider
Event: 547.496 Loading class java/net/spi/InetAddressResolverProvider done
Event: 547.759 Loading class sun/net/InetAddressCachePolicy
Event: 547.760 Loading class sun/net/InetAddressCachePolicy done
Event: 547.760 Loading class sun/net/InetAddressCachePolicy$1
Event: 547.760 Loading class sun/net/InetAddressCachePolicy$1 done
Event: 547.760 Loading class java/net/InetAddress$CachedLookup
Event: 547.760 Loading class java/net/InetAddress$CachedLookup done
Event: 547.761 Loading class java/net/InetAddress$CachedLocalHost
Event: 547.761 Loading class java/net/InetAddress$CachedLocalHost done
Event: 548.706 Loading class sun/reflect/annotation/AnnotationInvocationHandler$1
Event: 548.708 Loading class sun/reflect/annotation/AnnotationInvocationHandler$1 done
Event: 549.032 Loading class java/util/stream/ReduceOps$5
Event: 549.034 Loading class java/util/stream/ReduceOps$5 done
Event: 549.034 Loading class java/util/stream/ReduceOps$CountingSink$OfRef
Event: 549.034 Loading class java/util/stream/ReduceOps$CountingSink
Event: 549.034 Loading class java/util/stream/ReduceOps$CountingSink done
Event: 549.034 Loading class java/util/stream/ReduceOps$CountingSink$OfRef done

Classes unloaded (0 events):
No events

Classes redefined (0 events):
No events

Internal exceptions (20 events):
Event: 519.524 Thread 0x000001571fce7630 Exception <a 'java/lang/NoSuchMethodError'{0x0000000087896a90}: static Lorg/jetbrains/kotlin/gradle/plugin/internal/MavenPluginConfigurator$DefaultMavenPluginConfiguratorVariantFactory;.<clinit>()V> (0x0000000087896a90) 
thrown [s\open\src\hotspot\share\prims\jni.cpp, line 1111]
Event: 519.530 Thread 0x000001571fce7630 Exception <a 'java/lang/NoSuchMethodError'{0x00000000878afe08}: static Lorg/jetbrains/kotlin/gradle/targets/js/nodejs/DefaultUnameExecutorVariantFactory;.<clinit>()V> (0x00000000878afe08) 
thrown [s\open\src\hotspot\share\prims\jni.cpp, line 1111]
Event: 519.533 Thread 0x000001571fce7630 Exception <a 'java/lang/NoSuchMethodError'{0x00000000878c98e8}: static Lorg/jetbrains/kotlin/gradle/plugin/internal/DefaultBasePluginConfigurationVariantFactory;.<clinit>()V> (0x00000000878c98e8) 
thrown [s\open\src\hotspot\share\prims\jni.cpp, line 1111]
Event: 519.694 Thread 0x000001571fce7630 Implicit null exception at 0x0000015761e353ce to 0x0000015761e35ba0
Event: 519.700 Thread 0x000001571fce7630 Exception <a 'java/lang/NoSuchMethodError'{0x000000008761c080}: 'int java.lang.invoke.DelegatingMethodHandle$Holder.reinvoke_L(java.lang.Object, java.lang.Object, java.lang.Object, java.lang.Object, java.lang.Object, java.lang.Object)'> (0x000000008761c080) 
thrown [s\open\src\hotspot\share\interpreter\linkResolver.cpp, line 796]
Event: 520.119 Thread 0x000001571fce7630 Exception <a 'java/lang/NoSuchMethodError'{0x00000000871d65c8}: 'long java.lang.invoke.DirectMethodHandle$Holder.invokeStatic(java.lang.Object, java.lang.Object, int)'> (0x00000000871d65c8) 
thrown [s\open\src\hotspot\share\interpreter\linkResolver.cpp, line 796]
Event: 520.123 Thread 0x000001571fce7630 Exception <a 'java/lang/NoSuchMethodError'{0x00000000871e2b08}: 'int java.lang.invoke.DelegatingMethodHandle$Holder.reinvoke_L(java.lang.Object, java.lang.Object, java.lang.Object, long, java.lang.Object, java.lang.Object)'> (0x00000000871e2b08) 
thrown [s\open\src\hotspot\share\interpreter\linkResolver.cpp, line 796]
Event: 522.217 Thread 0x000001571fce7630 Exception <a 'java/lang/ClassNotFoundException'{0x0000000086b53ba8}: org/jetbrains/kotlin/gradle/targets/js/npm/DefaultNpmDependencyExtensionBeanInfo> (0x0000000086b53ba8) 
thrown [s\open\src\hotspot\share\classfile\systemDictionary.cpp, line 313]
Event: 522.219 Thread 0x000001571fce7630 Exception <a 'java/lang/ClassNotFoundException'{0x0000000086b5cac8}: org/jetbrains/kotlin/gradle/targets/js/npm/DefaultNpmDependencyExtensionCustomizer> (0x0000000086b5cac8) 
thrown [s\open\src\hotspot\share\classfile\systemDictionary.cpp, line 313]
Event: 522.231 Thread 0x000001571fce7630 Exception <a 'java/lang/ClassNotFoundException'{0x0000000086bda8d8}: org/jetbrains/kotlin/gradle/targets/js/npm/NpmDependencyExtensionKt$defaultNpmDependencyDelegate$1BeanInfo> (0x0000000086bda8d8) 
thrown [s\open\src\hotspot\share\classfile\systemDictionary.cpp, line 313]
Event: 522.232 Thread 0x000001571fce7630 Exception <a 'java/lang/ClassNotFoundException'{0x0000000086be3598}: org/jetbrains/kotlin/gradle/targets/js/npm/NpmDependencyExtensionDelegateBeanInfo> (0x0000000086be3598) 
thrown [s\open\src\hotspot\share\classfile\systemDictionary.cpp, line 313]
Event: 522.232 Thread 0x000001571fce7630 Exception <a 'java/lang/ClassNotFoundException'{0x0000000086bec220}: org/jetbrains/kotlin/gradle/targets/js/npm/NpmDependencyExtensionDelegateCustomizer> (0x0000000086bec220) 
thrown [s\open\src\hotspot\share\classfile\systemDictionary.cpp, line 313]
Event: 522.237 Thread 0x000001571fce7630 Exception <a 'java/lang/ClassNotFoundException'{0x0000000086a1c680}: org/jetbrains/kotlin/gradle/targets/js/npm/NpmDependencyExtensionKt$defaultNpmDependencyDelegate$1Customizer> (0x0000000086a1c680) 
thrown [s\open\src\hotspot\share\classfile\systemDictionary.cpp, line 313]
Event: 522.241 Thread 0x000001571fce7630 Exception <a 'java/lang/ClassNotFoundException'{0x0000000086a53e48}: org/jetbrains/kotlin/gradle/targets/js/npm/DefaultDevNpmDependencyExtensionBeanInfo> (0x0000000086a53e48) 
thrown [s\open\src\hotspot\share\classfile\systemDictionary.cpp, line 313]
Event: 522.241 Thread 0x000001571fce7630 Exception <a 'java/lang/ClassNotFoundException'{0x0000000086a5cd50}: org/jetbrains/kotlin/gradle/targets/js/npm/DefaultDevNpmDependencyExtensionCustomizer> (0x0000000086a5cd50) 
thrown [s\open\src\hotspot\share\classfile\systemDictionary.cpp, line 313]
Event: 522.245 Thread 0x000001571fce7630 Exception <a 'java/lang/ClassNotFoundException'{0x0000000086a9f5a8}: org/jetbrains/kotlin/gradle/targets/js/npm/DefaultPeerNpmDependencyExtensionBeanInfo> (0x0000000086a9f5a8) 
thrown [s\open\src\hotspot\share\classfile\systemDictionary.cpp, line 313]
Event: 522.245 Thread 0x000001571fce7630 Exception <a 'java/lang/ClassNotFoundException'{0x0000000086aa8238}: org/jetbrains/kotlin/gradle/targets/js/npm/DefaultPeerNpmDependencyExtensionCustomizer> (0x0000000086aa8238) 
thrown [s\open\src\hotspot\share\classfile\systemDictionary.cpp, line 313]
Event: 522.252 Thread 0x000001571fce7630 Exception <a 'java/lang/ClassNotFoundException'{0x0000000086af3d40}: org/jetbrains/kotlin/gradle/targets/js/npm/DefaultPeerNpmDependencyExtension$delegate$1BeanInfo> (0x0000000086af3d40) 
thrown [s\open\src\hotspot\share\classfile\systemDictionary.cpp, line 313]
Event: 522.252 Thread 0x000001571fce7630 Exception <a 'java/lang/ClassNotFoundException'{0x0000000086afca48}: org/jetbrains/kotlin/gradle/targets/js/npm/DefaultPeerNpmDependencyExtension$delegate$1Customizer> (0x0000000086afca48) 
thrown [s\open\src\hotspot\share\classfile\systemDictionary.cpp, line 313]
Event: 522.275 Thread 0x000001571fce7630 Exception <a 'java/lang/NoSuchMethodError'{0x00000000869fa8a0}: static Lorg/jetbrains/kotlin/gradle/plugin/internal/DefaultIdeaSyncDetector$createIdeaPropertiesEvaluator$1;.<clinit>()V> (0x00000000869fa8a0) 
thrown [s\open\src\hotspot\share\prims\jni.cpp, line 1111]

VM Operations (20 events):
Event: 522.061 Executing VM operation: HandshakeAllThreads (Deoptimize)
Event: 522.061 Executing VM operation: HandshakeAllThreads (Deoptimize) done
Event: 540.266 Executing VM operation: G1CollectForAllocation (G1 Evacuation Pause)
Event: 540.276 Executing VM operation: G1CollectForAllocation (G1 Evacuation Pause) done
Event: 545.184 Executing VM operation: HandshakeAllThreads (HandshakeForDeflation)
Event: 545.184 Executing VM operation: HandshakeAllThreads (HandshakeForDeflation) done
Event: 545.184 Executing VM operation: RendezvousGCThreads
Event: 545.184 Executing VM operation: RendezvousGCThreads done
Event: 546.168 Executing VM operation: HandshakeAllThreads (Deoptimize)
Event: 546.168 Executing VM operation: HandshakeAllThreads (Deoptimize) done
Event: 548.908 Executing VM operation: HandshakeAllThreads (Deoptimize)
Event: 548.908 Executing VM operation: HandshakeAllThreads (Deoptimize) done
Event: 549.403 Executing VM operation: G1CollectForAllocation (G1 Evacuation Pause)
Event: 549.413 Executing VM operation: G1CollectForAllocation (G1 Evacuation Pause) done
Event: 549.640 Executing VM operation: G1PauseRemark
Event: 549.651 Executing VM operation: G1PauseRemark done
Event: 549.716 Executing VM operation: G1PauseCleanup
Event: 549.716 Executing VM operation: G1PauseCleanup done
Event: 578.828 Executing VM operation: G1CollectForAllocation (G1 Evacuation Pause)
Event: 578.839 Executing VM operation: G1CollectForAllocation (G1 Evacuation Pause) done

Memory protections (0 events):
No events

Nmethod flushes (20 events):
Event: 549.648 Thread 0x000001576dee8c40 flushing  nmethod 0x000001575a671688
Event: 549.649 Thread 0x000001576dee8c40 flushing  nmethod 0x000001575a672588
Event: 549.649 Thread 0x000001576dee8c40 flushing  nmethod 0x000001575a865308
Event: 549.649 Thread 0x000001576dee8c40 flushing  nmethod 0x000001575a865908
Event: 549.649 Thread 0x000001576dee8c40 flushing  nmethod 0x000001575a880888
Event: 549.649 Thread 0x000001576dee8c40 flushing  nmethod 0x000001575a901708
Event: 549.649 Thread 0x000001576dee8c40 flushing  nmethod 0x000001575a902308
Event: 549.649 Thread 0x000001576dee8c40 flushing  nmethod 0x000001575a92df08
Event: 549.649 Thread 0x000001576dee8c40 flushing  nmethod 0x000001575a930488
Event: 549.649 Thread 0x000001576dee8c40 flushing  nmethod 0x000001575a930808
Event: 549.649 Thread 0x000001576dee8c40 flushing  nmethod 0x000001575a954b08
Event: 549.649 Thread 0x000001576dee8c40 flushing  nmethod 0x000001575a956088
Event: 549.649 Thread 0x000001576dee8c40 flushing  nmethod 0x000001575a95da08
Event: 549.649 Thread 0x000001576dee8c40 flushing  nmethod 0x000001575a95ff08
Event: 549.649 Thread 0x000001576dee8c40 flushing  nmethod 0x000001575a978988
Event: 549.649 Thread 0x000001576dee8c40 flushing  nmethod 0x000001575a979008
Event: 549.649 Thread 0x000001576dee8c40 flushing  nmethod 0x000001575aa0f608
Event: 549.649 Thread 0x000001576dee8c40 flushing  nmethod 0x000001575aa64388
Event: 549.649 Thread 0x000001576dee8c40 flushing  nmethod 0x000001575aa66008
Event: 549.649 Thread 0x000001576dee8c40 flushing  nmethod 0x000001575aa66f08

Events (20 events):
Event: 381.826 Thread 0x000001571fce7630 Thread added: 0x0000015721b4b080
Event: 433.459 Thread 0x000001571fce7630 Thread added: 0x0000015721b4de70
Event: 444.640 Thread 0x000001571fce7630 Thread added: 0x0000015721b526a0
Event: 502.416 Thread 0x000001571fce7630 Thread added: 0x0000015721b505d0
Event: 502.418 Thread 0x000001571fce7630 Thread added: 0x0000015721b4ff40
Event: 502.418 Thread 0x000001571fce7630 Thread added: 0x000001572339cc70
Event: 512.069 Thread 0x000001571fce7630 Thread added: 0x0000015722b047b0
Event: 512.071 Thread 0x000001571fce7630 Thread added: 0x0000015722b02d70
Event: 512.074 Thread 0x000001571fce7630 Thread added: 0x0000015722b06880
Event: 518.397 Thread 0x000001571fce7630 Thread added: 0x0000015722b075a0
Event: 518.398 Thread 0x000001571fce7630 Thread added: 0x0000015722b03a90
Event: 518.399 Thread 0x000001571fce7630 Thread added: 0x0000015722b03400
Event: 519.656 Thread 0x000001571fce7630 Thread added: 0x0000015722b05b60
Event: 554.926 Thread 0x000001571fce7630 Thread added: 0x0000015722b06f10
Event: 554.926 Thread 0x000001571fce7630 Thread added: 0x0000015722b054d0
Event: 559.770 Thread 0x000001571fce7630 Thread added: 0x0000015722b08950
Event: 559.774 Thread 0x000001571fce7630 Thread added: 0x0000015722b019c0
Event: 562.997 Thread 0x000001571fce7630 Thread added: 0x0000015722b08fe0
Event: 563.000 Thread 0x000001571fce7630 Thread added: 0x0000015722b02050
Event: 563.002 Thread 0x000001571fce7630 Thread added: 0x0000015721b4f8b0


Dynamic libraries:
0x00007ff7ec4a0000 - 0x00007ff7ec4b0000 	C:\Program Files\Java\jdk-23\bin\java.exe
0x00007ffc77f30000 - 0x00007ffc78147000 	C:\Windows\SYSTEM32\ntdll.dll
0x00007ffc46a90000 - 0x00007ffc46aab000 	C:\Program Files\Avast Software\Avast\aswhook.dll
0x00007ffc76050000 - 0x00007ffc76114000 	C:\Windows\System32\KERNEL32.DLL
0x00007ffc75740000 - 0x00007ffc75b13000 	C:\Windows\System32\KERNELBASE.dll
0x00007ffc75210000 - 0x00007ffc75321000 	C:\Windows\System32\ucrtbase.dll
0x00007ffc526a0000 - 0x00007ffc526b7000 	C:\Program Files\Java\jdk-23\bin\jli.dll
0x00007ffc77830000 - 0x00007ffc779e1000 	C:\Windows\System32\USER32.dll
0x00007ffc754a0000 - 0x00007ffc754c6000 	C:\Windows\System32\win32u.dll
0x00007ffc779f0000 - 0x00007ffc77a19000 	C:\Windows\System32\GDI32.dll
0x00007ffc750e0000 - 0x00007ffc75202000 	C:\Windows\System32\gdi32full.dll
0x00007ffc75b20000 - 0x00007ffc75bba000 	C:\Windows\System32\msvcp_win.dll
0x00007ffc52040000 - 0x00007ffc5205b000 	C:\Program Files\Java\jdk-23\bin\VCRUNTIME140.dll
0x00007ffc60430000 - 0x00007ffc606cb000 	C:\Windows\WinSxS\amd64_microsoft.windows.common-controls_6595b64144ccf1df_6.0.22621.5262_none_2712bde373830908\COMCTL32.dll
0x00007ffc76d10000 - 0x00007ffc76db7000 	C:\Windows\System32\msvcrt.dll
0x00007ffc770e0000 - 0x00007ffc77111000 	C:\Windows\System32\IMM32.DLL
0x00007ffc52f00000 - 0x00007ffc52f0c000 	C:\Program Files\Java\jdk-23\bin\vcruntime140_1.dll
0x00007ffc42c00000 - 0x00007ffc42c8e000 	C:\Program Files\Java\jdk-23\bin\msvcp140.dll
0x00007ffbdca40000 - 0x00007ffbdd78f000 	C:\Program Files\Java\jdk-23\bin\server\jvm.dll
0x00007ffc76ad0000 - 0x00007ffc76b81000 	C:\Windows\System32\ADVAPI32.dll
0x00007ffc76120000 - 0x00007ffc761c7000 	C:\Windows\System32\sechost.dll
0x00007ffc754d0000 - 0x00007ffc754f8000 	C:\Windows\System32\bcrypt.dll
0x00007ffc77b30000 - 0x00007ffc77c44000 	C:\Windows\System32\RPCRT4.dll
0x00007ffc75f60000 - 0x00007ffc75fd1000 	C:\Windows\System32\WS2_32.dll
0x00007ffc74ef0000 - 0x00007ffc74f3d000 	C:\Windows\SYSTEM32\POWRPROF.dll
0x00007ffc6e690000 - 0x00007ffc6e6c4000 	C:\Windows\SYSTEM32\WINMM.dll
0x00007ffc6e0a0000 - 0x00007ffc6e0aa000 	C:\Windows\SYSTEM32\VERSION.dll
0x00007ffc74ed0000 - 0x00007ffc74ee3000 	C:\Windows\SYSTEM32\UMPDC.dll
0x00007ffc74030000 - 0x00007ffc74048000 	C:\Windows\SYSTEM32\kernel.appcore.dll
0x00007ffc52790000 - 0x00007ffc5279a000 	C:\Program Files\Java\jdk-23\bin\jimage.dll
0x00007ffc65de0000 - 0x00007ffc66012000 	C:\Windows\SYSTEM32\DBGHELP.DLL
0x00007ffc75bc0000 - 0x00007ffc75f53000 	C:\Windows\System32\combase.dll
0x00007ffc77120000 - 0x00007ffc771f7000 	C:\Windows\System32\OLEAUT32.dll
0x00007ffc65c30000 - 0x00007ffc65c62000 	C:\Windows\SYSTEM32\dbgcore.DLL
0x00007ffc75500000 - 0x00007ffc7557b000 	C:\Windows\System32\bcryptPrimitives.dll
0x00007ffc52780000 - 0x00007ffc5278f000 	C:\Program Files\Java\jdk-23\bin\instrument.dll
0x00007ffc52760000 - 0x00007ffc5277e000 	C:\Program Files\Java\jdk-23\bin\java.dll
0x00007ffc77200000 - 0x00007ffc773a1000 	C:\Windows\System32\ole32.dll
0x00007ffc76230000 - 0x00007ffc76acd000 	C:\Windows\System32\SHELL32.dll
0x00007ffc75580000 - 0x00007ffc756bf000 	C:\Windows\System32\wintypes.dll
0x00007ffc72f10000 - 0x00007ffc7382d000 	C:\Windows\SYSTEM32\windows.storage.dll
0x00007ffc77a20000 - 0x00007ffc77b2b000 	C:\Windows\System32\SHCORE.dll
0x00007ffc76b90000 - 0x00007ffc76bf6000 	C:\Windows\System32\shlwapi.dll
0x00007ffc74f50000 - 0x00007ffc74f7b000 	C:\Windows\SYSTEM32\profapi.dll
0x00007ffc2d3f0000 - 0x00007ffc2d4c7000 	C:\Program Files\Java\jdk-23\bin\jsvml.dll
0x00007ffc51f80000 - 0x00007ffc51f97000 	C:\Program Files\Java\jdk-23\bin\zip.dll
0x00007ffc52500000 - 0x00007ffc52510000 	C:\Program Files\Java\jdk-23\bin\net.dll
0x00007ffc744c0000 - 0x00007ffc7452a000 	C:\Windows\system32\mswsock.dll
0x00007ffc51f60000 - 0x00007ffc51f76000 	C:\Program Files\Java\jdk-23\bin\nio.dll
0x00007ffc510d0000 - 0x00007ffc510e0000 	C:\Program Files\Java\jdk-23\bin\verify.dll
0x00007ffc5bb00000 - 0x00007ffc5bb27000 	C:\Users\rogin\.gradle\native\1def1411415f61bf3af743bc5b6707747c0891f09f0c88961ee8f79bc544acac\windows-amd64\native-platform.dll
0x00007ffc49f40000 - 0x00007ffc49fb8000 	C:\Users\rogin\.gradle\native\0.2.7\x86_64-windows-gnu\gradle-fileevents.dll
0x00007ffc50c80000 - 0x00007ffc50c8a000 	C:\Program Files\Java\jdk-23\bin\management.dll
0x00007ffc4b110000 - 0x00007ffc4b11b000 	C:\Program Files\Java\jdk-23\bin\management_ext.dll
0x00007ffc76fa0000 - 0x00007ffc76fa8000 	C:\Windows\System32\PSAPI.DLL
0x00007ffc73ad0000 - 0x00007ffc73afd000 	C:\Windows\SYSTEM32\IPHLPAPI.DLL
0x00007ffc76dc0000 - 0x00007ffc76dc9000 	C:\Windows\System32\NSI.dll
0x00007ffc4b100000 - 0x00007ffc4b109000 	C:\Program Files\Java\jdk-23\bin\extnet.dll
0x00007ffc74740000 - 0x00007ffc7475b000 	C:\Windows\SYSTEM32\CRYPTSP.dll
0x00007ffc73f80000 - 0x00007ffc73fb7000 	C:\Windows\system32\rsaenh.dll
0x00007ffc745d0000 - 0x00007ffc745f8000 	C:\Windows\SYSTEM32\USERENV.dll
0x00007ffc74730000 - 0x00007ffc7473c000 	C:\Windows\SYSTEM32\CRYPTBASE.dll
0x00007ffc49f30000 - 0x00007ffc49f3e000 	C:\Program Files\Java\jdk-23\bin\sunmscapi.dll
0x00007ffc75330000 - 0x00007ffc75497000 	C:\Windows\System32\CRYPT32.dll
0x00007ffc748f0000 - 0x00007ffc7491d000 	C:\Windows\SYSTEM32\ncrypt.dll
0x00007ffc748b0000 - 0x00007ffc748e7000 	C:\Windows\SYSTEM32\NTASN1.dll
0x00007ffc53b20000 - 0x00007ffc53b28000 	C:\Windows\system32\wshunix.dll
0x00007ffc515c0000 - 0x00007ffc515d7000 	C:\Windows\system32\napinsp.dll
0x00007ffc515a0000 - 0x00007ffc515bb000 	C:\Windows\system32\pnrpnsp.dll
0x00007ffc73b00000 - 0x00007ffc73bf8000 	C:\Windows\SYSTEM32\DNSAPI.dll
0x00007ffc51580000 - 0x00007ffc51591000 	C:\Windows\System32\winrnr.dll
0x00007ffc6c9b0000 - 0x00007ffc6c9cf000 	C:\Windows\system32\wshbth.dll
0x00007ffc51550000 - 0x00007ffc51571000 	C:\Windows\system32\nlansp_c.dll
0x00007ffc65a10000 - 0x00007ffc65a1a000 	C:\Windows\System32\rasadhlp.dll
0x00007ffc6b9a0000 - 0x00007ffc6ba23000 	C:\Windows\System32\fwpuclnt.dll

dbghelp: loaded successfully - version: 4.0.5 - missing functions: none
symbol engine: initialized successfully - sym options: 0x614 - pdb path: .;C:\Program Files\Java\jdk-23\bin;C:\Windows\SYSTEM32;C:\Program Files\Avast Software\Avast;C:\Windows\WinSxS\amd64_microsoft.windows.common-controls_6595b64144ccf1df_6.0.22621.5262_none_2712bde373830908;C:\Program Files\Java\jdk-23\bin\server;C:\Users\rogin\.gradle\native\1def1411415f61bf3af743bc5b6707747c0891f09f0c88961ee8f79bc544acac\windows-amd64;C:\Users\rogin\.gradle\native\0.2.7\x86_64-windows-gnu

VM Arguments:
jvm_args: --add-opens=java.base/java.lang=ALL-UNNAMED --add-opens=java.base/java.lang.invoke=ALL-UNNAMED --add-opens=java.base/java.util=ALL-UNNAMED --add-opens=java.prefs/java.util.prefs=ALL-UNNAMED --add-exports=jdk.compiler/com.sun.tools.javac.api=ALL-UNNAMED --add-exports=jdk.compiler/com.sun.tools.javac.util=ALL-UNNAMED --add-opens=java.base/java.util=ALL-UNNAMED --add-opens=java.prefs/java.util.prefs=ALL-UNNAMED --add-opens=java.base/java.nio.charset=ALL-UNNAMED --add-opens=java.base/java.net=ALL-UNNAMED --add-opens=java.base/java.util.concurrent.atomic=ALL-UNNAMED --add-opens=java.xml/javax.xml.namespace=ALL-UNNAMED -XX:MaxMetaspaceSize=512m -Xmx2048m -Dfile.encoding=UTF-8 -Duser.country=BR -Duser.language=pt -Duser.variant -javaagent:C:\Users\rogin\.gradle\wrapper\dists\gradle-8.13-bin\5xuhj0ry160q40clulazy9h7d\gradle-8.13\lib\agents\gradle-instrumentation-agent-8.13.jar 
java_command: org.gradle.launcher.daemon.bootstrap.GradleDaemon 8.13
java_class_path (initial): C:\Users\rogin\.gradle\wrapper\dists\gradle-8.13-bin\5xuhj0ry160q40clulazy9h7d\gradle-8.13\lib\gradle-daemon-main-8.13.jar
Launcher Type: SUN_STANDARD

[Global flags]
     intx CICompilerCount                          = 3                                         {product} {ergonomic}
   size_t CompressedClassSpaceSize                 = 436207616                                 {product} {ergonomic}
     uint ConcGCThreads                            = 1                                         {product} {ergonomic}
     uint G1ConcRefinementThreads                  = 4                                         {product} {ergonomic}
   size_t G1HeapRegionSize                         = 1048576                                   {product} {ergonomic}
   size_t InitialHeapSize                          = 132120576                                 {product} {ergonomic}
   size_t MarkStackSize                            = 4194304                                   {product} {ergonomic}
   size_t MarkStackSizeMax                         = 536870912                                 {product} {ergonomic}
   size_t MaxHeapSize                              = 2147483648                                {product} {command line}
   size_t MaxMetaspaceSize                         = 536870912                                 {product} {command line}
   size_t MaxNewSize                               = 1287651328                                {product} {ergonomic}
   size_t MinHeapDeltaBytes                        = 1048576                                   {product} {ergonomic}
   size_t MinHeapSize                              = 8388608                                   {product} {ergonomic}
    uintx NonNMethodCodeHeapSize                   = 5832704                                {pd product} {ergonomic}
    uintx NonProfiledCodeHeapSize                  = 122945536                              {pd product} {ergonomic}
    uintx ProfiledCodeHeapSize                     = 122880000                              {pd product} {ergonomic}
    uintx ReservedCodeCacheSize                    = 251658240                              {pd product} {ergonomic}
     bool SegmentedCodeCache                       = true                                      {product} {ergonomic}
   size_t SoftMaxHeapSize                          = 2147483648                             {manageable} {ergonomic}
     bool UseCompressedOops                        = true                           {product lp64_product} {ergonomic}
     bool UseG1GC                                  = true                                      {product} {ergonomic}
     bool UseLargePagesIndividualAllocation        = false                                  {pd product} {ergonomic}

Logging:
Log output configuration:
 #0: stdout all=warning uptime,level,tags foldmultilines=false
 #1: stderr all=off uptime,level,tags foldmultilines=false

Environment Variables:
JAVA_HOME=C:\Program Files\Java\jdk-23
PATH=C:\Program Files\Common Files\Oracle\Java\javapath;C:\Program Files (x86)\Common Files\Oracle\Java\java8path;C:\Program Files (x86)\Common Files\Oracle\Java\javapath;C:\Program Files\Zulu\zulu-22\bin\;C:\Windows\system32;C:\Windows;C:\Windows\System32\Wbem;C:\Windows\System32\WindowsPowerShell\v1.0\;C:\Windows\System32\OpenSSH\;C:\Program Files (x86)\NVIDIA Corporation\PhysX\Common;C:\Program Files (x86)\Yarn\bin;C:\Program Files\Microsoft SQL Server\120\Tools\Binn\;C:\Program Files\Common Files\Autodesk Shared\;C:\Program Files\nodejs\;C:\Program Files\Git\cmd;C:\Program Files\Tailscale\;C:\Program Files\Java\jdk-23\bin;C:\Program Files\Java\jdk-23\bin;C:\Users\rogin\AppData\Local\Programs\Python\Python312\Scripts\;C:\Users\rogin\AppData\Local\Programs\Python\Python312\;C:\Users\rogin\AppData\Local\Microsoft\WindowsApps;C:\Users\rogin\AppData\Local\Programs\Microsoft VS Code\bin;C:\Users\rogin\AppData\Local\Yarn\bin;C:\Program Files\JetBrains\IntelliJ IDEA Community Edition 2024.1.1\bin;;C:\Users\rogin\AppData\Local\Microsoft\WinGet\Links;C:\Users\rogin\AppData\Local\Microsoft\WinGet\Packages\Schniz.fnm_Microsoft.Winget.Source_8wekyb3d8bbwe;C:\Users\rogin\AppData\Roaming\npm;C:\Users\rogin\AppData\Local\Android\Sdk\tools;C:\Users\rogin\AppData\Local\Android\Sdk\platform-tools;
USERNAME=rogin
OS=Windows_NT
PROCESSOR_IDENTIFIER=Intel64 Family 6 Model 142 Stepping 9, GenuineIntel
TMP=C:\Users\rogin\AppData\Local\Temp
TEMP=C:\Users\rogin\AppData\Local\Temp




Periodic native trim disabled

---------------  S Y S T E M  ---------------

OS:
 Windows 11 , 64 bit Build 22621 (10.0.22621.5262)
OS uptime: 0 days 8:50 hours
Hyper-V role detected

CPU: total 4 (initial active 4) (2 cores per cpu, 2 threads per core) family 6 model 142 stepping 9 microcode 0xde, cx8, cmov, fxsr, ht, mmx, 3dnowpref, sse, sse2, sse3, ssse3, sse4.1, sse4.2, popcnt, lzcnt, tsc, tscinvbit, avx, avx2, aes, erms, clmul, bmi1, bmi2, adx, fma, vzeroupper, clflush, clflushopt, hv, rdtscp, f16c
Processor Information for the first 4 processors :
  Max Mhz: 2901, Current Mhz: 2900, Mhz Limit: 2871

Memory: 4k page, system-wide physical 8060M (97M free)
TotalPageFile size 22369M (AvailPageFile size 13M)
current process WorkingSet (physical memory assigned to process): 208M, peak: 291M
current process commit charge ("private bytes"): 406M, peak: 408M

vm_info: Java HotSpot(TM) 64-Bit Server VM (23+37-2369) for windows-amd64 JRE (23+37-2369), built on 2024-08-20T16:01:23Z with MS VC++ 17.6 (VS2022)

END.
