#
# There is insufficient memory for the Java Runtime Environment to continue.
# Native memory allocation (malloc) failed to allocate 1104064 bytes. Error detail: Chunk::new
# Possible reasons:
#   The system is out of physical RAM or swap space
#   This process is running with CompressedOops enabled, and the Java Heap may be blocking the growth of the native heap
# Possible solutions:
#   Reduce memory load on the system
#   Increase physical memory or swap space
#   Check if swap backing store is full
#   Decrease Java heap size (-Xmx/-Xms)
#   Decrease number of Java threads
#   Decrease Java thread stack sizes (-Xss)
#   Set larger code cache with -XX:ReservedCodeCacheSize=
#   JVM is running with Unscaled Compressed Oops mode in which the Java heap is
#     placed in the first 4GB address space. The Java Heap base address is the
#     maximum limit for the native heap growth. Please use -XX:HeapBaseMinAddress
#     to set the Java Heap base and to place the Java Heap above 4GB virtual address.
# This output file may be truncated or incomplete.
#
#  Out of Memory Error (arena.cpp:149), pid=1708, tid=948
#
# JRE version: Java(TM) SE Runtime Environment (23.0+37) (build 23+37-2369)
# Java VM: Java HotSpot(TM) 64-Bit Server VM (23+37-2369, mixed mode, sharing, tiered, compressed oops, compressed class ptrs, g1 gc, windows-amd64)
# No core dump will be written. Minidumps are not enabled by default on client versions of Windows
#

---------------  S U M M A R Y ------------

Command Line: --add-opens=java.base/java.lang=ALL-UNNAMED --add-opens=java.base/java.lang.invoke=ALL-UNNAMED --add-opens=java.base/java.util=ALL-UNNAMED --add-opens=java.prefs/java.util.prefs=ALL-UNNAMED --add-exports=jdk.compiler/com.sun.tools.javac.api=ALL-UNNAMED --add-exports=jdk.compiler/com.sun.tools.javac.util=ALL-UNNAMED --add-opens=java.base/java.util=ALL-UNNAMED --add-opens=java.prefs/java.util.prefs=ALL-UNNAMED --add-opens=java.base/java.nio.charset=ALL-UNNAMED --add-opens=java.base/java.net=ALL-UNNAMED --add-opens=java.base/java.util.concurrent.atomic=ALL-UNNAMED --add-opens=java.xml/javax.xml.namespace=ALL-UNNAMED -XX:MaxMetaspaceSize=512m -Xmx2048m -Dfile.encoding=UTF-8 -Duser.country=BR -Duser.language=pt -Duser.variant -javaagent:C:\Users\rogin\.gradle\wrapper\dists\gradle-8.13-bin\5xuhj0ry160q40clulazy9h7d\gradle-8.13\lib\agents\gradle-instrumentation-agent-8.13.jar org.gradle.launcher.daemon.bootstrap.GradleDaemon 8.13

Host: Intel(R) Core(TM) i7-7500U CPU @ 2.70GHz, 4 cores, 7G,  Windows 11 , 64 bit Build 22621 (10.0.22621.5262)
Time: Mon Jun  2 16:24:03 2025 Hora oficial do Brasil elapsed time: 603.614247 seconds (0d 0h 10m 3s)

---------------  T H R E A D  ---------------

Current thread (0x0000019d3fb0d950):  JavaThread "C2 CompilerThread0" daemon [_thread_in_native, id=948, stack(0x0000001376200000,0x0000001376300000) (1024K)]


Current CompileTask:
C2:603614 11798       4       org.gradle.internal.reflect.ClassInspector::inspectClass (179 bytes)

Stack: [0x0000001376200000,0x0000001376300000]
Native frames: (J=compiled Java code, j=interpreted, Vv=VM code, C=native code)
V  [jvm.dll+0x6e08a9]  (no source info available)
V  [jvm.dll+0x87da63]  (no source info available)
V  [jvm.dll+0x87feee]  (no source info available)
V  [jvm.dll+0x8805c3]  (no source info available)
V  [jvm.dll+0x27aee6]  (no source info available)
V  [jvm.dll+0xbc06f]  (no source info available)
V  [jvm.dll+0xbc2cb]  (no source info available)
V  [jvm.dll+0x3b3a9c]  (no source info available)
V  [jvm.dll+0x1dc19c]  (no source info available)
V  [jvm.dll+0x244be5]  (no source info available)
V  [jvm.dll+0x243dff]  (no source info available)
V  [jvm.dll+0x1c33a0]  (no source info available)
V  [jvm.dll+0x253cf1]  (no source info available)
V  [jvm.dll+0x251faa]  (no source info available)
V  [jvm.dll+0x3ee036]  (no source info available)
V  [jvm.dll+0x824f1b]  (no source info available)
V  [jvm.dll+0x6df055]  (no source info available)
C  [ucrtbase.dll+0x29333]  (no source info available)
C  [KERNEL32.DLL+0x1259d]  (no source info available)
C  [ntdll.dll+0x5af58]  (no source info available)

Lock stack of current Java thread (top to bottom):


---------------  P R O C E S S  ---------------

Threads class SMR info:
_java_thread_list=0x0000019d6233ef30, length=72, elements={
0x0000019d235b6570, 0x0000019d3fb03350, 0x0000019d3fb04420, 0x0000019d3fb067c0,
0x0000019d3fb0a470, 0x0000019d3fb0c160, 0x0000019d3fb0cbc0, 0x0000019d3fb0d950,
0x0000019d3fb78730, 0x0000019d3fc13060, 0x0000019d3fdca900, 0x0000019d3fb5aa30,
0x0000019d604adaf0, 0x0000019d3fd07130, 0x0000019d60467490, 0x0000019d603403a0,
0x0000019d604624a0, 0x0000019d604167a0, 0x0000019d60416e30, 0x0000019d604174c0,
0x0000019d60415a80, 0x0000019d60416110, 0x0000019d60417b50, 0x0000019d604181e0,
0x0000019d60418870, 0x0000019d61560430, 0x0000019d61563220, 0x0000019d6155cfb0,
0x0000019d6155f080, 0x0000019d61561150, 0x0000019d615617e0, 0x0000019d61562b90,
0x0000019d615638b0, 0x0000019d6155d640, 0x0000019d6344a150, 0x0000019d63448da0,
0x0000019d63449ac0, 0x0000019d63445290, 0x0000019d63445920, 0x0000019d634479f0,
0x0000019d63443ee0, 0x0000019d63446cd0, 0x0000019d63446640, 0x0000019d63447360,
0x0000019d63448080, 0x0000019d6344b500, 0x0000019d61560ac0, 0x0000019d6155dcd0,
0x0000019d61561e70, 0x0000019d6155e9f0, 0x0000019d61562500, 0x0000019d6194f900,
0x0000019d61952060, 0x0000019d61950cb0, 0x0000019d6194d830, 0x0000019d6194d1a0,
0x0000019d6194dec0, 0x0000019d6194e550, 0x0000019d6194ebe0, 0x0000019d6194f270,
0x0000019d6155f710, 0x0000019d63b69290, 0x0000019d63b69fb0, 0x0000019d63b671c0,
0x0000019d63b63020, 0x0000019d63b643d0, 0x0000019d63b64a60, 0x0000019d63b650f0,
0x0000019d63b67ee0, 0x0000019d63b664a0, 0x0000019d63b67850, 0x0000019d63b65780
}

Java Threads: ( => current thread )
  0x0000019d235b6570 JavaThread "main"                              [_thread_blocked, id=16900, stack(0x0000001375300000,0x0000001375400000) (1024K)]
  0x0000019d3fb03350 JavaThread "Reference Handler"          daemon [_thread_blocked, id=18780, stack(0x0000001375c00000,0x0000001375d00000) (1024K)]
  0x0000019d3fb04420 JavaThread "Finalizer"                  daemon [_thread_blocked, id=2872, stack(0x0000001375d00000,0x0000001375e00000) (1024K)]
  0x0000019d3fb067c0 JavaThread "Signal Dispatcher"          daemon [_thread_blocked, id=7556, stack(0x0000001375e00000,0x0000001375f00000) (1024K)]
  0x0000019d3fb0a470 JavaThread "Attach Listener"            daemon [_thread_blocked, id=20256, stack(0x0000001375f00000,0x0000001376000000) (1024K)]
  0x0000019d3fb0c160 JavaThread "Service Thread"             daemon [_thread_blocked, id=18072, stack(0x0000001376000000,0x0000001376100000) (1024K)]
  0x0000019d3fb0cbc0 JavaThread "Monitor Deflation Thread"   daemon [_thread_blocked, id=18904, stack(0x0000001376100000,0x0000001376200000) (1024K)]
=>0x0000019d3fb0d950 JavaThread "C2 CompilerThread0"         daemon [_thread_in_native, id=948, stack(0x0000001376200000,0x0000001376300000) (1024K)]
  0x0000019d3fb78730 JavaThread "C1 CompilerThread0"         daemon [_thread_blocked, id=8956, stack(0x0000001376300000,0x0000001376400000) (1024K)]
  0x0000019d3fc13060 JavaThread "Common-Cleaner"             daemon [_thread_blocked, id=9796, stack(0x0000001376400000,0x0000001376500000) (1024K)]
  0x0000019d3fdca900 JavaThread "Notification Thread"        daemon [_thread_blocked, id=19948, stack(0x0000001376500000,0x0000001376600000) (1024K)]
  0x0000019d3fb5aa30 JavaThread "Daemon health stats"               [_thread_blocked, id=19788, stack(0x0000001376900000,0x0000001376a00000) (1024K)]
  0x0000019d604adaf0 JavaThread "Incoming local TCP Connector on port 60982"        [_thread_in_native, id=11172, stack(0x0000001376a00000,0x0000001376b00000) (1024K)]
  0x0000019d3fd07130 JavaThread "Daemon periodic checks"            [_thread_blocked, id=18584, stack(0x0000001375400000,0x0000001375500000) (1024K)]
  0x0000019d60467490 JavaThread "Daemon"                            [_thread_blocked, id=17684, stack(0x0000001376c00000,0x0000001376d00000) (1024K)]
  0x0000019d603403a0 JavaThread "Handler for socket connection from /127.0.0.1:60982 to /127.0.0.1:61029"        [_thread_in_native, id=15964, stack(0x0000001376d00000,0x0000001376e00000) (1024K)]
  0x0000019d604624a0 JavaThread "Cancel handler"                    [_thread_blocked, id=19164, stack(0x0000001376e00000,0x0000001376f00000) (1024K)]
  0x0000019d604167a0 JavaThread "Daemon worker"                     [_thread_in_Java, id=15372, stack(0x0000001376f00000,0x0000001377000000) (1024K)]
  0x0000019d60416e30 JavaThread "Asynchronous log dispatcher for DefaultDaemonConnection: socket connection from /127.0.0.1:60982 to /127.0.0.1:61029"        [_thread_blocked, id=18444, stack(0x0000001377000000,0x0000001377100000) (1024K)]
  0x0000019d604174c0 JavaThread "Stdin handler"                     [_thread_blocked, id=19276, stack(0x0000001377100000,0x0000001377200000) (1024K)]
  0x0000019d60415a80 JavaThread "Daemon client event forwarder"        [_thread_blocked, id=12868, stack(0x0000001377200000,0x0000001377300000) (1024K)]
  0x0000019d60416110 JavaThread "Cache worker for journal cache (C:\Users\rogin\.gradle\caches\journal-1)"        [_thread_blocked, id=10140, stack(0x0000001377300000,0x0000001377400000) (1024K)]
  0x0000019d60417b50 JavaThread "File lock request listener"        [_thread_in_native, id=9804, stack(0x0000001377400000,0x0000001377500000) (1024K)]
  0x0000019d604181e0 JavaThread "File lock release action executor"        [_thread_blocked, id=7864, stack(0x0000001377500000,0x0000001377600000) (1024K)]
  0x0000019d60418870 JavaThread "Cache worker for file hash cache (C:\Users\rogin\.gradle\caches\8.13\fileHashes)"        [_thread_blocked, id=20320, stack(0x0000001377600000,0x0000001377700000) (1024K)]
  0x0000019d61560430 JavaThread "Cache worker for file hash cache (D:\aulas\testes\app-ava\android\.gradle\8.13\fileHashes)"        [_thread_blocked, id=10396, stack(0x0000001377700000,0x0000001377800000) (1024K)]
  0x0000019d61563220 JavaThread "Cache worker for Build Output Cleanup Cache (D:\aulas\testes\app-ava\android\.gradle\buildOutputCleanup)"        [_thread_blocked, id=5980, stack(0x0000001377800000,0x0000001377900000) (1024K)]
  0x0000019d6155cfb0 JavaThread "File watcher server"        daemon [_thread_in_native, id=9480, stack(0x0000001377900000,0x0000001377a00000) (1024K)]
  0x0000019d6155f080 JavaThread "File watcher consumer"      daemon [_thread_blocked, id=4744, stack(0x0000001377a00000,0x0000001377b00000) (1024K)]
  0x0000019d61561150 JavaThread "jar transforms"                    [_thread_blocked, id=20132, stack(0x0000001377b00000,0x0000001377c00000) (1024K)]
  0x0000019d615617e0 JavaThread "jar transforms Thread 2"           [_thread_blocked, id=9792, stack(0x0000001375200000,0x0000001375300000) (1024K)]
  0x0000019d61562b90 JavaThread "Cache worker for checksums cache (D:\aulas\testes\app-ava\android\.gradle\8.13\checksums)"        [_thread_blocked, id=14884, stack(0x0000001376b00000,0x0000001376c00000) (1024K)]
  0x0000019d615638b0 JavaThread "Cache worker for file content cache (C:\Users\rogin\.gradle\caches\8.13\fileContent)"        [_thread_blocked, id=1676, stack(0x0000001377c00000,0x0000001377d00000) (1024K)]
  0x0000019d6155d640 JavaThread "jar transforms Thread 3"           [_thread_blocked, id=4540, stack(0x0000001377d00000,0x0000001377e00000) (1024K)]
  0x0000019d6344a150 JavaThread "Cache worker for cache directory md-supplier (C:\Users\rogin\.gradle\caches\8.13\md-supplier)"        [_thread_blocked, id=9748, stack(0x0000001378100000,0x0000001378200000) (1024K)]
  0x0000019d63448da0 JavaThread "Cache worker for cache directory md-rule (C:\Users\rogin\.gradle\caches\8.13\md-rule)"        [_thread_blocked, id=792, stack(0x0000001378200000,0x0000001378300000) (1024K)]
  0x0000019d63449ac0 JavaThread "Cache worker for Build Output Cleanup Cache (D:\aulas\testes\app-ava\node_modules\@react-native\gradle-plugin\.gradle\buildOutputCleanup)"        [_thread_blocked, id=18132, stack(0x0000001378300000,0x0000001378400000) (1024K)]
  0x0000019d63445290 JavaThread "Unconstrained build operations"        [_thread_blocked, id=5880, stack(0x0000001378400000,0x0000001378500000) (1024K)]
  0x0000019d63445920 JavaThread "Unconstrained build operations Thread 2"        [_thread_blocked, id=11568, stack(0x0000001378500000,0x0000001378600000) (1024K)]
  0x0000019d634479f0 JavaThread "Unconstrained build operations Thread 3"        [_thread_blocked, id=19580, stack(0x0000001377e00000,0x0000001377f00000) (1024K)]
  0x0000019d63443ee0 JavaThread "Unconstrained build operations Thread 4"        [_thread_blocked, id=17332, stack(0x0000001377f00000,0x0000001378000000) (1024K)]
  0x0000019d63446cd0 JavaThread "Unconstrained build operations Thread 5"        [_thread_blocked, id=7152, stack(0x0000001378000000,0x0000001378100000) (1024K)]
  0x0000019d63446640 JavaThread "Unconstrained build operations Thread 6"        [_thread_blocked, id=16920, stack(0x0000001378600000,0x0000001378700000) (1024K)]
  0x0000019d63447360 JavaThread "Cache worker for Build Output Cleanup Cache (D:\aulas\testes\app-ava\node_modules\expo-modules-autolinking\android\expo-gradle-plugin\.gradle\buildOutputCleanup)"        [_thread_blocked, id=9848, stack(0x0000001378700000,0x0000001378800000) (1024K)]
  0x0000019d63448080 JavaThread "Unconstrained build operations Thread 7"        [_thread_blocked, id=15604, stack(0x0000001378900000,0x0000001378a00000) (1024K)]
  0x0000019d6344b500 JavaThread "Unconstrained build operations Thread 8"        [_thread_blocked, id=8980, stack(0x0000001378a00000,0x0000001378b00000) (1024K)]
  0x0000019d61560ac0 JavaThread "Unconstrained build operations Thread 9"        [_thread_blocked, id=15892, stack(0x0000001378b00000,0x0000001378c00000) (1024K)]
  0x0000019d6155dcd0 JavaThread "Unconstrained build operations Thread 10"        [_thread_blocked, id=13288, stack(0x0000001378c00000,0x0000001378d00000) (1024K)]
  0x0000019d61561e70 JavaThread "Unconstrained build operations Thread 11"        [_thread_blocked, id=12072, stack(0x0000001378d00000,0x0000001378e00000) (1024K)]
  0x0000019d6155e9f0 JavaThread "Unconstrained build operations Thread 12"        [_thread_blocked, id=4872, stack(0x0000001378e00000,0x0000001378f00000) (1024K)]
  0x0000019d61562500 JavaThread "Unconstrained build operations Thread 13"        [_thread_blocked, id=19012, stack(0x0000001378f00000,0x0000001379000000) (1024K)]
  0x0000019d6194f900 JavaThread "Unconstrained build operations Thread 14"        [_thread_blocked, id=19312, stack(0x0000001379000000,0x0000001379100000) (1024K)]
  0x0000019d61952060 JavaThread "Unconstrained build operations Thread 15"        [_thread_blocked, id=18920, stack(0x0000001379100000,0x0000001379200000) (1024K)]
  0x0000019d61950cb0 JavaThread "build event listener"              [_thread_blocked, id=20976, stack(0x0000001379200000,0x0000001379300000) (1024K)]
  0x0000019d6194d830 JavaThread "Memory manager"                    [_thread_blocked, id=21124, stack(0x0000001379300000,0x0000001379400000) (1024K)]
  0x0000019d6194d1a0 JavaThread "Unconstrained build operations Thread 16"        [_thread_blocked, id=2992, stack(0x0000001378800000,0x0000001378900000) (1024K)]
  0x0000019d6194dec0 JavaThread "Unconstrained build operations Thread 17"        [_thread_blocked, id=15876, stack(0x0000001379400000,0x0000001379500000) (1024K)]
  0x0000019d6194e550 JavaThread "Unconstrained build operations Thread 18"        [_thread_blocked, id=2548, stack(0x0000001379500000,0x0000001379600000) (1024K)]
  0x0000019d6194ebe0 JavaThread "Unconstrained build operations Thread 19"        [_thread_blocked, id=19928, stack(0x0000001379600000,0x0000001379700000) (1024K)]
  0x0000019d6194f270 JavaThread "Unconstrained build operations Thread 20"        [_thread_blocked, id=13272, stack(0x0000001379700000,0x0000001379800000) (1024K)]
  0x0000019d6155f710 JavaThread "Unconstrained build operations Thread 21"        [_thread_blocked, id=17860, stack(0x0000001379800000,0x0000001379900000) (1024K)]
  0x0000019d63b69290 JavaThread "Unconstrained build operations Thread 22"        [_thread_blocked, id=13984, stack(0x0000001379900000,0x0000001379a00000) (1024K)]
  0x0000019d63b69fb0 JavaThread "Unconstrained build operations Thread 23"        [_thread_blocked, id=21500, stack(0x0000001379a00000,0x0000001379b00000) (1024K)]
  0x0000019d63b671c0 JavaThread "Unconstrained build operations Thread 24"        [_thread_blocked, id=20492, stack(0x0000001379b00000,0x0000001379c00000) (1024K)]
  0x0000019d63b63020 JavaThread "build event listener"              [_thread_blocked, id=2824, stack(0x0000001379c00000,0x0000001379d00000) (1024K)]
  0x0000019d63b643d0 JavaThread "Unconstrained build operations Thread 25"        [_thread_blocked, id=21052, stack(0x0000001379e00000,0x0000001379f00000) (1024K)]
  0x0000019d63b64a60 JavaThread "Unconstrained build operations Thread 26"        [_thread_blocked, id=7852, stack(0x0000001379f00000,0x000000137a000000) (1024K)]
  0x0000019d63b650f0 JavaThread "Unconstrained build operations Thread 27"        [_thread_blocked, id=20040, stack(0x000000137a000000,0x000000137a100000) (1024K)]
  0x0000019d63b67ee0 JavaThread "Unconstrained build operations Thread 28"        [_thread_blocked, id=6520, stack(0x000000137a100000,0x000000137a200000) (1024K)]
  0x0000019d63b664a0 JavaThread "Unconstrained build operations Thread 29"        [_thread_blocked, id=5492, stack(0x000000137a200000,0x000000137a300000) (1024K)]
  0x0000019d63b67850 JavaThread "Unconstrained build operations Thread 30"        [_thread_blocked, id=15952, stack(0x000000137a300000,0x000000137a400000) (1024K)]
  0x0000019d63b65780 JavaThread "Unconstrained build operations Thread 31"        [_thread_blocked, id=4900, stack(0x000000137a400000,0x000000137a500000) (1024K)]
Total: 72

Other Threads:
  0x0000019d3fae8c40 VMThread "VM Thread"                           [id=20020, stack(0x0000001375b00000,0x0000001375c00000) (1024K)]
  0x0000019d3fad9eb0 WatcherThread "VM Periodic Task Thread"        [id=18224, stack(0x0000001375a00000,0x0000001375b00000) (1024K)]
  0x0000019d2360eac0 WorkerThread "GC Thread#0"                     [id=17812, stack(0x0000001375500000,0x0000001375600000) (1024K)]
  0x0000019d3fe24920 WorkerThread "GC Thread#1"                     [id=18728, stack(0x0000001376600000,0x0000001376700000) (1024K)]
  0x0000019d3fe285d0 WorkerThread "GC Thread#2"                     [id=3120, stack(0x0000001376700000,0x0000001376800000) (1024K)]
  0x0000019d3fe22f90 WorkerThread "GC Thread#3"                     [id=2988, stack(0x0000001376800000,0x0000001376900000) (1024K)]
  0x0000019d23624b20 ConcurrentGCThread "G1 Main Marker"            [id=15504, stack(0x0000001375600000,0x0000001375700000) (1024K)]
  0x0000019d23625e40 WorkerThread "G1 Conc#0"                       [id=15492, stack(0x0000001375700000,0x0000001375800000) (1024K)]
  0x0000019d3f9b0150 ConcurrentGCThread "G1 Refine#0"               [id=17276, stack(0x0000001375800000,0x0000001375900000) (1024K)]
  0x0000019d3f9b0cd0 ConcurrentGCThread "G1 Service"                [id=5644, stack(0x0000001375900000,0x0000001375a00000) (1024K)]
Total: 10

Threads with active compile tasks:
C2 CompilerThread0  603843 11798       4       org.gradle.internal.reflect.ClassInspector::inspectClass (179 bytes)
Total: 1

VM state: not at safepoint (normal execution)

VM Mutex/Monitor currently owned by a thread: None

Heap address: 0x0000000080000000, size: 2048 MB, Compressed Oops mode: 32-bit

CDS archive(s) mapped at: [0x0000019d40000000-0x0000019d40d70000-0x0000019d40d70000), size 14090240, SharedBaseAddress: 0x0000019d40000000, ArchiveRelocationMode: 1.
Compressed class space mapped at: 0x0000019d41000000-0x0000019d5b000000, reserved size: 436207616
Narrow klass base: 0x0000019d40000000, Narrow klass shift: 0, Narrow klass range: 0x1b000000

GC Precious Log:
 CardTable entry size: 512
 Card Set container configuration: InlinePtr #cards 5 size 8 Array Of Cards #cards 10 size 36 Howl #buckets 4 coarsen threshold 1843 Howl Bitmap #cards 512 size 80 coarsen threshold 460 Card regions per heap region 1 cards per card region 2048
 CPUs: 4 total, 4 available
 Memory: 8060M
 Large Page Support: Disabled
 NUMA Support: Disabled
 Compressed Oops: Enabled (32-bit)
 Heap Region Size: 1M
 Heap Min Capacity: 8M
 Heap Initial Capacity: 126M
 Heap Max Capacity: 2G
 Pre-touch: Disabled
 Parallel Workers: 4
 Concurrent Workers: 1
 Concurrent Refinement Workers: 4
 Periodic GC: Disabled

Heap:
 garbage-first heap   total reserved 2097152K, committed 186368K, used 99666K [0x0000000080000000, 0x0000000100000000)
  region size 1024K, 14 young (14336K), 2 survivors (2048K)
 Metaspace       used 78406K, committed 80704K, reserved 557056K
  class space    used 11367K, committed 12416K, reserved 425984K

Heap Regions: E=young(eden), S=young(survivor), O=old, HS=humongous(starts), HC=humongous(continues), CS=collection set, F=free, TAMS=top-at-mark-start, PB=parsable bottom
|   0|0x0000000080000000, 0x0000000080100000, 0x0000000080100000|100%|HS|  |TAMS 0x0000000080000000| PB 0x0000000080000000| Complete |  0
|   1|0x0000000080100000, 0x0000000080200000, 0x0000000080200000|100%|HC|  |TAMS 0x0000000080100000| PB 0x0000000080100000| Complete |  0
|   2|0x0000000080200000, 0x0000000080300000, 0x0000000080300000|100%|HC|  |TAMS 0x0000000080200000| PB 0x0000000080200000| Complete |  0
|   3|0x0000000080300000, 0x0000000080400000, 0x0000000080400000|100%| O|  |TAMS 0x0000000080300000| PB 0x0000000080300000| Untracked |  0
|   4|0x0000000080400000, 0x0000000080500000, 0x0000000080500000|100%| O|  |TAMS 0x0000000080400000| PB 0x0000000080400000| Untracked |  0
|   5|0x0000000080500000, 0x0000000080600000, 0x0000000080600000|100%| O|  |TAMS 0x0000000080500000| PB 0x0000000080500000| Untracked |  0
|   6|0x0000000080600000, 0x0000000080700000, 0x0000000080700000|100%| O|  |TAMS 0x0000000080600000| PB 0x0000000080600000| Untracked |  0
|   7|0x0000000080700000, 0x0000000080800000, 0x0000000080800000|100%| O|  |TAMS 0x0000000080700000| PB 0x0000000080700000| Untracked |  0
|   8|0x0000000080800000, 0x0000000080900000, 0x0000000080900000|100%| O|  |TAMS 0x0000000080800000| PB 0x0000000080800000| Untracked |  0
|   9|0x0000000080900000, 0x0000000080a00000, 0x0000000080a00000|100%| O|  |TAMS 0x0000000080900000| PB 0x0000000080900000| Untracked |  0
|  10|0x0000000080a00000, 0x0000000080b00000, 0x0000000080b00000|100%|HS|  |TAMS 0x0000000080a00000| PB 0x0000000080a00000| Complete |  0
|  11|0x0000000080b00000, 0x0000000080c00000, 0x0000000080c00000|100%| O|  |TAMS 0x0000000080b00000| PB 0x0000000080b00000| Untracked |  0
|  12|0x0000000080c00000, 0x0000000080d00000, 0x0000000080d00000|100%| O|  |TAMS 0x0000000080c00000| PB 0x0000000080c00000| Untracked |  0
|  13|0x0000000080d00000, 0x0000000080e00000, 0x0000000080e00000|100%| O|  |TAMS 0x0000000080d00000| PB 0x0000000080d00000| Untracked |  0
|  14|0x0000000080e00000, 0x0000000080f00000, 0x0000000080f00000|100%| O|  |TAMS 0x0000000080e00000| PB 0x0000000080e00000| Untracked |  0
|  15|0x0000000080f00000, 0x0000000081000000, 0x0000000081000000|100%| O|  |TAMS 0x0000000080f00000| PB 0x0000000080f00000| Untracked |  0
|  16|0x0000000081000000, 0x0000000081100000, 0x0000000081100000|100%| O|  |TAMS 0x0000000081000000| PB 0x0000000081000000| Untracked |  0
|  17|0x0000000081100000, 0x0000000081200000, 0x0000000081200000|100%| O|  |TAMS 0x0000000081100000| PB 0x0000000081100000| Untracked |  0
|  18|0x0000000081200000, 0x0000000081300000, 0x0000000081300000|100%| O|  |TAMS 0x0000000081200000| PB 0x0000000081200000| Untracked |  0
|  19|0x0000000081300000, 0x0000000081400000, 0x0000000081400000|100%| O|  |TAMS 0x0000000081300000| PB 0x0000000081300000| Untracked |  0
|  20|0x0000000081400000, 0x0000000081500000, 0x0000000081500000|100%| O|  |TAMS 0x0000000081400000| PB 0x0000000081400000| Untracked |  0
|  21|0x0000000081500000, 0x0000000081600000, 0x0000000081600000|100%| O|  |TAMS 0x0000000081500000| PB 0x0000000081500000| Untracked |  0
|  22|0x0000000081600000, 0x0000000081700000, 0x0000000081700000|100%| O|  |TAMS 0x0000000081600000| PB 0x0000000081600000| Untracked |  0
|  23|0x0000000081700000, 0x0000000081800000, 0x0000000081800000|100%| O|  |TAMS 0x0000000081700000| PB 0x0000000081700000| Untracked |  0
|  24|0x0000000081800000, 0x0000000081900000, 0x0000000081900000|100%| O|  |TAMS 0x0000000081800000| PB 0x0000000081800000| Untracked |  0
|  25|0x0000000081900000, 0x0000000081a00000, 0x0000000081a00000|100%| O|  |TAMS 0x0000000081900000| PB 0x0000000081900000| Untracked |  0
|  26|0x0000000081a00000, 0x0000000081b00000, 0x0000000081b00000|100%| O|  |TAMS 0x0000000081a00000| PB 0x0000000081a00000| Untracked |  0
|  27|0x0000000081b00000, 0x0000000081c00000, 0x0000000081c00000|100%| O|  |TAMS 0x0000000081b00000| PB 0x0000000081b00000| Untracked |  0
|  28|0x0000000081c00000, 0x0000000081d00000, 0x0000000081d00000|100%| O|  |TAMS 0x0000000081c00000| PB 0x0000000081c00000| Untracked |  0
|  29|0x0000000081d00000, 0x0000000081e00000, 0x0000000081e00000|100%| O|  |TAMS 0x0000000081d00000| PB 0x0000000081d00000| Untracked |  0
|  30|0x0000000081e00000, 0x0000000081f00000, 0x0000000081f00000|100%| O|  |TAMS 0x0000000081e00000| PB 0x0000000081e00000| Untracked |  0
|  31|0x0000000081f00000, 0x0000000082000000, 0x0000000082000000|100%| O|  |TAMS 0x0000000081f00000| PB 0x0000000081f00000| Untracked |  0
|  32|0x0000000082000000, 0x0000000082100000, 0x0000000082100000|100%| O|  |TAMS 0x0000000082000000| PB 0x0000000082000000| Untracked |  0
|  33|0x0000000082100000, 0x0000000082200000, 0x0000000082200000|100%| O|  |TAMS 0x0000000082100000| PB 0x0000000082100000| Untracked |  0
|  34|0x0000000082200000, 0x0000000082300000, 0x0000000082300000|100%| O|  |TAMS 0x0000000082200000| PB 0x0000000082200000| Untracked |  0
|  35|0x0000000082300000, 0x0000000082400000, 0x0000000082400000|100%| O|  |TAMS 0x0000000082300000| PB 0x0000000082300000| Untracked |  0
|  36|0x0000000082400000, 0x0000000082500000, 0x0000000082500000|100%| O|  |TAMS 0x0000000082400000| PB 0x0000000082400000| Untracked |  0
|  37|0x0000000082500000, 0x0000000082600000, 0x0000000082600000|100%| O|  |TAMS 0x0000000082500000| PB 0x0000000082500000| Untracked |  0
|  38|0x0000000082600000, 0x0000000082700000, 0x0000000082700000|100%| O|  |TAMS 0x0000000082600000| PB 0x0000000082600000| Untracked |  0
|  39|0x0000000082700000, 0x0000000082800000, 0x0000000082800000|100%| O|  |TAMS 0x0000000082700000| PB 0x0000000082700000| Untracked |  0
|  40|0x0000000082800000, 0x0000000082900000, 0x0000000082900000|100%| O|  |TAMS 0x0000000082800000| PB 0x0000000082800000| Untracked |  0
|  41|0x0000000082900000, 0x0000000082a00000, 0x0000000082a00000|100%| O|  |TAMS 0x0000000082900000| PB 0x0000000082900000| Untracked |  0
|  42|0x0000000082a00000, 0x0000000082b00000, 0x0000000082b00000|100%| O|  |TAMS 0x0000000082a00000| PB 0x0000000082a00000| Untracked |  0
|  43|0x0000000082b00000, 0x0000000082c00000, 0x0000000082c00000|100%| O|  |TAMS 0x0000000082b00000| PB 0x0000000082b00000| Untracked |  0
|  44|0x0000000082c00000, 0x0000000082d00000, 0x0000000082d00000|100%| O|  |TAMS 0x0000000082c00000| PB 0x0000000082c00000| Untracked |  0
|  45|0x0000000082d00000, 0x0000000082e00000, 0x0000000082e00000|100%|HS|  |TAMS 0x0000000082d00000| PB 0x0000000082d00000| Complete |  0
|  46|0x0000000082e00000, 0x0000000082f00000, 0x0000000082f00000|100%|HC|  |TAMS 0x0000000082e00000| PB 0x0000000082e00000| Complete |  0
|  47|0x0000000082f00000, 0x0000000083000000, 0x0000000083000000|100%|HS|  |TAMS 0x0000000082f00000| PB 0x0000000082f00000| Complete |  0
|  48|0x0000000083000000, 0x0000000083100000, 0x0000000083100000|100%|HC|  |TAMS 0x0000000083000000| PB 0x0000000083000000| Complete |  0
|  49|0x0000000083100000, 0x0000000083200000, 0x0000000083200000|100%|HC|  |TAMS 0x0000000083100000| PB 0x0000000083100000| Complete |  0
|  50|0x0000000083200000, 0x0000000083300000, 0x0000000083300000|100%|HS|  |TAMS 0x0000000083200000| PB 0x0000000083200000| Complete |  0
|  51|0x0000000083300000, 0x0000000083400000, 0x0000000083400000|100%|HC|  |TAMS 0x0000000083300000| PB 0x0000000083300000| Complete |  0
|  52|0x0000000083400000, 0x0000000083500000, 0x0000000083500000|100%| O|  |TAMS 0x0000000083400000| PB 0x0000000083400000| Untracked |  0
|  53|0x0000000083500000, 0x0000000083600000, 0x0000000083600000|100%| O|  |TAMS 0x0000000083500000| PB 0x0000000083500000| Untracked |  0
|  54|0x0000000083600000, 0x0000000083700000, 0x0000000083700000|100%|HS|  |TAMS 0x0000000083600000| PB 0x0000000083600000| Complete |  0
|  55|0x0000000083700000, 0x0000000083800000, 0x0000000083800000|100%|HC|  |TAMS 0x0000000083700000| PB 0x0000000083700000| Complete |  0
|  56|0x0000000083800000, 0x0000000083900000, 0x0000000083900000|100%|HC|  |TAMS 0x0000000083800000| PB 0x0000000083800000| Complete |  0
|  57|0x0000000083900000, 0x0000000083a00000, 0x0000000083a00000|100%| O|  |TAMS 0x0000000083900000| PB 0x0000000083900000| Untracked |  0
|  58|0x0000000083a00000, 0x0000000083b00000, 0x0000000083b00000|100%| O|  |TAMS 0x0000000083a00000| PB 0x0000000083a00000| Untracked |  0
|  59|0x0000000083b00000, 0x0000000083c00000, 0x0000000083c00000|100%| O|  |TAMS 0x0000000083b00000| PB 0x0000000083b00000| Untracked |  0
|  60|0x0000000083c00000, 0x0000000083d00000, 0x0000000083d00000|100%| O|  |TAMS 0x0000000083c00000| PB 0x0000000083c00000| Untracked |  0
|  61|0x0000000083d00000, 0x0000000083e00000, 0x0000000083e00000|100%| O|  |TAMS 0x0000000083d00000| PB 0x0000000083d00000| Untracked |  0
|  62|0x0000000083e00000, 0x0000000083f00000, 0x0000000083f00000|100%| O|  |TAMS 0x0000000083e00000| PB 0x0000000083e00000| Untracked |  0
|  63|0x0000000083f00000, 0x0000000084000000, 0x0000000084000000|100%| O|  |TAMS 0x0000000083f00000| PB 0x0000000083f00000| Untracked |  0
|  64|0x0000000084000000, 0x0000000084100000, 0x0000000084100000|100%|HS|  |TAMS 0x0000000084000000| PB 0x0000000084000000| Complete |  0
|  65|0x0000000084100000, 0x0000000084200000, 0x0000000084200000|100%|HC|  |TAMS 0x0000000084100000| PB 0x0000000084100000| Complete |  0
|  66|0x0000000084200000, 0x0000000084300000, 0x0000000084300000|100%|HS|  |TAMS 0x0000000084200000| PB 0x0000000084200000| Complete |  0
|  67|0x0000000084300000, 0x0000000084400000, 0x0000000084400000|100%|HC|  |TAMS 0x0000000084300000| PB 0x0000000084300000| Complete |  0
|  68|0x0000000084400000, 0x0000000084500000, 0x0000000084500000|100%| O|  |TAMS 0x0000000084400000| PB 0x0000000084400000| Untracked |  0
|  69|0x0000000084500000, 0x0000000084600000, 0x0000000084600000|100%| O|  |TAMS 0x0000000084500000| PB 0x0000000084500000| Untracked |  0
|  70|0x0000000084600000, 0x0000000084700000, 0x0000000084700000|100%| O|  |TAMS 0x0000000084600000| PB 0x0000000084600000| Untracked |  0
|  71|0x0000000084700000, 0x0000000084800000, 0x0000000084800000|100%| O|  |TAMS 0x0000000084700000| PB 0x0000000084700000| Untracked |  0
|  72|0x0000000084800000, 0x0000000084900000, 0x0000000084900000|100%|HS|  |TAMS 0x0000000084800000| PB 0x0000000084800000| Complete |  0
|  73|0x0000000084900000, 0x0000000084a00000, 0x0000000084a00000|100%|HC|  |TAMS 0x0000000084900000| PB 0x0000000084900000| Complete |  0
|  74|0x0000000084a00000, 0x0000000084b00000, 0x0000000084b00000|100%|HC|  |TAMS 0x0000000084a00000| PB 0x0000000084a00000| Complete |  0
|  75|0x0000000084b00000, 0x0000000084c00000, 0x0000000084c00000|100%|HC|  |TAMS 0x0000000084b00000| PB 0x0000000084b00000| Complete |  0
|  76|0x0000000084c00000, 0x0000000084d00000, 0x0000000084d00000|100%|HS|  |TAMS 0x0000000084c00000| PB 0x0000000084c00000| Complete |  0
|  77|0x0000000084d00000, 0x0000000084e00000, 0x0000000084e00000|100%|HC|  |TAMS 0x0000000084d00000| PB 0x0000000084d00000| Complete |  0
|  78|0x0000000084e00000, 0x0000000084f00000, 0x0000000084f00000|100%|HC|  |TAMS 0x0000000084e00000| PB 0x0000000084e00000| Complete |  0
|  79|0x0000000084f00000, 0x0000000085000000, 0x0000000085000000|100%|HC|  |TAMS 0x0000000084f00000| PB 0x0000000084f00000| Complete |  0
|  80|0x0000000085000000, 0x0000000085000000, 0x0000000085100000|  0%| F|  |TAMS 0x0000000085000000| PB 0x0000000085000000| Untracked |  0
|  81|0x0000000085100000, 0x000000008513edc8, 0x0000000085200000| 24%| O|  |TAMS 0x0000000085100000| PB 0x0000000085100000| Untracked |  0
|  82|0x0000000085200000, 0x0000000085300000, 0x0000000085300000|100%| O|  |TAMS 0x0000000085200000| PB 0x0000000085200000| Untracked |  0
|  83|0x0000000085300000, 0x0000000085400000, 0x0000000085400000|100%| O|  |TAMS 0x0000000085300000| PB 0x0000000085300000| Untracked |  0
|  84|0x0000000085400000, 0x0000000085500000, 0x0000000085500000|100%| O|  |TAMS 0x0000000085400000| PB 0x0000000085400000| Untracked |  0
|  85|0x0000000085500000, 0x0000000085600000, 0x0000000085600000|100%| O|  |TAMS 0x0000000085500000| PB 0x0000000085500000| Untracked |  0
|  86|0x0000000085600000, 0x0000000085700000, 0x0000000085700000|100%| O|  |TAMS 0x0000000085600000| PB 0x0000000085600000| Untracked |  0
|  87|0x0000000085700000, 0x0000000085700000, 0x0000000085800000|  0%| F|  |TAMS 0x0000000085700000| PB 0x0000000085700000| Untracked |  0
|  88|0x0000000085800000, 0x0000000085800000, 0x0000000085900000|  0%| F|  |TAMS 0x0000000085800000| PB 0x0000000085800000| Untracked |  0
|  89|0x0000000085900000, 0x0000000085900000, 0x0000000085a00000|  0%| F|  |TAMS 0x0000000085900000| PB 0x0000000085900000| Untracked |  0
|  90|0x0000000085a00000, 0x0000000085a00000, 0x0000000085b00000|  0%| F|  |TAMS 0x0000000085a00000| PB 0x0000000085a00000| Untracked |  0
|  91|0x0000000085b00000, 0x0000000085b00000, 0x0000000085c00000|  0%| F|  |TAMS 0x0000000085b00000| PB 0x0000000085b00000| Untracked |  0
|  92|0x0000000085c00000, 0x0000000085c00000, 0x0000000085d00000|  0%| F|  |TAMS 0x0000000085c00000| PB 0x0000000085c00000| Untracked |  0
|  93|0x0000000085d00000, 0x0000000085d00000, 0x0000000085e00000|  0%| F|  |TAMS 0x0000000085d00000| PB 0x0000000085d00000| Untracked |  0
|  94|0x0000000085e00000, 0x0000000085e00000, 0x0000000085f00000|  0%| F|  |TAMS 0x0000000085e00000| PB 0x0000000085e00000| Untracked |  0
|  95|0x0000000085f00000, 0x0000000085f00000, 0x0000000086000000|  0%| F|  |TAMS 0x0000000085f00000| PB 0x0000000085f00000| Untracked |  0
|  96|0x0000000086000000, 0x0000000086000000, 0x0000000086100000|  0%| F|  |TAMS 0x0000000086000000| PB 0x0000000086000000| Untracked |  0
|  97|0x0000000086100000, 0x0000000086100000, 0x0000000086200000|  0%| F|  |TAMS 0x0000000086100000| PB 0x0000000086100000| Untracked |  0
|  98|0x0000000086200000, 0x0000000086200000, 0x0000000086300000|  0%| F|  |TAMS 0x0000000086200000| PB 0x0000000086200000| Untracked |  0
|  99|0x0000000086300000, 0x0000000086300000, 0x0000000086400000|  0%| F|  |TAMS 0x0000000086300000| PB 0x0000000086300000| Untracked |  0
| 100|0x0000000086400000, 0x0000000086400000, 0x0000000086500000|  0%| F|  |TAMS 0x0000000086400000| PB 0x0000000086400000| Untracked |  0
| 101|0x0000000086500000, 0x0000000086500000, 0x0000000086600000|  0%| F|  |TAMS 0x0000000086500000| PB 0x0000000086500000| Untracked |  0
| 102|0x0000000086600000, 0x0000000086600000, 0x0000000086700000|  0%| F|  |TAMS 0x0000000086600000| PB 0x0000000086600000| Untracked |  0
| 103|0x0000000086700000, 0x0000000086700000, 0x0000000086800000|  0%| F|  |TAMS 0x0000000086700000| PB 0x0000000086700000| Untracked |  0
| 104|0x0000000086800000, 0x0000000086800000, 0x0000000086900000|  0%| F|  |TAMS 0x0000000086800000| PB 0x0000000086800000| Untracked |  0
| 105|0x0000000086900000, 0x0000000086900000, 0x0000000086a00000|  0%| F|  |TAMS 0x0000000086900000| PB 0x0000000086900000| Untracked |  0
| 106|0x0000000086a00000, 0x0000000086a00000, 0x0000000086b00000|  0%| F|  |TAMS 0x0000000086a00000| PB 0x0000000086a00000| Untracked |  0
| 107|0x0000000086b00000, 0x0000000086b00000, 0x0000000086c00000|  0%| F|  |TAMS 0x0000000086b00000| PB 0x0000000086b00000| Untracked |  0
| 108|0x0000000086c00000, 0x0000000086c00000, 0x0000000086d00000|  0%| F|  |TAMS 0x0000000086c00000| PB 0x0000000086c00000| Untracked |  0
| 109|0x0000000086d00000, 0x0000000086d00000, 0x0000000086e00000|  0%| F|  |TAMS 0x0000000086d00000| PB 0x0000000086d00000| Untracked |  0
| 110|0x0000000086e00000, 0x0000000086e00000, 0x0000000086f00000|  0%| F|  |TAMS 0x0000000086e00000| PB 0x0000000086e00000| Untracked |  0
| 111|0x0000000086f00000, 0x0000000086f00000, 0x0000000087000000|  0%| F|  |TAMS 0x0000000086f00000| PB 0x0000000086f00000| Untracked |  0
| 112|0x0000000087000000, 0x0000000087000000, 0x0000000087100000|  0%| F|  |TAMS 0x0000000087000000| PB 0x0000000087000000| Untracked |  0
| 113|0x0000000087100000, 0x0000000087100000, 0x0000000087200000|  0%| F|  |TAMS 0x0000000087100000| PB 0x0000000087100000| Untracked |  0
| 114|0x0000000087200000, 0x0000000087200000, 0x0000000087300000|  0%| F|  |TAMS 0x0000000087200000| PB 0x0000000087200000| Untracked |  0
| 115|0x0000000087300000, 0x0000000087300000, 0x0000000087400000|  0%| F|  |TAMS 0x0000000087300000| PB 0x0000000087300000| Untracked |  0
| 116|0x0000000087400000, 0x0000000087400000, 0x0000000087500000|  0%| F|  |TAMS 0x0000000087400000| PB 0x0000000087400000| Untracked |  0
| 117|0x0000000087500000, 0x0000000087500000, 0x0000000087600000|  0%| F|  |TAMS 0x0000000087500000| PB 0x0000000087500000| Untracked |  0
| 118|0x0000000087600000, 0x0000000087600000, 0x0000000087700000|  0%| F|  |TAMS 0x0000000087600000| PB 0x0000000087600000| Untracked |  0
| 119|0x0000000087700000, 0x0000000087700000, 0x0000000087800000|  0%| F|  |TAMS 0x0000000087700000| PB 0x0000000087700000| Untracked |  0
| 120|0x0000000087800000, 0x0000000087800000, 0x0000000087900000|  0%| F|  |TAMS 0x0000000087800000| PB 0x0000000087800000| Untracked |  0
| 121|0x0000000087900000, 0x0000000087900000, 0x0000000087a00000|  0%| F|  |TAMS 0x0000000087900000| PB 0x0000000087900000| Untracked |  0
| 122|0x0000000087a00000, 0x0000000087a00000, 0x0000000087b00000|  0%| F|  |TAMS 0x0000000087a00000| PB 0x0000000087a00000| Untracked |  0
| 123|0x0000000087b00000, 0x0000000087b00000, 0x0000000087c00000|  0%| F|  |TAMS 0x0000000087b00000| PB 0x0000000087b00000| Untracked |  0
| 124|0x0000000087c00000, 0x0000000087c00000, 0x0000000087d00000|  0%| F|  |TAMS 0x0000000087c00000| PB 0x0000000087c00000| Untracked |  0
| 125|0x0000000087d00000, 0x0000000087d15be0, 0x0000000087e00000|  8%| S|CS|TAMS 0x0000000087d00000| PB 0x0000000087d00000| Complete |  0
| 126|0x0000000087e00000, 0x0000000087f00000, 0x0000000087f00000|100%| S|CS|TAMS 0x0000000087e00000| PB 0x0000000087e00000| Complete |  0
| 127|0x0000000087f00000, 0x0000000087f00000, 0x0000000088000000|  0%| F|  |TAMS 0x0000000087f00000| PB 0x0000000087f00000| Untracked |  0
| 128|0x0000000088000000, 0x0000000088000000, 0x0000000088100000|  0%| F|  |TAMS 0x0000000088000000| PB 0x0000000088000000| Untracked |  0
| 129|0x0000000088100000, 0x0000000088100000, 0x0000000088200000|  0%| F|  |TAMS 0x0000000088100000| PB 0x0000000088100000| Untracked |  0
| 130|0x0000000088200000, 0x0000000088200000, 0x0000000088300000|  0%| F|  |TAMS 0x0000000088200000| PB 0x0000000088200000| Untracked |  0
| 131|0x0000000088300000, 0x0000000088300000, 0x0000000088400000|  0%| F|  |TAMS 0x0000000088300000| PB 0x0000000088300000| Untracked |  0
| 132|0x0000000088400000, 0x0000000088400000, 0x0000000088500000|  0%| F|  |TAMS 0x0000000088400000| PB 0x0000000088400000| Untracked |  0
| 133|0x0000000088500000, 0x0000000088500000, 0x0000000088600000|  0%| F|  |TAMS 0x0000000088500000| PB 0x0000000088500000| Untracked |  0
| 134|0x0000000088600000, 0x0000000088600000, 0x0000000088700000|  0%| F|  |TAMS 0x0000000088600000| PB 0x0000000088600000| Untracked |  0
| 135|0x0000000088700000, 0x0000000088700000, 0x0000000088800000|  0%| F|  |TAMS 0x0000000088700000| PB 0x0000000088700000| Untracked |  0
| 136|0x0000000088800000, 0x0000000088800000, 0x0000000088900000|  0%| F|  |TAMS 0x0000000088800000| PB 0x0000000088800000| Untracked |  0
| 137|0x0000000088900000, 0x0000000088900000, 0x0000000088a00000|  0%| F|  |TAMS 0x0000000088900000| PB 0x0000000088900000| Untracked |  0
| 138|0x0000000088a00000, 0x0000000088a00000, 0x0000000088b00000|  0%| F|  |TAMS 0x0000000088a00000| PB 0x0000000088a00000| Untracked |  0
| 139|0x0000000088b00000, 0x0000000088b00000, 0x0000000088c00000|  0%| F|  |TAMS 0x0000000088b00000| PB 0x0000000088b00000| Untracked |  0
| 140|0x0000000088c00000, 0x0000000088c00000, 0x0000000088d00000|  0%| F|  |TAMS 0x0000000088c00000| PB 0x0000000088c00000| Untracked |  0
| 141|0x0000000088d00000, 0x0000000088d00000, 0x0000000088e00000|  0%| F|  |TAMS 0x0000000088d00000| PB 0x0000000088d00000| Untracked |  0
| 142|0x0000000088e00000, 0x0000000088e00000, 0x0000000088f00000|  0%| F|  |TAMS 0x0000000088e00000| PB 0x0000000088e00000| Untracked |  0
| 143|0x0000000088f00000, 0x0000000088f00000, 0x0000000089000000|  0%| F|  |TAMS 0x0000000088f00000| PB 0x0000000088f00000| Untracked |  0
| 144|0x0000000089000000, 0x0000000089000000, 0x0000000089100000|  0%| F|  |TAMS 0x0000000089000000| PB 0x0000000089000000| Untracked |  0
| 145|0x0000000089100000, 0x0000000089100000, 0x0000000089200000|  0%| F|  |TAMS 0x0000000089100000| PB 0x0000000089100000| Untracked |  0
| 146|0x0000000089200000, 0x0000000089200000, 0x0000000089300000|  0%| F|  |TAMS 0x0000000089200000| PB 0x0000000089200000| Untracked |  0
| 147|0x0000000089300000, 0x0000000089300000, 0x0000000089400000|  0%| F|  |TAMS 0x0000000089300000| PB 0x0000000089300000| Untracked |  0
| 148|0x0000000089400000, 0x0000000089400000, 0x0000000089500000|  0%| F|  |TAMS 0x0000000089400000| PB 0x0000000089400000| Untracked |  0
| 149|0x0000000089500000, 0x0000000089500000, 0x0000000089600000|  0%| F|  |TAMS 0x0000000089500000| PB 0x0000000089500000| Untracked |  0
| 150|0x0000000089600000, 0x0000000089600000, 0x0000000089700000|  0%| F|  |TAMS 0x0000000089600000| PB 0x0000000089600000| Untracked |  0
| 151|0x0000000089700000, 0x0000000089700000, 0x0000000089800000|  0%| F|  |TAMS 0x0000000089700000| PB 0x0000000089700000| Untracked |  0
| 152|0x0000000089800000, 0x0000000089800000, 0x0000000089900000|  0%| F|  |TAMS 0x0000000089800000| PB 0x0000000089800000| Untracked |  0
| 153|0x0000000089900000, 0x0000000089900000, 0x0000000089a00000|  0%| F|  |TAMS 0x0000000089900000| PB 0x0000000089900000| Untracked |  0
| 154|0x0000000089a00000, 0x0000000089a00000, 0x0000000089b00000|  0%| F|  |TAMS 0x0000000089a00000| PB 0x0000000089a00000| Untracked |  0
| 155|0x0000000089b00000, 0x0000000089b00000, 0x0000000089c00000|  0%| F|  |TAMS 0x0000000089b00000| PB 0x0000000089b00000| Untracked |  0
| 156|0x0000000089c00000, 0x0000000089c00000, 0x0000000089d00000|  0%| F|  |TAMS 0x0000000089c00000| PB 0x0000000089c00000| Untracked |  0
| 157|0x0000000089d00000, 0x0000000089d00000, 0x0000000089e00000|  0%| F|  |TAMS 0x0000000089d00000| PB 0x0000000089d00000| Untracked |  0
| 158|0x0000000089e00000, 0x0000000089e00000, 0x0000000089f00000|  0%| F|  |TAMS 0x0000000089e00000| PB 0x0000000089e00000| Untracked |  0
| 159|0x0000000089f00000, 0x0000000089f00000, 0x000000008a000000|  0%| F|  |TAMS 0x0000000089f00000| PB 0x0000000089f00000| Untracked |  0
| 160|0x000000008a000000, 0x000000008a000000, 0x000000008a100000|  0%| F|  |TAMS 0x000000008a000000| PB 0x000000008a000000| Untracked |  0
| 161|0x000000008a100000, 0x000000008a100000, 0x000000008a200000|  0%| F|  |TAMS 0x000000008a100000| PB 0x000000008a100000| Untracked |  0
| 162|0x000000008a200000, 0x000000008a200000, 0x000000008a300000|  0%| F|  |TAMS 0x000000008a200000| PB 0x000000008a200000| Untracked |  0
| 163|0x000000008a300000, 0x000000008a300000, 0x000000008a400000|  0%| F|  |TAMS 0x000000008a300000| PB 0x000000008a300000| Untracked |  0
| 164|0x000000008a400000, 0x000000008a400000, 0x000000008a500000|  0%| F|  |TAMS 0x000000008a400000| PB 0x000000008a400000| Untracked |  0
| 165|0x000000008a500000, 0x000000008a500000, 0x000000008a600000|  0%| F|  |TAMS 0x000000008a500000| PB 0x000000008a500000| Untracked |  0
| 166|0x000000008a600000, 0x000000008a600000, 0x000000008a700000|  0%| F|  |TAMS 0x000000008a600000| PB 0x000000008a600000| Untracked |  0
| 167|0x000000008a700000, 0x000000008a700000, 0x000000008a800000|  0%| F|  |TAMS 0x000000008a700000| PB 0x000000008a700000| Untracked |  0
| 168|0x000000008a800000, 0x000000008a800000, 0x000000008a900000|  0%| F|  |TAMS 0x000000008a800000| PB 0x000000008a800000| Untracked |  0
| 169|0x000000008a900000, 0x000000008a92ad88, 0x000000008aa00000| 16%| E|  |TAMS 0x000000008a900000| PB 0x000000008a900000| Complete |  0
| 170|0x000000008aa00000, 0x000000008ab00000, 0x000000008ab00000|100%| E|CS|TAMS 0x000000008aa00000| PB 0x000000008aa00000| Complete |  0
| 171|0x000000008ab00000, 0x000000008ac00000, 0x000000008ac00000|100%| E|CS|TAMS 0x000000008ab00000| PB 0x000000008ab00000| Complete |  0
| 172|0x000000008ac00000, 0x000000008ad00000, 0x000000008ad00000|100%| E|CS|TAMS 0x000000008ac00000| PB 0x000000008ac00000| Complete |  0
| 173|0x000000008ad00000, 0x000000008ae00000, 0x000000008ae00000|100%| E|CS|TAMS 0x000000008ad00000| PB 0x000000008ad00000| Complete |  0
| 174|0x000000008ae00000, 0x000000008af00000, 0x000000008af00000|100%| E|CS|TAMS 0x000000008ae00000| PB 0x000000008ae00000| Complete |  0
| 175|0x000000008af00000, 0x000000008b000000, 0x000000008b000000|100%| E|CS|TAMS 0x000000008af00000| PB 0x000000008af00000| Complete |  0
| 176|0x000000008b000000, 0x000000008b100000, 0x000000008b100000|100%| E|CS|TAMS 0x000000008b000000| PB 0x000000008b000000| Complete |  0
| 177|0x000000008b100000, 0x000000008b200000, 0x000000008b200000|100%| E|CS|TAMS 0x000000008b100000| PB 0x000000008b100000| Complete |  0
| 178|0x000000008b200000, 0x000000008b300000, 0x000000008b300000|100%| E|CS|TAMS 0x000000008b200000| PB 0x000000008b200000| Complete |  0
| 179|0x000000008b300000, 0x000000008b400000, 0x000000008b400000|100%| E|CS|TAMS 0x000000008b300000| PB 0x000000008b300000| Complete |  0
| 180|0x000000008b400000, 0x000000008b500000, 0x000000008b500000|100%| E|CS|TAMS 0x000000008b400000| PB 0x000000008b400000| Complete |  0
| 181|0x000000008b500000, 0x000000008b600000, 0x000000008b600000|100%| E|CS|TAMS 0x000000008b500000| PB 0x000000008b500000| Complete |  0

Card table byte_map: [0x0000019d3b0e0000,0x0000019d3b4e0000] _byte_map_base: 0x0000019d3ace0000

Marking Bits: (CMBitMap*) 0x0000019d2360f1d0
 Bits: [0x0000019d3b4e0000, 0x0000019d3d4e0000)

Polling page: 0x0000019d22d70000

Metaspace:

Usage:
  Non-class:     65.47 MB used.
      Class:     11.10 MB used.
       Both:     76.57 MB used.

Virtual space:
  Non-class space:      128.00 MB reserved,      66.69 MB ( 52%) committed,  2 nodes.
      Class space:      416.00 MB reserved,      12.12 MB (  3%) committed,  1 nodes.
             Both:      544.00 MB reserved,      78.81 MB ( 14%) committed. 

Chunk freelists:
   Non-Class:  12.78 MB
       Class:  3.83 MB
        Both:  16.61 MB

MaxMetaspaceSize: 512.00 MB
CompressedClassSpaceSize: 416.00 MB
Initial GC threshold: 21.00 MB
Current GC threshold: 129.06 MB
CDS: on
 - commit_granule_bytes: 65536.
 - commit_granule_words: 8192.
 - virtual_space_node_default_size: 8388608.
 - enlarge_chunks_in_place: 1.
 - use_allocation_guard: 0.


Internal statistics:

num_allocs_failed_limit: 9.
num_arena_births: 3838.
num_arena_deaths: 0.
num_vsnodes_births: 3.
num_vsnodes_deaths: 0.
num_space_committed: 1261.
num_space_uncommitted: 0.
num_chunks_returned_to_freelist: 9.
num_chunks_taken_from_freelist: 7307.
num_chunk_merges: 9.
num_chunk_splits: 4821.
num_chunks_enlarged: 3066.
num_inconsistent_stats: 0.

CodeHeap 'non-profiled nmethods': size=120064Kb used=4785Kb max_used=4785Kb free=115279Kb
 bounds [0x0000019d337a0000, 0x0000019d33c50000, 0x0000019d3ace0000]
CodeHeap 'profiled nmethods': size=120000Kb used=14753Kb max_used=14753Kb free=105246Kb
 bounds [0x0000019d2bce0000, 0x0000019d2cb50000, 0x0000019d33210000]
CodeHeap 'non-nmethods': size=5696Kb used=2826Kb max_used=2891Kb free=2869Kb
 bounds [0x0000019d33210000, 0x0000019d334f0000, 0x0000019d337a0000]
CodeCache: size=245760Kb, used=22364Kb, max_used=22429Kb, free=223394Kb
 total_blobs=11013, nmethods=10047, adapters=871, full_count=0
Compilation: enabled, stopped_count=0, restarted_count=0

Compilation events (20 events):
Event: 603.270 Thread 0x0000019d3fb0d950 nmethod 11790 0x0000019d33c4a708 code [0x0000019d33c4a880, 0x0000019d33c4ac70]
Event: 603.270 Thread 0x0000019d3fb0d950 11795       4       java.lang.StrictMath::floorOrCeil (128 bytes)
Event: 603.271 Thread 0x0000019d3fb0d950 nmethod 11795 0x0000019d33c4ad88 code [0x0000019d33c4aea0, 0x0000019d33c4af90]
Event: 603.272 Thread 0x0000019d3fb78730 11796       1       java.lang.Thread::getName (5 bytes)
Event: 603.272 Thread 0x0000019d3fb78730 nmethod 11796 0x0000019d33c4b088 code [0x0000019d33c4b1a0, 0x0000019d33c4b268]
Event: 603.293 Thread 0x0000019d3fb0d950 11797       4       java.beans.Introspector::decapitalize (68 bytes)
Event: 603.303 Thread 0x0000019d3fb78730 11800       3       org.gradle.util.internal.CollectionUtils::collectArray (49 bytes)
Event: 603.303 Thread 0x0000019d3fb78730 nmethod 11800 0x0000019d2cb45088 code [0x0000019d2cb451c0, 0x0000019d2cb455f0]
Event: 603.303 Thread 0x0000019d3fb78730 11801       3       org.gradle.internal.instantiation.generator.AsmBackedClassGenerator$ClassBuilderImpl$$Lambda/0x0000019d411fa9a0::<init> (44 bytes)
Event: 603.304 Thread 0x0000019d3fb78730 nmethod 11801 0x0000019d2cb45608 code [0x0000019d2cb45740, 0x0000019d2cb45ae0]
Event: 603.304 Thread 0x0000019d3fb78730 11802       3       org.gradle.internal.instantiation.generator.AsmBackedClassGenerator$ClassBuilderImpl::lambda$addActionMethod$39 (21 bytes)
Event: 603.304 Thread 0x0000019d3fb78730 nmethod 11802 0x0000019d2cb45b08 code [0x0000019d2cb45c20, 0x0000019d2cb45e20]
Event: 603.304 Thread 0x0000019d3fb0d950 nmethod 11797 0x0000019d33c4b388 code [0x0000019d33c4b500, 0x0000019d33c4bcf0]
Event: 603.304 Thread 0x0000019d3fb0d950 11798       4       org.gradle.internal.reflect.ClassInspector::inspectClass (179 bytes)
Event: 603.394 Thread 0x0000019d3fb78730 11803       3       java.util.regex.Pattern$BmpCharProperty::match (55 bytes)
Event: 603.395 Thread 0x0000019d3fb78730 nmethod 11803 0x0000019d2cb45e88 code [0x0000019d2cb45fe0, 0x0000019d2cb46468]
Event: 603.408 Thread 0x0000019d3fb78730 11805       3       org.gradle.internal.instantiation.generator.AbstractClassGenerator$PropertyMetadata::addSetMethod (12 bytes)
Event: 603.408 Thread 0x0000019d3fb78730 nmethod 11805 0x0000019d2cb46488 code [0x0000019d2cb465a0, 0x0000019d2cb46778]
Event: 603.410 Thread 0x0000019d3fb78730 11806       3       org.gradle.internal.instantiation.generator.AsmBackedClassGenerator$ClassBuilderImpl::mixInGroovyObject (63 bytes)
Event: 603.411 Thread 0x0000019d3fb78730 nmethod 11806 0x0000019d2cb46808 code [0x0000019d2cb46a00, 0x0000019d2cb474b0]

GC Heap History (20 events):
Event: 563.169 GC heap before
{Heap before GC invocations=33 (full 0):
 garbage-first heap   total reserved 2097152K, committed 109568K, used 98005K [0x0000000080000000, 0x0000000100000000)
  region size 1024K, 35 young (35840K), 4 survivors (4096K)
 Metaspace       used 71677K, committed 73856K, reserved 491520K
  class space    used 10422K, committed 11456K, reserved 425984K
}
Event: 563.181 GC heap after
{Heap after GC invocations=34 (full 0):
 garbage-first heap   total reserved 2097152K, committed 109568K, used 68439K [0x0000000080000000, 0x0000000100000000)
  region size 1024K, 4 young (4096K), 4 survivors (4096K)
 Metaspace       used 71677K, committed 73856K, reserved 491520K
  class space    used 10422K, committed 11456K, reserved 425984K
}
Event: 566.634 GC heap before
{Heap before GC invocations=35 (full 0):
 garbage-first heap   total reserved 2097152K, committed 116736K, used 100183K [0x0000000080000000, 0x0000000100000000)
  region size 1024K, 32 young (32768K), 4 survivors (4096K)
 Metaspace       used 71913K, committed 74048K, reserved 491520K
  class space    used 10432K, committed 11456K, reserved 425984K
}
Event: 566.645 GC heap after
{Heap after GC invocations=36 (full 0):
 garbage-first heap   total reserved 2097152K, committed 116736K, used 72690K [0x0000000080000000, 0x0000000100000000)
  region size 1024K, 2 young (2048K), 2 survivors (2048K)
 Metaspace       used 71913K, committed 74048K, reserved 491520K
  class space    used 10432K, committed 11456K, reserved 425984K
}
Event: 566.991 GC heap before
{Heap before GC invocations=36 (full 0):
 garbage-first heap   total reserved 2097152K, committed 116736K, used 75762K [0x0000000080000000, 0x0000000100000000)
  region size 1024K, 5 young (5120K), 2 survivors (2048K)
 Metaspace       used 72094K, committed 74304K, reserved 491520K
  class space    used 10468K, committed 11520K, reserved 425984K
}
Event: 566.996 GC heap after
{Heap after GC invocations=37 (full 0):
 garbage-first heap   total reserved 2097152K, committed 116736K, used 72314K [0x0000000080000000, 0x0000000100000000)
  region size 1024K, 1 young (1024K), 1 survivors (1024K)
 Metaspace       used 72094K, committed 74304K, reserved 491520K
  class space    used 10468K, committed 11520K, reserved 425984K
}
Event: 569.520 GC heap before
{Heap before GC invocations=37 (full 0):
 garbage-first heap   total reserved 2097152K, committed 116736K, used 92794K [0x0000000080000000, 0x0000000100000000)
  region size 1024K, 14 young (14336K), 1 survivors (1024K)
 Metaspace       used 73084K, committed 75328K, reserved 491520K
  class space    used 10615K, committed 11648K, reserved 425984K
}
Event: 569.527 GC heap after
{Heap after GC invocations=38 (full 0):
 garbage-first heap   total reserved 2097152K, committed 116736K, used 82380K [0x0000000080000000, 0x0000000100000000)
  region size 1024K, 2 young (2048K), 2 survivors (2048K)
 Metaspace       used 73084K, committed 75328K, reserved 491520K
  class space    used 10615K, committed 11648K, reserved 425984K
}
Event: 572.145 GC heap before
{Heap before GC invocations=38 (full 0):
 garbage-first heap   total reserved 2097152K, committed 116736K, used 105932K [0x0000000080000000, 0x0000000100000000)
  region size 1024K, 26 young (26624K), 2 survivors (2048K)
 Metaspace       used 74966K, committed 77184K, reserved 557056K
  class space    used 10874K, committed 11904K, reserved 425984K
}
Event: 572.150 GC heap after
{Heap after GC invocations=39 (full 0):
 garbage-first heap   total reserved 2097152K, committed 116736K, used 83681K [0x0000000080000000, 0x0000000100000000)
  region size 1024K, 4 young (4096K), 4 survivors (4096K)
 Metaspace       used 74966K, committed 77184K, reserved 557056K
  class space    used 10874K, committed 11904K, reserved 425984K
}
Event: 574.572 GC heap before
{Heap before GC invocations=39 (full 0):
 garbage-first heap   total reserved 2097152K, committed 116736K, used 104161K [0x0000000080000000, 0x0000000100000000)
  region size 1024K, 24 young (24576K), 4 survivors (4096K)
 Metaspace       used 75793K, committed 78016K, reserved 557056K
  class space    used 10978K, committed 12032K, reserved 425984K
}
Event: 574.656 GC heap after
{Heap after GC invocations=40 (full 0):
 garbage-first heap   total reserved 2097152K, committed 116736K, used 86877K [0x0000000080000000, 0x0000000100000000)
  region size 1024K, 3 young (3072K), 3 survivors (3072K)
 Metaspace       used 75793K, committed 78016K, reserved 557056K
  class space    used 10978K, committed 12032K, reserved 425984K
}
Event: 578.668 GC heap before
{Heap before GC invocations=40 (full 0):
 garbage-first heap   total reserved 2097152K, committed 116736K, used 105309K [0x0000000080000000, 0x0000000100000000)
  region size 1024K, 22 young (22528K), 3 survivors (3072K)
 Metaspace       used 76876K, committed 79104K, reserved 557056K
  class space    used 11131K, committed 12160K, reserved 425984K
}
Event: 578.678 GC heap after
{Heap after GC invocations=41 (full 0):
 garbage-first heap   total reserved 2097152K, committed 116736K, used 87638K [0x0000000080000000, 0x0000000100000000)
  region size 1024K, 2 young (2048K), 2 survivors (2048K)
 Metaspace       used 76876K, committed 79104K, reserved 557056K
  class space    used 11131K, committed 12160K, reserved 425984K
}
Event: 596.755 GC heap before
{Heap before GC invocations=42 (full 0):
 garbage-first heap   total reserved 2097152K, committed 148480K, used 105046K [0x0000000080000000, 0x0000000100000000)
  region size 1024K, 19 young (19456K), 2 survivors (2048K)
 Metaspace       used 77603K, committed 79872K, reserved 557056K
  class space    used 11249K, committed 12352K, reserved 425984K
}
Event: 596.761 GC heap after
{Heap after GC invocations=43 (full 0):
 garbage-first heap   total reserved 2097152K, committed 148480K, used 88753K [0x0000000080000000, 0x0000000100000000)
  region size 1024K, 3 young (3072K), 3 survivors (3072K)
 Metaspace       used 77603K, committed 79872K, reserved 557056K
  class space    used 11249K, committed 12352K, reserved 425984K
}
Event: 600.342 GC heap before
{Heap before GC invocations=43 (full 0):
 garbage-first heap   total reserved 2097152K, committed 148480K, used 101041K [0x0000000080000000, 0x0000000100000000)
  region size 1024K, 15 young (15360K), 3 survivors (3072K)
 Metaspace       used 77712K, committed 80000K, reserved 557056K
  class space    used 11250K, committed 12352K, reserved 425984K
}
Event: 600.480 GC heap after
{Heap after GC invocations=44 (full 0):
 garbage-first heap   total reserved 2097152K, committed 148480K, used 89092K [0x0000000080000000, 0x0000000100000000)
  region size 1024K, 2 young (2048K), 2 survivors (2048K)
 Metaspace       used 77712K, committed 80000K, reserved 557056K
  class space    used 11250K, committed 12352K, reserved 425984K
}
Event: 602.293 GC heap before
{Heap before GC invocations=44 (full 0):
 garbage-first heap   total reserved 2097152K, committed 148480K, used 104452K [0x0000000080000000, 0x0000000100000000)
  region size 1024K, 18 young (18432K), 2 survivors (2048K)
 Metaspace       used 77807K, committed 80064K, reserved 557056K
  class space    used 11259K, committed 12352K, reserved 425984K
}
Event: 602.304 GC heap after
{Heap after GC invocations=45 (full 0):
 garbage-first heap   total reserved 2097152K, committed 186368K, used 88402K [0x0000000080000000, 0x0000000100000000)
  region size 1024K, 2 young (2048K), 2 survivors (2048K)
 Metaspace       used 77807K, committed 80064K, reserved 557056K
  class space    used 11259K, committed 12352K, reserved 425984K
}

Dll operation events (15 events):
Event: 2.747 Loaded shared library C:\Program Files\Java\jdk-23\bin\java.dll
Event: 3.636 Loaded shared library C:\Program Files\Java\jdk-23\bin\jsvml.dll
Event: 5.111 Loaded shared library C:\Program Files\Java\jdk-23\bin\zip.dll
Event: 5.116 Loaded shared library C:\Program Files\Java\jdk-23\bin\instrument.dll
Event: 5.123 Loaded shared library C:\Program Files\Java\jdk-23\bin\net.dll
Event: 5.127 Loaded shared library C:\Program Files\Java\jdk-23\bin\nio.dll
Event: 5.133 Loaded shared library C:\Program Files\Java\jdk-23\bin\zip.dll
Event: 10.267 Loaded shared library C:\Program Files\Java\jdk-23\bin\jimage.dll
Event: 14.207 Loaded shared library C:\Program Files\Java\jdk-23\bin\verify.dll
Event: 15.816 Loaded shared library C:\Users\rogin\.gradle\native\1def1411415f61bf3af743bc5b6707747c0891f09f0c88961ee8f79bc544acac\windows-amd64\native-platform.dll
Event: 16.625 Loaded shared library C:\Users\rogin\.gradle\native\0.2.7\x86_64-windows-gnu\gradle-fileevents.dll
Event: 48.818 Loaded shared library C:\Program Files\Java\jdk-23\bin\management.dll
Event: 48.822 Loaded shared library C:\Program Files\Java\jdk-23\bin\management_ext.dll
Event: 52.460 Loaded shared library C:\Program Files\Java\jdk-23\bin\extnet.dll
Event: 60.845 Loaded shared library C:\Program Files\Java\jdk-23\bin\sunmscapi.dll

Deoptimization events (20 events):
Event: 603.179 Thread 0x0000019d604167a0 Uncommon trap: trap_request=0xffffffde fr.pc=0x0000019d338ec298 relative=0x00000000000009f8
Event: 603.179 Thread 0x0000019d604167a0 Uncommon trap: reason=class_check action=maybe_recompile pc=0x0000019d338ec298 method=com.google.common.collect.Sets$1$1.computeNext()Ljava/lang/Object; @ 16 c2
Event: 603.179 Thread 0x0000019d604167a0 DEOPT PACKING pc=0x0000019d338ec298 sp=0x0000001376ff8c10
Event: 603.179 Thread 0x0000019d604167a0 DEOPT UNPACKING pc=0x0000019d33264402 sp=0x0000001376ff8b20 mode 2
Event: 603.179 Thread 0x0000019d604167a0 Uncommon trap: trap_request=0xffffffde fr.pc=0x0000019d338ec298 relative=0x00000000000009f8
Event: 603.179 Thread 0x0000019d604167a0 Uncommon trap: reason=class_check action=maybe_recompile pc=0x0000019d338ec298 method=com.google.common.collect.Sets$1$1.computeNext()Ljava/lang/Object; @ 16 c2
Event: 603.179 Thread 0x0000019d604167a0 DEOPT PACKING pc=0x0000019d338ec298 sp=0x0000001376ff8c10
Event: 603.179 Thread 0x0000019d604167a0 DEOPT UNPACKING pc=0x0000019d33264402 sp=0x0000001376ff8b20 mode 2
Event: 603.183 Thread 0x0000019d604167a0 Uncommon trap: trap_request=0xffffffc6 fr.pc=0x0000019d33c0756c relative=0x000000000000048c
Event: 603.183 Thread 0x0000019d604167a0 Uncommon trap: reason=bimorphic_or_optimized_type_check action=maybe_recompile pc=0x0000019d33c0756c method=com.google.common.collect.NaturalOrdering.compare(Ljava/lang/Comparable;Ljava/lang/Comparable;)I @ 12 c2
Event: 603.183 Thread 0x0000019d604167a0 DEOPT PACKING pc=0x0000019d33c0756c sp=0x0000001376ff85f0
Event: 603.183 Thread 0x0000019d604167a0 DEOPT UNPACKING pc=0x0000019d33264402 sp=0x0000001376ff8518 mode 2
Event: 603.203 Thread 0x0000019d604167a0 Uncommon trap: trap_request=0xffffffc6 fr.pc=0x0000019d33c0756c relative=0x000000000000048c
Event: 603.203 Thread 0x0000019d604167a0 Uncommon trap: reason=bimorphic_or_optimized_type_check action=maybe_recompile pc=0x0000019d33c0756c method=com.google.common.collect.NaturalOrdering.compare(Ljava/lang/Comparable;Ljava/lang/Comparable;)I @ 12 c2
Event: 603.203 Thread 0x0000019d604167a0 DEOPT PACKING pc=0x0000019d33c0756c sp=0x0000001376ff85f0
Event: 603.204 Thread 0x0000019d604167a0 DEOPT UNPACKING pc=0x0000019d33264402 sp=0x0000001376ff8518 mode 2
Event: 603.206 Thread 0x0000019d604167a0 Uncommon trap: trap_request=0xffffff45 fr.pc=0x0000019d33ba2678 relative=0x0000000000001678
Event: 603.206 Thread 0x0000019d604167a0 Uncommon trap: reason=unstable_if action=reinterpret pc=0x0000019d33ba2678 method=java.util.concurrent.ConcurrentHashMap.computeIfAbsent(Ljava/lang/Object;Ljava/util/function/Function;)Ljava/lang/Object; @ 364 c2
Event: 603.206 Thread 0x0000019d604167a0 DEOPT PACKING pc=0x0000019d33ba2678 sp=0x0000001376ff7490
Event: 603.206 Thread 0x0000019d604167a0 DEOPT UNPACKING pc=0x0000019d33264402 sp=0x0000001376ff7420 mode 2

Classes loaded (20 events):
Event: 576.071 Loading class java/net/InetAddress$Addresses done
Event: 576.071 Loading class java/net/InetAddress$NameServiceAddresses done
Event: 576.071 Loading class java/net/spi/InetAddressResolverProvider
Event: 576.071 Loading class java/net/spi/InetAddressResolverProvider done
Event: 576.937 Loading class sun/net/InetAddressCachePolicy
Event: 576.940 Loading class sun/net/InetAddressCachePolicy done
Event: 576.942 Loading class sun/net/InetAddressCachePolicy$1
Event: 576.942 Loading class sun/net/InetAddressCachePolicy$1 done
Event: 576.942 Loading class java/net/InetAddress$CachedLookup
Event: 576.947 Loading class java/net/InetAddress$CachedLookup done
Event: 576.948 Loading class java/net/InetAddress$CachedLocalHost
Event: 576.948 Loading class java/net/InetAddress$CachedLocalHost done
Event: 578.091 Loading class sun/reflect/annotation/AnnotationInvocationHandler$1
Event: 578.091 Loading class sun/reflect/annotation/AnnotationInvocationHandler$1 done
Event: 578.704 Loading class java/util/stream/ReduceOps$5
Event: 578.709 Loading class java/util/stream/ReduceOps$5 done
Event: 578.709 Loading class java/util/stream/ReduceOps$CountingSink$OfRef
Event: 578.709 Loading class java/util/stream/ReduceOps$CountingSink
Event: 578.709 Loading class java/util/stream/ReduceOps$CountingSink done
Event: 578.709 Loading class java/util/stream/ReduceOps$CountingSink$OfRef done

Classes unloaded (0 events):
No events

Classes redefined (0 events):
No events

Internal exceptions (20 events):
Event: 567.002 Thread 0x0000019d604167a0 Exception <a 'java/lang/NoSuchMethodError'{0x0000000087d364c0}: static Lorg/jetbrains/kotlin/gradle/plugin/internal/MavenPluginConfigurator$DefaultMavenPluginConfiguratorVariantFactory;.<clinit>()V> (0x0000000087d364c0) 
thrown [s\open\src\hotspot\share\prims\jni.cpp, line 1111]
Event: 567.008 Thread 0x0000019d604167a0 Exception <a 'java/lang/NoSuchMethodError'{0x0000000087d50248}: static Lorg/jetbrains/kotlin/gradle/targets/js/nodejs/DefaultUnameExecutorVariantFactory;.<clinit>()V> (0x0000000087d50248) 
thrown [s\open\src\hotspot\share\prims\jni.cpp, line 1111]
Event: 567.021 Thread 0x0000019d604167a0 Exception <a 'java/lang/NoSuchMethodError'{0x0000000087d6a030}: static Lorg/jetbrains/kotlin/gradle/plugin/internal/DefaultBasePluginConfigurationVariantFactory;.<clinit>()V> (0x0000000087d6a030) 
thrown [s\open\src\hotspot\share\prims\jni.cpp, line 1111]
Event: 567.158 Thread 0x0000019d604167a0 Implicit null exception at 0x0000019d338358f8 to 0x0000019d33836c9c
Event: 567.185 Thread 0x0000019d604167a0 Exception <a 'java/lang/NoSuchMethodError'{0x00000000870bac30}: 'int java.lang.invoke.DelegatingMethodHandle$Holder.reinvoke_L(java.lang.Object, java.lang.Object, java.lang.Object, java.lang.Object, java.lang.Object, java.lang.Object)'> (0x00000000870bac30) 
thrown [s\open\src\hotspot\share\interpreter\linkResolver.cpp, line 796]
Event: 568.104 Thread 0x0000019d604167a0 Exception <a 'java/lang/NoSuchMethodError'{0x0000000086968930}: 'long java.lang.invoke.DirectMethodHandle$Holder.invokeStatic(java.lang.Object, java.lang.Object, int)'> (0x0000000086968930) 
thrown [s\open\src\hotspot\share\interpreter\linkResolver.cpp, line 796]
Event: 568.107 Thread 0x0000019d604167a0 Exception <a 'java/lang/NoSuchMethodError'{0x00000000869750c0}: 'int java.lang.invoke.DelegatingMethodHandle$Holder.reinvoke_L(java.lang.Object, java.lang.Object, java.lang.Object, long, java.lang.Object, java.lang.Object)'> (0x00000000869750c0) 
thrown [s\open\src\hotspot\share\interpreter\linkResolver.cpp, line 796]
Event: 572.599 Thread 0x0000019d604167a0 Exception <a 'java/lang/ClassNotFoundException'{0x0000000086c18560}: org/jetbrains/kotlin/gradle/targets/js/npm/DefaultNpmDependencyExtensionBeanInfo> (0x0000000086c18560) 
thrown [s\open\src\hotspot\share\classfile\systemDictionary.cpp, line 313]
Event: 572.600 Thread 0x0000019d604167a0 Exception <a 'java/lang/ClassNotFoundException'{0x0000000086c211d8}: org/jetbrains/kotlin/gradle/targets/js/npm/DefaultNpmDependencyExtensionCustomizer> (0x0000000086c211d8) 
thrown [s\open\src\hotspot\share\classfile\systemDictionary.cpp, line 313]
Event: 572.616 Thread 0x0000019d604167a0 Exception <a 'java/lang/ClassNotFoundException'{0x0000000086c9efd0}: org/jetbrains/kotlin/gradle/targets/js/npm/NpmDependencyExtensionKt$defaultNpmDependencyDelegate$1BeanInfo> (0x0000000086c9efd0) 
thrown [s\open\src\hotspot\share\classfile\systemDictionary.cpp, line 313]
Event: 572.617 Thread 0x0000019d604167a0 Exception <a 'java/lang/ClassNotFoundException'{0x0000000086ca7c90}: org/jetbrains/kotlin/gradle/targets/js/npm/NpmDependencyExtensionDelegateBeanInfo> (0x0000000086ca7c90) 
thrown [s\open\src\hotspot\share\classfile\systemDictionary.cpp, line 313]
Event: 572.617 Thread 0x0000019d604167a0 Exception <a 'java/lang/ClassNotFoundException'{0x0000000086cb0918}: org/jetbrains/kotlin/gradle/targets/js/npm/NpmDependencyExtensionDelegateCustomizer> (0x0000000086cb0918) 
thrown [s\open\src\hotspot\share\classfile\systemDictionary.cpp, line 313]
Event: 572.621 Thread 0x0000019d604167a0 Exception <a 'java/lang/ClassNotFoundException'{0x0000000086ce4100}: org/jetbrains/kotlin/gradle/targets/js/npm/NpmDependencyExtensionKt$defaultNpmDependencyDelegate$1Customizer> (0x0000000086ce4100) 
thrown [s\open\src\hotspot\share\classfile\systemDictionary.cpp, line 313]
Event: 572.694 Thread 0x0000019d604167a0 Exception <a 'java/lang/ClassNotFoundException'{0x0000000086b1bb98}: org/jetbrains/kotlin/gradle/targets/js/npm/DefaultDevNpmDependencyExtensionBeanInfo> (0x0000000086b1bb98) 
thrown [s\open\src\hotspot\share\classfile\systemDictionary.cpp, line 313]
Event: 572.694 Thread 0x0000019d604167a0 Exception <a 'java/lang/ClassNotFoundException'{0x0000000086b24820}: org/jetbrains/kotlin/gradle/targets/js/npm/DefaultDevNpmDependencyExtensionCustomizer> (0x0000000086b24820) 
thrown [s\open\src\hotspot\share\classfile\systemDictionary.cpp, line 313]
Event: 572.705 Thread 0x0000019d604167a0 Exception <a 'java/lang/ClassNotFoundException'{0x0000000086b67250}: org/jetbrains/kotlin/gradle/targets/js/npm/DefaultPeerNpmDependencyExtensionBeanInfo> (0x0000000086b67250) 
thrown [s\open\src\hotspot\share\classfile\systemDictionary.cpp, line 313]
Event: 572.706 Thread 0x0000019d604167a0 Exception <a 'java/lang/ClassNotFoundException'{0x0000000086b6fee0}: org/jetbrains/kotlin/gradle/targets/js/npm/DefaultPeerNpmDependencyExtensionCustomizer> (0x0000000086b6fee0) 
thrown [s\open\src\hotspot\share\classfile\systemDictionary.cpp, line 313]
Event: 572.713 Thread 0x0000019d604167a0 Exception <a 'java/lang/ClassNotFoundException'{0x0000000086bbb808}: org/jetbrains/kotlin/gradle/targets/js/npm/DefaultPeerNpmDependencyExtension$delegate$1BeanInfo> (0x0000000086bbb808) 
thrown [s\open\src\hotspot\share\classfile\systemDictionary.cpp, line 313]
Event: 572.714 Thread 0x0000019d604167a0 Exception <a 'java/lang/ClassNotFoundException'{0x0000000086bc4760}: org/jetbrains/kotlin/gradle/targets/js/npm/DefaultPeerNpmDependencyExtension$delegate$1Customizer> (0x0000000086bc4760) 
thrown [s\open\src\hotspot\share\classfile\systemDictionary.cpp, line 313]
Event: 572.855 Thread 0x0000019d604167a0 Exception <a 'java/lang/NoSuchMethodError'{0x0000000086ac4960}: static Lorg/jetbrains/kotlin/gradle/plugin/internal/DefaultIdeaSyncDetector$createIdeaPropertiesEvaluator$1;.<clinit>()V> (0x0000000086ac4960) 
thrown [s\open\src\hotspot\share\prims\jni.cpp, line 1111]

VM Operations (20 events):
Event: 572.145 Executing VM operation: G1CollectForAllocation (G1 Evacuation Pause)
Event: 572.150 Executing VM operation: G1CollectForAllocation (G1 Evacuation Pause) done
Event: 574.572 Executing VM operation: G1CollectForAllocation (G1 Evacuation Pause)
Event: 574.656 Executing VM operation: G1CollectForAllocation (G1 Evacuation Pause) done
Event: 575.629 Executing VM operation: HandshakeAllThreads (Deoptimize)
Event: 575.629 Executing VM operation: HandshakeAllThreads (Deoptimize) done
Event: 578.512 Executing VM operation: HandshakeAllThreads (Deoptimize)
Event: 578.512 Executing VM operation: HandshakeAllThreads (Deoptimize) done
Event: 578.668 Executing VM operation: G1CollectForAllocation (G1 Evacuation Pause)
Event: 578.678 Executing VM operation: G1CollectForAllocation (G1 Evacuation Pause) done
Event: 578.899 Executing VM operation: G1PauseRemark
Event: 578.936 Executing VM operation: G1PauseRemark done
Event: 579.007 Executing VM operation: G1PauseCleanup
Event: 579.007 Executing VM operation: G1PauseCleanup done
Event: 596.713 Executing VM operation: G1CollectForAllocation (G1 Evacuation Pause)
Event: 596.762 Executing VM operation: G1CollectForAllocation (G1 Evacuation Pause) done
Event: 600.342 Executing VM operation: G1CollectForAllocation (G1 Evacuation Pause)
Event: 600.480 Executing VM operation: G1CollectForAllocation (G1 Evacuation Pause) done
Event: 602.267 Executing VM operation: G1CollectForAllocation (G1 Evacuation Pause)
Event: 602.305 Executing VM operation: G1CollectForAllocation (G1 Evacuation Pause) done

Memory protections (0 events):
No events

Nmethod flushes (20 events):
Event: 578.934 Thread 0x0000019d3fae8c40 flushing  nmethod 0x0000019d2c520208
Event: 578.934 Thread 0x0000019d3fae8c40 flushing  nmethod 0x0000019d2c520708
Event: 578.934 Thread 0x0000019d3fae8c40 flushing  nmethod 0x0000019d2c520f88
Event: 578.934 Thread 0x0000019d3fae8c40 flushing  nmethod 0x0000019d2c521a88
Event: 578.934 Thread 0x0000019d3fae8c40 flushing  nmethod 0x0000019d2c522408
Event: 578.934 Thread 0x0000019d3fae8c40 flushing  nmethod 0x0000019d2c52ca08
Event: 578.934 Thread 0x0000019d3fae8c40 flushing  nmethod 0x0000019d2c530388
Event: 578.934 Thread 0x0000019d3fae8c40 flushing  nmethod 0x0000019d2c532388
Event: 578.934 Thread 0x0000019d3fae8c40 flushing  nmethod 0x0000019d2c539708
Event: 578.934 Thread 0x0000019d3fae8c40 flushing  nmethod 0x0000019d2c53c488
Event: 578.934 Thread 0x0000019d3fae8c40 flushing  nmethod 0x0000019d2c53d408
Event: 578.934 Thread 0x0000019d3fae8c40 flushing  nmethod 0x0000019d2c53f088
Event: 578.934 Thread 0x0000019d3fae8c40 flushing  nmethod 0x0000019d2c53fd88
Event: 578.934 Thread 0x0000019d3fae8c40 flushing  nmethod 0x0000019d2c595a08
Event: 578.934 Thread 0x0000019d3fae8c40 flushing  nmethod 0x0000019d2c5b0808
Event: 578.934 Thread 0x0000019d3fae8c40 flushing  nmethod 0x0000019d2c5b0c08
Event: 578.934 Thread 0x0000019d3fae8c40 flushing  nmethod 0x0000019d2c5e5508
Event: 578.934 Thread 0x0000019d3fae8c40 flushing  nmethod 0x0000019d2c665688
Event: 578.934 Thread 0x0000019d3fae8c40 flushing  nmethod 0x0000019d2c812188
Event: 578.934 Thread 0x0000019d3fae8c40 flushing  nmethod 0x0000019d2c865788

Events (20 events):
Event: 379.057 Thread 0x0000019d604167a0 Thread added: 0x0000019d61952060
Event: 434.386 Thread 0x0000019d604167a0 Thread added: 0x0000019d61950cb0
Event: 445.442 Thread 0x0000019d604167a0 Thread added: 0x0000019d6194d830
Event: 557.656 Thread 0x0000019d604167a0 Thread added: 0x0000019d6194d1a0
Event: 557.657 Thread 0x0000019d604167a0 Thread added: 0x0000019d6194dec0
Event: 557.658 Thread 0x0000019d604167a0 Thread added: 0x0000019d6194e550
Event: 562.688 Thread 0x0000019d604167a0 Thread added: 0x0000019d6194ebe0
Event: 562.690 Thread 0x0000019d604167a0 Thread added: 0x0000019d6194f270
Event: 562.693 Thread 0x0000019d604167a0 Thread added: 0x0000019d6155f710
Event: 563.331 Thread 0x0000019d604167a0 Thread added: 0x0000019d63b69290
Event: 563.331 Thread 0x0000019d604167a0 Thread added: 0x0000019d63b69fb0
Event: 563.333 Thread 0x0000019d604167a0 Thread added: 0x0000019d63b671c0
Event: 567.108 Thread 0x0000019d604167a0 Thread added: 0x0000019d63b63020
Event: 585.066 Thread 0x0000019d604167a0 Thread added: 0x0000019d63b643d0
Event: 585.066 Thread 0x0000019d604167a0 Thread added: 0x0000019d63b64a60
Event: 596.614 Thread 0x0000019d604167a0 Thread added: 0x0000019d63b650f0
Event: 596.619 Thread 0x0000019d604167a0 Thread added: 0x0000019d63b67ee0
Event: 596.681 Thread 0x0000019d604167a0 Thread added: 0x0000019d63b664a0
Event: 596.682 Thread 0x0000019d604167a0 Thread added: 0x0000019d63b67850
Event: 596.683 Thread 0x0000019d604167a0 Thread added: 0x0000019d63b65780


Dynamic libraries:
0x00007ff7ec4a0000 - 0x00007ff7ec4b0000 	C:\Program Files\Java\jdk-23\bin\java.exe
0x00007ffc77f30000 - 0x00007ffc78147000 	C:\Windows\SYSTEM32\ntdll.dll
0x00007ffc46a90000 - 0x00007ffc46aab000 	C:\Program Files\Avast Software\Avast\aswhook.dll
0x00007ffc76050000 - 0x00007ffc76114000 	C:\Windows\System32\KERNEL32.DLL
0x00007ffc75740000 - 0x00007ffc75b13000 	C:\Windows\System32\KERNELBASE.dll
0x00007ffc75210000 - 0x00007ffc75321000 	C:\Windows\System32\ucrtbase.dll
0x00007ffc526a0000 - 0x00007ffc526b7000 	C:\Program Files\Java\jdk-23\bin\jli.dll
0x00007ffc77830000 - 0x00007ffc779e1000 	C:\Windows\System32\USER32.dll
0x00007ffc754a0000 - 0x00007ffc754c6000 	C:\Windows\System32\win32u.dll
0x00007ffc779f0000 - 0x00007ffc77a19000 	C:\Windows\System32\GDI32.dll
0x00007ffc750e0000 - 0x00007ffc75202000 	C:\Windows\System32\gdi32full.dll
0x00007ffc75b20000 - 0x00007ffc75bba000 	C:\Windows\System32\msvcp_win.dll
0x00007ffc52040000 - 0x00007ffc5205b000 	C:\Program Files\Java\jdk-23\bin\VCRUNTIME140.dll
0x00007ffc60430000 - 0x00007ffc606cb000 	C:\Windows\WinSxS\amd64_microsoft.windows.common-controls_6595b64144ccf1df_6.0.22621.5262_none_2712bde373830908\COMCTL32.dll
0x00007ffc76d10000 - 0x00007ffc76db7000 	C:\Windows\System32\msvcrt.dll
0x00007ffc770e0000 - 0x00007ffc77111000 	C:\Windows\System32\IMM32.DLL
0x00007ffc52f00000 - 0x00007ffc52f0c000 	C:\Program Files\Java\jdk-23\bin\vcruntime140_1.dll
0x00007ffc42c00000 - 0x00007ffc42c8e000 	C:\Program Files\Java\jdk-23\bin\msvcp140.dll
0x00007ffbdca40000 - 0x00007ffbdd78f000 	C:\Program Files\Java\jdk-23\bin\server\jvm.dll
0x00007ffc76ad0000 - 0x00007ffc76b81000 	C:\Windows\System32\ADVAPI32.dll
0x00007ffc76120000 - 0x00007ffc761c7000 	C:\Windows\System32\sechost.dll
0x00007ffc754d0000 - 0x00007ffc754f8000 	C:\Windows\System32\bcrypt.dll
0x00007ffc77b30000 - 0x00007ffc77c44000 	C:\Windows\System32\RPCRT4.dll
0x00007ffc75f60000 - 0x00007ffc75fd1000 	C:\Windows\System32\WS2_32.dll
0x00007ffc74ef0000 - 0x00007ffc74f3d000 	C:\Windows\SYSTEM32\POWRPROF.dll
0x00007ffc6e690000 - 0x00007ffc6e6c4000 	C:\Windows\SYSTEM32\WINMM.dll
0x00007ffc6e0a0000 - 0x00007ffc6e0aa000 	C:\Windows\SYSTEM32\VERSION.dll
0x00007ffc74ed0000 - 0x00007ffc74ee3000 	C:\Windows\SYSTEM32\UMPDC.dll
0x00007ffc74030000 - 0x00007ffc74048000 	C:\Windows\SYSTEM32\kernel.appcore.dll
0x00007ffc52790000 - 0x00007ffc5279a000 	C:\Program Files\Java\jdk-23\bin\jimage.dll
0x00007ffc65de0000 - 0x00007ffc66012000 	C:\Windows\SYSTEM32\DBGHELP.DLL
0x00007ffc75bc0000 - 0x00007ffc75f53000 	C:\Windows\System32\combase.dll
0x00007ffc77120000 - 0x00007ffc771f7000 	C:\Windows\System32\OLEAUT32.dll
0x00007ffc65c30000 - 0x00007ffc65c62000 	C:\Windows\SYSTEM32\dbgcore.DLL
0x00007ffc75500000 - 0x00007ffc7557b000 	C:\Windows\System32\bcryptPrimitives.dll
0x00007ffc52780000 - 0x00007ffc5278f000 	C:\Program Files\Java\jdk-23\bin\instrument.dll
0x00007ffc52760000 - 0x00007ffc5277e000 	C:\Program Files\Java\jdk-23\bin\java.dll
0x00007ffc77200000 - 0x00007ffc773a1000 	C:\Windows\System32\ole32.dll
0x00007ffc76230000 - 0x00007ffc76acd000 	C:\Windows\System32\SHELL32.dll
0x00007ffc75580000 - 0x00007ffc756bf000 	C:\Windows\System32\wintypes.dll
0x00007ffc72f10000 - 0x00007ffc7382d000 	C:\Windows\SYSTEM32\windows.storage.dll
0x00007ffc77a20000 - 0x00007ffc77b2b000 	C:\Windows\System32\SHCORE.dll
0x00007ffc76b90000 - 0x00007ffc76bf6000 	C:\Windows\System32\shlwapi.dll
0x00007ffc74f50000 - 0x00007ffc74f7b000 	C:\Windows\SYSTEM32\profapi.dll
0x00007ffc2d3f0000 - 0x00007ffc2d4c7000 	C:\Program Files\Java\jdk-23\bin\jsvml.dll
0x00007ffc51f80000 - 0x00007ffc51f97000 	C:\Program Files\Java\jdk-23\bin\zip.dll
0x00007ffc52500000 - 0x00007ffc52510000 	C:\Program Files\Java\jdk-23\bin\net.dll
0x00007ffc744c0000 - 0x00007ffc7452a000 	C:\Windows\system32\mswsock.dll
0x00007ffc51f60000 - 0x00007ffc51f76000 	C:\Program Files\Java\jdk-23\bin\nio.dll
0x00007ffc510d0000 - 0x00007ffc510e0000 	C:\Program Files\Java\jdk-23\bin\verify.dll
0x00007ffc5bb00000 - 0x00007ffc5bb27000 	C:\Users\rogin\.gradle\native\1def1411415f61bf3af743bc5b6707747c0891f09f0c88961ee8f79bc544acac\windows-amd64\native-platform.dll
0x00007ffc49f40000 - 0x00007ffc49fb8000 	C:\Users\rogin\.gradle\native\0.2.7\x86_64-windows-gnu\gradle-fileevents.dll
0x00007ffc50c80000 - 0x00007ffc50c8a000 	C:\Program Files\Java\jdk-23\bin\management.dll
0x00007ffc4b110000 - 0x00007ffc4b11b000 	C:\Program Files\Java\jdk-23\bin\management_ext.dll
0x00007ffc76fa0000 - 0x00007ffc76fa8000 	C:\Windows\System32\PSAPI.DLL
0x00007ffc73ad0000 - 0x00007ffc73afd000 	C:\Windows\SYSTEM32\IPHLPAPI.DLL
0x00007ffc76dc0000 - 0x00007ffc76dc9000 	C:\Windows\System32\NSI.dll
0x00007ffc4b100000 - 0x00007ffc4b109000 	C:\Program Files\Java\jdk-23\bin\extnet.dll
0x00007ffc74740000 - 0x00007ffc7475b000 	C:\Windows\SYSTEM32\CRYPTSP.dll
0x00007ffc73f80000 - 0x00007ffc73fb7000 	C:\Windows\system32\rsaenh.dll
0x00007ffc745d0000 - 0x00007ffc745f8000 	C:\Windows\SYSTEM32\USERENV.dll
0x00007ffc74730000 - 0x00007ffc7473c000 	C:\Windows\SYSTEM32\CRYPTBASE.dll
0x00007ffc49f30000 - 0x00007ffc49f3e000 	C:\Program Files\Java\jdk-23\bin\sunmscapi.dll
0x00007ffc75330000 - 0x00007ffc75497000 	C:\Windows\System32\CRYPT32.dll
0x00007ffc748f0000 - 0x00007ffc7491d000 	C:\Windows\SYSTEM32\ncrypt.dll
0x00007ffc748b0000 - 0x00007ffc748e7000 	C:\Windows\SYSTEM32\NTASN1.dll
0x00007ffc53b20000 - 0x00007ffc53b28000 	C:\Windows\system32\wshunix.dll
0x00007ffc515c0000 - 0x00007ffc515d7000 	C:\Windows\system32\napinsp.dll
0x00007ffc515a0000 - 0x00007ffc515bb000 	C:\Windows\system32\pnrpnsp.dll
0x00007ffc73b00000 - 0x00007ffc73bf8000 	C:\Windows\SYSTEM32\DNSAPI.dll
0x00007ffc51580000 - 0x00007ffc51591000 	C:\Windows\System32\winrnr.dll
0x00007ffc6c9b0000 - 0x00007ffc6c9cf000 	C:\Windows\system32\wshbth.dll
0x00007ffc51550000 - 0x00007ffc51571000 	C:\Windows\system32\nlansp_c.dll
0x00007ffc65a10000 - 0x00007ffc65a1a000 	C:\Windows\System32\rasadhlp.dll
0x00007ffc6b9a0000 - 0x00007ffc6ba23000 	C:\Windows\System32\fwpuclnt.dll

dbghelp: loaded successfully - version: 4.0.5 - missing functions: none
symbol engine: initialized successfully - sym options: 0x614 - pdb path: .;C:\Program Files\Java\jdk-23\bin;C:\Windows\SYSTEM32;C:\Program Files\Avast Software\Avast;C:\Windows\WinSxS\amd64_microsoft.windows.common-controls_6595b64144ccf1df_6.0.22621.5262_none_2712bde373830908;C:\Program Files\Java\jdk-23\bin\server;C:\Users\rogin\.gradle\native\1def1411415f61bf3af743bc5b6707747c0891f09f0c88961ee8f79bc544acac\windows-amd64;C:\Users\rogin\.gradle\native\0.2.7\x86_64-windows-gnu

VM Arguments:
jvm_args: --add-opens=java.base/java.lang=ALL-UNNAMED --add-opens=java.base/java.lang.invoke=ALL-UNNAMED --add-opens=java.base/java.util=ALL-UNNAMED --add-opens=java.prefs/java.util.prefs=ALL-UNNAMED --add-exports=jdk.compiler/com.sun.tools.javac.api=ALL-UNNAMED --add-exports=jdk.compiler/com.sun.tools.javac.util=ALL-UNNAMED --add-opens=java.base/java.util=ALL-UNNAMED --add-opens=java.prefs/java.util.prefs=ALL-UNNAMED --add-opens=java.base/java.nio.charset=ALL-UNNAMED --add-opens=java.base/java.net=ALL-UNNAMED --add-opens=java.base/java.util.concurrent.atomic=ALL-UNNAMED --add-opens=java.xml/javax.xml.namespace=ALL-UNNAMED -XX:MaxMetaspaceSize=512m -Xmx2048m -Dfile.encoding=UTF-8 -Duser.country=BR -Duser.language=pt -Duser.variant -javaagent:C:\Users\rogin\.gradle\wrapper\dists\gradle-8.13-bin\5xuhj0ry160q40clulazy9h7d\gradle-8.13\lib\agents\gradle-instrumentation-agent-8.13.jar 
java_command: org.gradle.launcher.daemon.bootstrap.GradleDaemon 8.13
java_class_path (initial): C:\Users\rogin\.gradle\wrapper\dists\gradle-8.13-bin\5xuhj0ry160q40clulazy9h7d\gradle-8.13\lib\gradle-daemon-main-8.13.jar
Launcher Type: SUN_STANDARD

[Global flags]
     intx CICompilerCount                          = 3                                         {product} {ergonomic}
   size_t CompressedClassSpaceSize                 = 436207616                                 {product} {ergonomic}
     uint ConcGCThreads                            = 1                                         {product} {ergonomic}
     uint G1ConcRefinementThreads                  = 4                                         {product} {ergonomic}
   size_t G1HeapRegionSize                         = 1048576                                   {product} {ergonomic}
   size_t InitialHeapSize                          = 132120576                                 {product} {ergonomic}
   size_t MarkStackSize                            = 4194304                                   {product} {ergonomic}
   size_t MarkStackSizeMax                         = 536870912                                 {product} {ergonomic}
   size_t MaxHeapSize                              = 2147483648                                {product} {command line}
   size_t MaxMetaspaceSize                         = 536870912                                 {product} {command line}
   size_t MaxNewSize                               = 1287651328                                {product} {ergonomic}
   size_t MinHeapDeltaBytes                        = 1048576                                   {product} {ergonomic}
   size_t MinHeapSize                              = 8388608                                   {product} {ergonomic}
    uintx NonNMethodCodeHeapSize                   = 5832704                                {pd product} {ergonomic}
    uintx NonProfiledCodeHeapSize                  = 122945536                              {pd product} {ergonomic}
    uintx ProfiledCodeHeapSize                     = 122880000                              {pd product} {ergonomic}
    uintx ReservedCodeCacheSize                    = 251658240                              {pd product} {ergonomic}
     bool SegmentedCodeCache                       = true                                      {product} {ergonomic}
   size_t SoftMaxHeapSize                          = 2147483648                             {manageable} {ergonomic}
     bool UseCompressedOops                        = true                           {product lp64_product} {ergonomic}
     bool UseG1GC                                  = true                                      {product} {ergonomic}
     bool UseLargePagesIndividualAllocation        = false                                  {pd product} {ergonomic}

Logging:
Log output configuration:
 #0: stdout all=warning uptime,level,tags foldmultilines=false
 #1: stderr all=off uptime,level,tags foldmultilines=false

Environment Variables:
JAVA_HOME=C:\Program Files\Java\jdk-23
PATH=C:\Program Files\Common Files\Oracle\Java\javapath;C:\Program Files (x86)\Common Files\Oracle\Java\java8path;C:\Program Files (x86)\Common Files\Oracle\Java\javapath;C:\Program Files\Zulu\zulu-22\bin\;C:\Windows\system32;C:\Windows;C:\Windows\System32\Wbem;C:\Windows\System32\WindowsPowerShell\v1.0\;C:\Windows\System32\OpenSSH\;C:\Program Files (x86)\NVIDIA Corporation\PhysX\Common;C:\Program Files (x86)\Yarn\bin;C:\Program Files\Microsoft SQL Server\120\Tools\Binn\;C:\Program Files\Common Files\Autodesk Shared\;C:\Program Files\nodejs\;C:\Program Files\Git\cmd;C:\Program Files\Tailscale\;C:\Program Files\Java\jdk-23\bin;C:\Program Files\Java\jdk-23\bin;C:\Users\rogin\AppData\Local\Programs\Python\Python312\Scripts\;C:\Users\rogin\AppData\Local\Programs\Python\Python312\;C:\Users\rogin\AppData\Local\Microsoft\WindowsApps;C:\Users\rogin\AppData\Local\Programs\Microsoft VS Code\bin;C:\Users\rogin\AppData\Local\Yarn\bin;C:\Program Files\JetBrains\IntelliJ IDEA Community Edition 2024.1.1\bin;;C:\Users\rogin\AppData\Local\Microsoft\WinGet\Links;C:\Users\rogin\AppData\Local\Microsoft\WinGet\Packages\Schniz.fnm_Microsoft.Winget.Source_8wekyb3d8bbwe;C:\Users\rogin\AppData\Roaming\npm;C:\Users\rogin\AppData\Local\Android\Sdk\tools;C:\Users\rogin\AppData\Local\Android\Sdk\platform-tools;
USERNAME=rogin
OS=Windows_NT
PROCESSOR_IDENTIFIER=Intel64 Family 6 Model 142 Stepping 9, GenuineIntel
TMP=C:\Users\rogin\AppData\Local\Temp
TEMP=C:\Users\rogin\AppData\Local\Temp




Periodic native trim disabled

---------------  S Y S T E M  ---------------

OS:
 Windows 11 , 64 bit Build 22621 (10.0.22621.5262)
OS uptime: 0 days 8:50 hours
Hyper-V role detected

CPU: total 4 (initial active 4) (2 cores per cpu, 2 threads per core) family 6 model 142 stepping 9 microcode 0xde, cx8, cmov, fxsr, ht, mmx, 3dnowpref, sse, sse2, sse3, ssse3, sse4.1, sse4.2, popcnt, lzcnt, tsc, tscinvbit, avx, avx2, aes, erms, clmul, bmi1, bmi2, adx, fma, vzeroupper, clflush, clflushopt, hv, rdtscp, f16c
Processor Information for the first 4 processors :
  Max Mhz: 2901, Current Mhz: 2900, Mhz Limit: 2871

Memory: 4k page, system-wide physical 8060M (96M free)
TotalPageFile size 22369M (AvailPageFile size 13M)
current process WorkingSet (physical memory assigned to process): 300M, peak: 300M
current process commit charge ("private bytes"): 445M, peak: 446M

vm_info: Java HotSpot(TM) 64-Bit Server VM (23+37-2369) for windows-amd64 JRE (23+37-2369), built on 2024-08-20T16:01:23Z with MS VC++ 17.6 (VS2022)

END.
